
10:50:00 653	======================= Launch planned 11:00 =====================
10:50:00 654	Sondes list :   0.7   0.7   0.7   0.7   X   0.7   0.7   0.6   0.6   0.6   0.6   0.6
10:50:00 654	Flowmeter : 23.6°C, 1.426 bar
10:50:00 654	Wind OK    (0.8 m/s   17°)
10:50:01 816	Radiosounding software connection
10:50:06 681	IR2010 --> STATION OK. PRESSION BARO=1012.1
10:50:06 681	IR2010 <-- 11404.0 MHz ?
10:50:15 821	IR2010 --> FREQUENCE LIBRE
10:50:15 821	IR2010 <-- 14SOL DD=351° :FF=1.1M/S :T=15.00°C :U=40.7%
10:50:15 821	Relaunch parameters 10min 300hPa
10:50:16 051	############## SONDE [ 1 ] 804213115   404.000 MHz ##############
10:50:16 051	Age sonde 0.7, balloon 0.7, position 08h
10:50:16 051	IR2010 <-- 12SONDE EN MARCHE EFFECTUE :SN=804213115 :TR=224Cx10 :TC=224Cx10 :KT=100042 :UR=35% :UC=41% :KU=6401
10:51:01 847	IR2010 --> FICHIERS CREES=c:\gpsonde\Data\2018\BA201811281051.cor
10:51:01 848	IR2010 --> SONDE 804213115 OK : 21.8°C 28.3% 6.0V
10:51:01 848	Camera: 20181128_1051_1.jpg
10:51:27 091	############## INFLATION 1100 l, Source 1, 1.426 bar #############
10:51:47 859	Balloon detection low     (54 l, 194 l/mn, 1.413 bar)
10:52:41 223	Balloon detection high    (225 l, 193 l/mn, 1.415 bar)
10:57:14 281	Inflation end [ 1 ]      (1100 l, 193.0 l/min, remaining 33.5 m3 / 0.0 m3)
10:58:18 365	Gas pressure 1.088 bar -> 1.539 bar  (+0.451 bar/min)
11:00:00 810	########################### LAUNCH ###############################
11:00:00 810	Roof opening
11:00:00 811	IR2010 <-- 17PING 
11:00:00 811	IR2010 --> PING LAST DATA SONDE 1s AGO, Alt=98.0m Ascent=0.0m/s Lat=41.384523 Lng=2.117504 T=22.0°C U=31.6% GpsTime=39616
11:00:15 735	Roof open
11:00:16 020	IR2010 <-- 14SOL DD=274° :FF=1.1M/S :T=16.06°C :U=37.7%
11:00:16 255	Balloon [ 1 ] release   (wind 1.1 m/s   274°)
11:00:16 255	IR2010 <-- 08LACHER EFFECTUE
11:00:17 231	Sonde [ 1 ] OUT
11:00:18 160	Balloon absence high
11:00:18 160	Balloon absence low 
11:00:25 115	Roof closure
11:00:41 026	Roof closed
11:00:41 543	IR2010 --> DEPART DETECTE
12:35:59 451	IR2010 --> SONDAGE OK 28813m 13.4hPa 5.0m/s
12:35:59 452	IR2010 <-- 16ARRET
12:35:59 497	======================= Radiosounding end ========================
12:35:59 497	Next launch : 28 nov. 23:00


22:50:00 247	======================= Launch planned 23:00 =====================
22:50:00 247	Sondes list :   X   1.2   1.2   1.2   X   1.2   1.2   1.1   1.1   1.1   1.1   1.1
22:50:00 247	Flowmeter : 23.3°C, 1.404 bar
22:50:00 247	Wind OK    (0.8 m/s   294°)
22:50:02 050	Radiosounding software connection
22:50:06 976	IR2010 --> STATION OK. PRESSION BARO=1011.5
22:50:06 976	IR2010 <-- 11404.0 MHz ?
22:50:16 116	IR2010 --> FREQUENCE LIBRE
22:50:16 116	IR2010 <-- 14SOL DD=296° :FF=0.8M/S :T=12.50°C :U=53.2%
22:50:16 116	Relaunch parameters 10min 300hPa
22:50:16 353	############## SONDE [ 2 ] 804213022   404.000 MHz ##############
22:50:16 353	Age sonde 1.2, balloon 1.2, position 01h
22:50:16 353	IR2010 <-- 12SONDE EN MARCHE EFFECTUE :SN=804213022 :TR=225Cx10 :TC=224Cx10 :KT=099518 :UR=35% :UC=42% :KU=6251
22:51:02 047	IR2010 --> FICHIERS CREES=c:\gpsonde\Data\2018\BA201811282251.cor
22:51:02 047	IR2010 --> SONDE 804213022 OK : 20.3°C 35.2% 6.0V
22:51:02 047	Camera: 20181128_2251_1.jpg
22:51:09 204	############## INFLATION 1100 l, Source 1, 1.404 bar #############
22:51:28 999	Balloon detection low     (52 l, 195 l/mn, 1.429 bar)
22:52:23 324	Balloon detection high    (227 l, 194 l/mn, 1.433 bar)
22:56:56 903	Inflation end [ 2 ]      (1103 l, 193.0 l/min, remaining 32.3 m3 / 0.0 m3)
22:58:01 796	Gas pressure 1.073 bar -> 1.537 bar  (+0.464 bar/min)
23:00:00 465	########################### LAUNCH ###############################
23:00:00 466	Roof opening
23:00:00 466	IR2010 <-- 17PING 
23:00:00 467	IR2010 --> PING LAST DATA SONDE 0s AGO, Alt=98.0m Ascent=0.0m/s Lat=41.384501 Lng=2.117469 T=18.9°C U=38.4% GpsTime=82816
23:00:15 771	Roof open
23:00:16 689	IR2010 <-- 14SOL DD=317° :FF=1.3M/S :T=12.54°C :U=53.2%
23:00:16 811	Balloon [ 2 ] release   (wind 1.3 m/s   317°)
23:00:16 811	IR2010 <-- 08LACHER EFFECTUE
23:00:17 788	Sonde [ 2 ] OUT
23:00:18 196	Balloon absence low 
23:00:18 681	Balloon absence high
23:00:24 771	Roof closure
23:00:40 569	Roof closed
23:00:50 675	IR2010 --> DEPART DETECTE
00:54:19 977	IR2010 --> SONDAGE OK 29929m 11.1hPa 4.5m/s
00:54:19 980	IR2010 <-- 16ARRET
00:54:20 035	======================= Radiosounding end ========================
00:54:20 036	Next launch : 29 nov. 11:00

