
10:50:00 718	======================= Launch planned 11:00 =====================
10:50:00 719	Sondes list :   3.8   3.8   3.8   2.0   2.0   X   X   X   X   3.8   3.8   3.8
10:50:00 719	Flowmeter : 24.5°C, 1.418 bar
10:50:00 719	Wind OK    (2.9 m/s   326°)
10:50:01 860	Radiosounding software connection
10:50:06 658	IR2010 --> STATION OK. PRESSION BARO=1006.2
10:50:06 658	IR2010 <-- 11404.0 MHz ?
10:50:15 798	IR2010 --> FREQUENCE LIBRE
10:50:15 798	IR2010 <-- 14SOL DD=323° :FF=3.0M/S :T=12.76°C :U=55.7%
10:50:15 798	Relaunch parameters 10min 300hPa
10:50:16 230	############## SONDE [ 1 ] 808210672   404.000 MHz ##############
10:50:16 230	Age sonde 3.8, balloon 3.8, position 04h
10:50:16 230	IR2010 <-- 12SONDE EN MARCHE EFFECTUE :SN=808210672 :TR=240Cx10 :TC=241Cx10 :KT=100434 :UR=49% :UC=48% :KU=0000
10:51:01 730	IR2010 --> FICHIERS CREES=c:\gpsonde\Data\2018\BA201811241051.cor
10:51:01 731	IR2010 --> SONDE 808210672 OK : 22.2°C 36.1% 5.7V
10:51:01 731	Camera: 20181124_1051_1.jpg
10:51:26 791	############## INFLATION 1100 l, Source 1, 1.418 bar #############
10:51:47 072	Balloon detection low     (54 l, 194 l/mn, 1.412 bar)
10:52:39 949	Balloon detection high    (224 l, 193 l/mn, 1.413 bar)
10:57:15 439	Inflation end [ 1 ]      (1102 l, 192.1 l/min, remaining 43.7 m3 / 0.0 m3)
10:58:19 388	Gas pressure 1.042 bar -> 1.529 bar  (+0.487 bar/min)
11:00:00 818	########################### LAUNCH ###############################
11:00:00 818	Roof opening
11:00:00 819	IR2010 <-- 17PING 
11:00:00 819	IR2010 --> PING LAST DATA SONDE 1s AGO, Alt=98.0m Ascent=0.0m/s Lat=41.384477 Lng=2.117522 T=22.3°C U=34.9% GpsTime=39616
11:00:16 394	Roof open
11:00:17 043	IR2010 <-- 14SOL DD=343° :FF=2.0M/S :T=13.16°C :U=55.4%
11:00:17 399	Balloon [ 1 ] release   (wind 2.0 m/s   342°)
11:00:17 399	IR2010 <-- 08LACHER EFFECTUE
11:00:18 375	Sonde [ 1 ] OUT
11:00:19 305	Balloon absence high
11:00:19 305	Balloon absence low 
11:00:26 139	Roof closure
11:00:42 161	Roof closed
11:00:44 504	IR2010 --> DEPART DETECTE
12:30:58 268	IR2010 --> SONDAGE OK 28052m 15.1hPa 5.1m/s
12:30:58 294	IR2010 <-- 16ARRET
12:30:58 346	======================= Radiosounding end ========================
12:30:58 346	Next launch : 24 nov. 23:00


22:50:00 255	======================= Launch planned 23:00 =====================
22:50:00 255	Sondes list :   X   4.3   4.3   2.5   2.5   X   X   X   X   4.3   4.3   4.3
22:50:00 255	Flowmeter : 23.5°C, 1.395 bar
22:50:00 255	Wind OK    (3.4 m/s   299°)
22:50:01 955	Radiosounding software connection
22:50:06 888	IR2010 --> STATION OK. PRESSION BARO=1002.9
22:50:06 888	IR2010 <-- 11404.0 MHz ?
22:50:16 028	IR2010 --> FREQUENCE LIBRE
22:50:16 028	IR2010 <-- 14SOL DD=299° :FF=3.2M/S :T=11.66°C :U=50.3%
22:50:16 028	Relaunch parameters 10min 300hPa
22:50:16 451	############## SONDE [ 2 ] 808210663   404.000 MHz ##############
22:50:16 451	Age sonde 4.3, balloon 4.3, position 01h
22:50:16 451	IR2010 <-- 12SONDE EN MARCHE EFFECTUE :SN=808210663 :TR=242Cx10 :TC=244Cx10 :KT=100665 :UR=50% :UC=48% :KU=0000
22:51:01 960	IR2010 --> FICHIERS CREES=c:\gpsonde\Data\2018\BA201811242251.cor
22:51:01 961	IR2010 --> SONDE 808210663 OK : 19.1°C 35.8% 5.7V
22:51:01 962	Camera: 20181124_2251_1.jpg
22:51:09 303	############## INFLATION 1100 l, Source 1, 1.396 bar #############
22:51:31 525	Balloon detection low     (61 l, 194 l/mn, 1.423 bar)
22:52:22 944	Balloon detection high    (225 l, 194 l/mn, 1.424 bar)
22:56:57 008	Inflation end [ 2 ]      (1102 l, 192.5 l/min, remaining 42.4 m3 / 0.0 m3)
22:58:01 818	Gas pressure 1.079 bar -> 1.527 bar  (+0.448 bar/min)
23:00:00 486	########################### LAUNCH ###############################
23:00:00 486	Roof opening
23:00:00 487	IR2010 <-- 17PING 
23:00:00 487	IR2010 --> PING LAST DATA SONDE 0s AGO, Alt=98.0m Ascent=0.0m/s Lat=41.384511 Lng=2.117503 T=18.6°C U=32.2% GpsTime=82816
23:00:15 876	Roof open
23:00:16 712	IR2010 <-- 14SOL DD=314° :FF=1.5M/S :T=11.73°C :U=50.0%
23:00:16 916	Balloon [ 2 ] release   (wind 1.5 m/s   314°)
23:00:16 916	IR2010 <-- 08LACHER EFFECTUE
23:00:17 892	Sonde [ 2 ] OUT
23:00:18 786	Balloon absence low 
23:00:19 271	Balloon absence high
23:00:25 807	Roof closure
23:00:41 644	Roof closed
23:00:58 544	IR2010 --> DEPART DETECTE
00:38:14 521	IR2010 --> SONDAGE OK 28878m 13.3hPa 5.1m/s
00:38:14 521	IR2010 <-- 16ARRET
00:38:14 584	======================= Radiosounding end ========================
00:38:14 584	Next launch : 25 nov. 11:00

