
10:50:00 932	======================= Launch planned 11:00 =====================
10:50:00 932	Sondes list :   X   3.9   3.9   0.7   0.7   3.9   3.9   3.9   0.7   0.7   0.7   0.7
10:50:00 932	Flowmeter : 15.1°C, 1.276 bar
10:50:00 932	Wind OK    (3.9 m/s   238°)
10:50:01 182	Radiosounding software connection
10:50:06 236	IR2010 --> STATION OK. PRESSION BARO=1005.2
10:50:06 236	IR2010 <-- 11404.0 MHz ?
10:50:16 376	IR2010 --> FREQUENCE LIBRE
10:50:16 376	IR2010 <-- 14SOL DD=231° :FF=3.7M/S :T=26.56°C :U=34.2%
10:50:16 376	Relaunch parameters 10min 300hPa
10:50:16 454	############## SONDE [ 2 ] 904213897   404.000 MHz ##############
10:50:16 454	Age sonde 3.9, balloon 3.9, position 01h
10:50:16 454	IR2010 <-- 12SONDE EN MARCHE EFFECTUE :SN=904213897 :TR=231Cx10 :TC=230Cx10 :KT=099641 :UR=44% :UC=47% :KU=0000
10:51:02 037	IR2010 --> FICHIERS CREES=c:\gpsonde\Data\2019\BA201906181051.cor
10:51:02 037	IR2010 --> SONDE 904213897 OK : 17.0°C 53.1% 5.9V
10:51:02 037	Camera: 20190618_1051_1.jpg
10:51:09 463	############## INFLATION 1000 l, Source 1, 1.276 bar #############
10:51:28 557	Balloon detection low     (47 l, 163 l/mn, 1.319 bar)
10:52:28 040	Balloon detection high    (210 l, 163 l/mn, 1.317 bar)
10:57:19 090	Inflation end [ 2 ]      (1002 l, 164.5 l/min, remaining 0.0 m3 / 0.0 m3)
10:58:23 861	Gas pressure 1.098 bar -> 1.382 bar  (+0.284 bar/min)
11:00:00 207	########################### LAUNCH ###############################
11:00:00 207	Roof opening
11:00:00 207	IR2010 <-- 17PING 
11:00:00 207	IR2010 --> PING LAST DATA SONDE 1s AGO, Alt=98.0m Ascent=-0.4m/s Lat=41.383877 Lng=2.117502 T=17.8°C U=52.6% GpsTime=39621
11:00:14 949	Roof open
11:00:15 417	IR2010 <-- 14SOL DD=211° :FF=5.1M/S :T=25.75°C :U=34.3%
11:00:15 682	Balloon [ 2 ] release   (wind 5.0 m/s   212°)
11:00:15 682	IR2010 <-- 08LACHER EFFECTUE
11:00:17 601	Sonde [ 2 ] OUT
11:00:18 147	Balloon absence low 
11:00:18 787	Balloon absence high
11:00:25 542	Roof closure
11:00:40 596	Roof closed
11:00:43 310	IR2010 --> DEPART DETECTE
12:51:14 648	IR2010 --> SONDAGE OK 27637m 17.7hPa 4.1m/s
12:51:14 648	IR2010 <-- 16ARRET
12:51:14 648	======================= Radiosounding end ========================
12:51:14 648	Next launch : 18 juny 23:00


22:50:00 653	======================= Launch planned 23:00 =====================
22:50:00 653	Sondes list :   X   X   4.4   1.2   1.2   4.4   4.4   4.4   1.2   1.2   1.2   1.2
22:50:00 653	Flowmeter : 20.5°C, 1.301 bar
22:50:00 653	Wind OK    (1.0 m/s   225°)
22:50:00 918	Radiosounding software connection
22:50:05 972	IR2010 --> STATION OK. PRESSION BARO=1004.5
22:50:05 972	IR2010 <-- 11404.0 MHz ?
22:50:16 112	IR2010 --> FREQUENCE LIBRE
22:50:16 112	IR2010 <-- 14SOL DD=238° :FF=0.9M/S :T=20.67°C :U=49.6%
22:50:16 112	Relaunch parameters 10min 300hPa
22:50:16 315	############## SONDE [ 3 ] 904213778   404.000 MHz ##############
22:50:16 315	Age sonde 4.4, balloon 4.4, position 01h
22:50:16 315	IR2010 <-- 12SONDE EN MARCHE EFFECTUE :SN=904213778 :TR=230Cx10 :TC=229Cx10 :KT=099791 :UR=45% :UC=48% :KU=0000
22:51:01 774	IR2010 --> FICHIERS CREES=c:\gpsonde\Data\2019\BA201906182251.cor
22:51:01 774	IR2010 --> SONDE 904213778 OK : 19.7°C 63.1% 5.7V
22:51:01 774	Camera: 20190618_2251_1.jpg
22:51:09 309	############## INFLATION 1000 l, Source 1, 1.302 bar #############
22:51:27 763	Balloon detection low     (47 l, 164 l/mn, 1.326 bar)
22:52:33 003	Balloon detection high    (223 l, 163 l/mn, 1.325 bar)
22:57:19 622	Inflation end [ 3 ]      (1003 l, 163.7 l/min, remaining 0.0 m3 / 0.0 m3)
22:58:23 582	Gas pressure 1.056 bar -> 1.389 bar  (+0.333 bar/min)
23:00:00 942	########################### LAUNCH ###############################
23:00:00 942	Roof opening
23:00:00 942	IR2010 <-- 17PING 
23:00:00 942	IR2010 --> PING LAST DATA SONDE 1s AGO, Alt=98.0m Ascent=0.0m/s Lat=41.384500 Lng=2.117422 T=19.5°C U=63.4% GpsTime=82823
23:00:15 434	Roof open
23:00:16 152	IR2010 <-- 14SOL DD=238° :FF=1.3M/S :T=20.52°C :U=50.3%
23:00:16 214	Balloon [ 3 ] release   (wind 1.3 m/s   238°)
23:00:16 214	IR2010 <-- 08LACHER EFFECTUE
23:00:17 493	Sonde [ 3 ] OUT
23:00:18 632	Balloon absence low 
23:00:19 272	Balloon absence high
23:00:26 276	Roof closure
23:00:42 360	Roof closed
23:01:03 451	IR2010 --> DEPART DETECTE
00:42:27 103	IR2010 --> SONDAGE OK 29005m 14.4hPa 4.7m/s
00:42:27 103	IR2010 <-- 16ARRET
00:42:27 119	======================= Radiosounding end ========================
00:42:27 119	Next launch : 19 juny 11:00

