
10:50:00 881	======================= Launch planned 11:00 =====================
10:50:00 881	Sondes list :   0.7   0.7   0.7   0.7   0.7   0.7   0.7   0.7   X   X   4.7   4.7
10:50:00 881	Flowmeter : 15.6°C, 1.274 bar
10:50:00 881	Wind OK    (0.9 m/s   273°)
10:50:01 131	Radiosounding software connection
10:50:06 185	IR2010 --> STATION OK. PRESSION BARO=1005.9
10:50:06 185	IR2010 <-- 11404.0 MHz ?
10:50:16 325	IR2010 --> FREQUENCE LIBRE
10:50:16 325	IR2010 <-- 14SOL DD=240° :FF=1.7M/S :T=26.41°C :U=41.1%
10:50:16 325	Relaunch parameters 10min 300hPa
10:50:16 372	############## SONDE [ 11 ] 904213830   404.000 MHz ##############
10:50:16 372	Age sonde 4.7, balloon 4.7, position 02h
10:50:16 372	IR2010 <-- 12SONDE EN MARCHE EFFECTUE :SN=904213830 :TR=218Cx10 :TC=219Cx10 :KT=100230 :UR=42% :UC=46% :KU=0000
10:50:54 889	IR2010 --> FICHIERS CREES=c:\gpsonde\Data\2019\BA201906221050.cor
10:50:54 889	IR2010 --> SONDE 904213830 OK : 16.1°C 61.2% 5.7V
10:50:54 889	Camera: 20190622_1050_1.jpg
10:51:09 038	############## INFLATION 1000 l, Source 1, 1.273 bar #############
10:51:41 564	Balloon detection low     (86 l, 163 l/mn, 1.358 bar)
10:52:32 732	Balloon detection high    (223 l, 163 l/mn, 1.358 bar)
10:57:22 924	Inflation end [ 11 ]      (1001 l, 160.7 l/min, remaining 0.1 m3 / 0.0 m3)
10:58:26 852	Gas pressure 1.042 bar -> 1.360 bar  (+0.318 bar/min)
11:00:00 156	########################### LAUNCH ###############################
11:00:00 156	Roof opening
11:00:00 156	IR2010 <-- 17PING 
11:00:00 156	IR2010 --> PING LAST DATA SONDE 0s AGO, Alt=98.0m Ascent=0.0m/s Lat=41.384498 Lng=2.117553 T=18.1°C U=59.8% GpsTime=39629
11:00:14 524	Roof open
11:00:15 366	IR2010 <-- 14SOL DD=220° :FF=4.8M/S :T=26.60°C :U=42.0%
11:00:15 678	Balloon [ 11 ] release   (wind 4.8 m/s   220°)
11:00:15 678	IR2010 <-- 08LACHER EFFECTUE
11:00:17 597	Sonde [ 11 ] OUT
11:00:18 361	Balloon absence low 
11:00:19 001	Balloon absence high
11:00:25 491	Roof closure
11:00:39 968	IR2010 --> DEPART DETECTE
11:00:40 779	Roof closed
11:30:04 331	IR2010 --> SONDAGE KO. CAUSE=Temperature faillure 6959m 431.7hPa 4.6m/s
11:30:04 331	            -------------------------------///-------------------------------
11:30:04 346	IR2010 <-- 11403.6 MHz ?
11:30:14 455	IR2010 --> FREQUENCE LIBRE
11:30:14 455	IR2010 <-- 14SOL DD=282° :FF=0.9M/S :T=27.20°C :U=38.7%
11:30:14 455	Relaunch parameters 10min 300hPa
11:30:14 985	############## SONDE [ 12 ] 904213804   403.600 MHz ##############
11:30:14 985	Age sonde 4.7, balloon 4.7, position 01h
11:30:14 985	IR2010 <-- 12SONDE EN MARCHE EFFECTUE :SN=904213804 :TR=217Cx10 :TC=218Cx10 :KT=100271 :UR=42% :UC=45% :KU=0000
11:30:54 048	IR2010 --> FICHIERS CREES=c:\gpsonde\Data\2019\BA201906221130.cor
11:30:54 048	IR2010 --> SONDE 904213804 OK : 17.2°C 58.6% 5.8V
11:30:54 048	Camera: 20190622_1130_1.jpg
11:31:02 410	############## INFLATION 1000 l, Source 1, 1.357 bar #############
11:31:22 783	Balloon detection low     (46 l, 160 l/mn, 1.349 bar)
11:32:27 383	Balloon detection high    (219 l, 160 l/mn, 1.350 bar)
11:37:20 819	Inflation end [ 12 ]      (1003 l, 161.6 l/min, remaining 0.0 m3 / 0.0 m3)
11:37:20 819	########################### LAUNCH ###############################
11:37:20 819	Roof opening
11:37:20 819	IR2010 <-- 17PING 
11:37:20 819	IR2010 --> PING LAST DATA SONDE 1s AGO, Alt=98.0m Ascent=0.0m/s Lat=41.384397 Lng=2.117479 T=17.8°C U=57.6% GpsTime=41869
11:37:35 031	Roof open
11:37:35 312	IR2010 <-- 14SOL DD=168° :FF=1.2M/S :T=26.76°C :U=39.9%
11:37:35 593	Balloon [ 12 ] release   (wind 1.2 m/s   168°)
11:37:35 593	IR2010 <-- 08LACHER EFFECTUE
11:37:39 430	Sonde [ 12 ] OUT
11:37:40 148	Balloon absence high
11:37:40 148	Balloon absence low 
11:37:46 450	Roof closure
11:38:01 317	Roof closed
11:38:02 924	IR2010 --> DEPART DETECTE
11:38:24 982	Gas pressure 1.059 bar -> 1.366 bar  (+0.307 bar/min)
13:06:15 030	IR2010 --> SONDAGE OK 24661m 28.0hPa 4.6m/s
13:06:15 030	IR2010 <-- 16ARRET
13:06:15 030	======================= Radiosounding end ========================
13:06:15 030	Next launch : 22 juny 23:00


22:50:00 602	======================= Launch planned 23:00 =====================
22:50:00 602	Sondes list :   1.2   1.2   1.2   1.2   1.2   1.2   1.2   1.2   X   X   X   X
22:50:00 602	Flowmeter : 20.6°C, 1.295 bar
22:50:00 602	Wind OK    (2.9 m/s   226°)
22:50:00 867	Radiosounding software connection
22:50:05 921	IR2010 --> STATION OK. PRESSION BARO=1005.9
22:50:05 921	IR2010 <-- 11404.0 MHz ?
22:50:16 062	IR2010 --> FREQUENCE LIBRE
22:50:16 062	IR2010 <-- 14SOL DD=222° :FF=2.9M/S :T=20.56°C :U=81.6%
22:50:16 062	Relaunch parameters 10min 300hPa
22:50:16 186	############## SONDE [ 1 ] 904213883   404.000 MHz ##############
22:50:16 186	Age sonde 1.2, balloon 1.2, position 01h
22:50:16 186	IR2010 <-- 12SONDE EN MARCHE EFFECTUE :SN=904213883 :TR=220Cx10 :TC=217Cx10 :KT=099020 :UR=60% :UC=64% :KU=0000
22:50:54 625	IR2010 --> FICHIERS CREES=c:\gpsonde\Data\2019\BA201906222250.cor
22:50:54 625	IR2010 --> SONDE 904213883 OK : 20.4°C 87.3% 6.0V
22:50:54 625	Camera: 20190622_2250_1.jpg
22:51:02 222	############## INFLATION 1000 l, Source 1, 1.294 bar #############
22:51:26 433	Balloon detection low     (63 l, 162 l/mn, 1.312 bar)
22:52:32 952	Balloon detection high    (244 l, 162 l/mn, 1.316 bar)
22:57:13 721	Inflation end [ 1 ]      (1001 l, 162.4 l/min, remaining 0.0 m3 / 0.0 m3)
22:58:18 461	Gas pressure 1.068 bar -> 1.385 bar  (+0.317 bar/min)
23:00:00 891	########################### LAUNCH ###############################
23:00:00 891	Roof opening
23:00:00 891	IR2010 <-- 17PING 
23:00:00 891	IR2010 --> PING LAST DATA SONDE 1s AGO, Alt=98.0m Ascent=0.0m/s Lat=41.384561 Lng=2.117471 T=20.1°C U=85.6% GpsTime=82830
23:00:15 383	Roof open
23:00:16 101	IR2010 <-- 14SOL DD=213° :FF=2.5M/S :T=20.47°C :U=82.1%
23:00:16 709	Balloon [ 1 ] release   (wind 2.5 m/s   213°)
23:00:16 709	IR2010 <-- 08LACHER EFFECTUE
23:00:17 989	Sonde [ 1 ] OUT
23:00:18 581	Balloon absence low 
23:00:19 221	Balloon absence high
23:00:26 225	Roof closure
23:00:42 309	Roof closed
23:00:45 086	IR2010 --> DEPART DETECTE
00:54:18 866	IR2010 --> SONDAGE OK 27233m 18.9hPa 4.0m/s
00:54:18 881	IR2010 <-- 16ARRET
00:54:18 897	======================= Radiosounding end ========================
00:54:18 897	Next launch : 23 juny 11:00

