
10:50:00 481	======================= Launch planned 11:00 =====================
10:50:00 481	Sondes list :   1.9   1.9   1.9   X   1.9   1.9   1.9   X   X   4.7   4.7   4.7
10:50:00 481	Flowmeter : 13.5°C, 1.274 bar
10:50:00 481	Wind OK    (4.8 m/s   221°)
10:50:00 949	Radiosounding software connection
10:50:06 004	IR2010 --> STATION OK. PRESSION BARO=1009.6
10:50:06 004	IR2010 <-- 11404.0 MHz ?
10:50:16 144	IR2010 --> FREQUENCE LIBRE
10:50:16 144	IR2010 <-- 14SOL DD=230° :FF=2.8M/S :T=24.21°C :U=40.1%
10:50:16 144	Relaunch parameters 10min 300hPa
10:50:16 752	############## SONDE [ 10 ] 809214519   404.000 MHz ##############
10:50:16 752	Age sonde 4.7, balloon 4.7, position 01h
10:50:16 752	IR2010 <-- 12SONDE EN MARCHE EFFECTUE :SN=809214519 :TR=221Cx10 :TC=222Cx10 :KT=100481 :UR=54% :UC=55% :KU=0000
10:51:04 847	IR2010 --> FICHIERS CREES=c:\gpsonde\Data\2019\BA201906021051.cor
10:51:04 847	IR2010 --> SONDE 809214519 OK : 15.0°C 55.1% 5.7V
10:51:04 847	Camera: 20190602_1051_1.jpg
10:51:12 616	############## INFLATION 1000 l, Source 1, 1.275 bar #############
10:51:29 792	Balloon detection low     (42 l, 163 l/mn, 1.362 bar)
10:52:47 183	Balloon detection high    (252 l, 163 l/mn, 1.364 bar)
10:57:23 257	Inflation end [ 10 ]      (1002 l, 164.2 l/min, remaining 0.0 m3 / 0.0 m3)
10:58:27 467	Gas pressure 1.054 bar -> 1.378 bar  (+0.324 bar/min)
11:00:00 770	########################### LAUNCH ###############################
11:00:00 770	Roof opening
11:00:00 770	IR2010 <-- 17PING 
11:00:00 770	IR2010 --> PING LAST DATA SONDE 1s AGO, Alt=98.0m Ascent=0.0m/s Lat=41.384461 Lng=2.117518 T=15.8°C U=56.9% GpsTime=39618
11:00:15 544	Roof open
11:00:15 981	IR2010 <-- 14SOL DD=214° :FF=7.5M/S :T=23.44°C :U=42.0%
11:00:16 651	Balloon [ 10 ] release   (wind 7.4 m/s   214°)
11:00:16 651	IR2010 <-- 08LACHER EFFECTUE
11:00:17 931	Sonde [ 10 ] OUT
11:00:18 742	Balloon absence low 
11:00:19 381	Balloon absence high
11:00:26 105	Roof closure
11:00:41 830	Roof closed
11:00:47 992	IR2010 --> DEPART DETECTE
13:07:32 912	IR2010 --> SONDAGE OK 30443m 11.5hPa 3.9m/s
13:07:32 927	IR2010 <-- 16ARRET
13:07:32 927	======================= Radiosounding end ========================
13:07:32 927	Next launch : 02 juny 23:00


22:50:00 202	======================= Launch planned 23:00 =====================
22:50:00 202	Sondes list :   2.4   2.4   2.4   X   2.4   2.4   2.4   X   X   X   5.2   5.2
22:50:00 202	Flowmeter : 19.1°C, 1.305 bar
22:50:00 202	Wind OK    (0.0 m/s   18°)
22:50:00 467	Radiosounding software connection
22:50:05 522	IR2010 --> STATION OK. PRESSION BARO=1008.7
22:50:05 522	IR2010 <-- 11404.0 MHz ?
22:50:15 662	IR2010 --> FREQUENCE LIBRE
22:50:15 662	IR2010 <-- 14SOL DD=354° :FF=0.2M/S :T=19.92°C :U=37.2%
22:50:15 662	Relaunch parameters 10min 300hPa
22:50:16 177	############## SONDE [ 11 ] 809214418   404.000 MHz ##############
22:50:16 177	Age sonde 5.2, balloon 5.2, position 01h
22:50:16 177	IR2010 <-- 12SONDE EN MARCHE EFFECTUE :SN=809214418 :TR=222Cx10 :TC=224Cx10 :KT=100926 :UR=56% :UC=57% :KU=0000
22:50:59 295	IR2010 --> FICHIERS CREES=c:\gpsonde\Data\2019\BA201906022250.cor
22:50:59 295	IR2010 --> SONDE 809214418 OK : 18.6°C 44.1% 5.6V
22:50:59 295	Camera: 20190602_2250_1.jpg
22:51:06 830	############## INFLATION 1000 l, Source 1, 1.304 bar #############
22:51:32 960	Balloon detection low     (64 l, 163 l/mn, 1.360 bar)
22:52:32 443	Balloon detection high    (227 l, 163 l/mn, 1.361 bar)
22:57:18 797	Inflation end [ 11 ]      (1003 l, 163.3 l/min, remaining 0.0 m3 / 0.0 m3)
22:58:23 131	Gas pressure 1.080 bar -> 1.378 bar  (+0.298 bar/min)
23:00:00 491	########################### LAUNCH ###############################
23:00:00 491	Roof opening
23:00:00 491	IR2010 <-- 17PING 
23:00:00 491	IR2010 --> PING LAST DATA SONDE 0s AGO, Alt=98.0m Ascent=0.0m/s Lat=41.384563 Lng=2.117474 T=18.9°C U=40.4% GpsTime=82819
23:00:15 514	Roof open
23:00:15 701	IR2010 <-- 14SOL DD=023° :FF=0.5M/S :T=19.70°C :U=37.8%
23:00:16 029	Balloon [ 11 ] release   (wind 0.5 m/s   23°)
23:00:16 029	IR2010 <-- 08LACHER EFFECTUE
23:00:18 587	Sonde [ 11 ] OUT
23:00:19 352	Balloon absence low 
23:00:19 991	Balloon absence high
23:00:26 840	Roof closure
23:00:42 440	Roof closed
23:01:02 127	IR2010 --> DEPART DETECTE
00:29:14 701	IR2010 --> SONDAGE OK 22416m 39.1hPa 4.2m/s
00:29:14 717	IR2010 <-- 16ARRET
00:29:14 717	======================= Radiosounding end ========================
00:29:14 717	Next launch : 03 juny 11:00

