
10:50:00 730	======================= Launch planned 11:00 =====================
10:50:00 730	Sondes list :   X   2.9   2.9   2.9   2.9   2.9   2.9   2.9   X   X   X   X
10:50:00 730	Flowmeter : 14.4°C, 1.269 bar
10:50:00 730	Wind OK    (1.3 m/s   226°)
10:50:01 042	Radiosounding software connection
10:50:06 096	IR2010 --> STATION OK. PRESSION BARO=1002.3
10:50:06 096	IR2010 <-- 11404.0 MHz ?
10:50:16 236	IR2010 --> FREQUENCE LIBRE
10:50:16 236	IR2010 <-- 14SOL DD=216° :FF=2.7M/S :T=26.56°C :U=32.9%
10:50:16 236	Relaunch parameters 10min 300hPa
10:50:16 314	############## SONDE [ 2 ] 904213826   404.000 MHz ##############
10:50:16 314	Age sonde 2.9, balloon 2.9, position 01h
10:50:16 314	IR2010 <-- 12SONDE EN MARCHE EFFECTUE :SN=904213826 :TR=232Cx10 :TC=229Cx10 :KT=098755 :UR=51% :UC=55% :KU=0000
10:51:01 897	IR2010 --> FICHIERS CREES=c:\gpsonde\Data\2019\BA201906101051.cor
10:51:01 897	IR2010 --> SONDE 904213826 OK : 16.7°C 53.4% 5.8V
10:51:01 897	Camera: 20190610_1051_1.jpg
10:51:09 323	############## INFLATION 1000 l, Source 1, 1.268 bar #############
10:51:31 616	Balloon detection low     (58 l, 164 l/mn, 1.321 bar)
10:52:29 819	Balloon detection high    (216 l, 164 l/mn, 1.320 bar)
10:57:16 392	Inflation end [ 2 ]      (1000 l, 165.1 l/min, remaining 11.2 m3 / 0.0 m3)
10:58:20 617	Gas pressure 1.067 bar -> 1.385 bar  (+0.318 bar/min)
11:00:00 005	########################### LAUNCH ###############################
11:00:00 005	Roof opening
11:00:00 005	IR2010 <-- 17PING 
11:00:00 005	IR2010 --> PING LAST DATA SONDE 1s AGO, Alt=98.0m Ascent=0.0m/s Lat=41.384481 Lng=2.117530 T=15.7°C U=56.5% GpsTime=39619
11:00:14 809	Roof open
11:00:15 215	IR2010 <-- 14SOL DD=209° :FF=2.2M/S :T=26.12°C :U=32.5%
11:00:15 542	Balloon [ 2 ] release   (wind 2.1 m/s   209°)
11:00:15 542	IR2010 <-- 08LACHER EFFECTUE
11:00:17 461	Sonde [ 2 ] OUT
11:00:18 647	Balloon absence high
11:00:18 647	Balloon absence low 
11:00:25 339	Roof closure
11:00:40 456	Roof closed
11:00:42 219	IR2010 --> DEPART DETECTE
12:48:10 958	IR2010 --> SONDAGE OK 28319m 15.8hPa 4.4m/s
12:48:10 973	IR2010 <-- 16ARRET
12:48:10 973	======================= Radiosounding end ========================
12:48:10 973	Next launch : 10 juny 23:00


22:50:00 450	======================= Launch planned 23:00 =====================
22:50:00 450	Sondes list :   X   X   3.4   3.4   3.4   3.4   3.4   3.4   X   X   X   X
22:50:00 450	Flowmeter : 21.7°C, 1.306 bar
22:50:00 450	Wind OK    (0.8 m/s   18°)
22:50:00 716	Radiosounding software connection
22:50:05 770	IR2010 --> STATION OK. PRESSION BARO=1003.5
22:50:05 770	IR2010 <-- 11404.0 MHz ?
22:50:15 910	IR2010 --> FREQUENCE LIBRE
22:50:15 910	IR2010 <-- 14SOL DD=027° :FF=0.8M/S :T=18.89°C :U=76.2%
22:50:15 910	Relaunch parameters 10min 300hPa
22:50:16 175	############## SONDE [ 3 ] 904213797   404.000 MHz ##############
22:50:16 175	Age sonde 3.4, balloon 3.4, position 01h
22:50:16 175	IR2010 <-- 12SONDE EN MARCHE EFFECTUE :SN=904213797 :TR=231Cx10 :TC=229Cx10 :KT=099088 :UR=52% :UC=50% :KU=0000
22:51:02 585	IR2010 --> FICHIERS CREES=c:\gpsonde\Data\2019\BA201906102251.cor
22:51:02 585	IR2010 --> SONDE 904213797 OK : 20.7°C 73.4% 5.9V
22:51:02 585	Camera: 20190610_2251_1.jpg
22:51:09 808	############## INFLATION 1000 l, Source 1, 1.305 bar #############
22:51:25 705	Balloon detection low     (38 l, 170 l/mn, 1.339 bar)
22:52:32 863	Balloon detection high    (221 l, 164 l/mn, 1.326 bar)
22:52:36 700	Balloon absence high    (232 l, 164 l/mn, 1.326 bar)
22:52:44 376	Balloon detection high    (255 l, 164 l/mn, 1.326 bar)
22:57:18 842	Inflation end [ 3 ]      (1002 l, 163.8 l/min, remaining 10.0 m3 / 0.0 m3)
22:58:23 380	Gas pressure 1.067 bar -> 1.392 bar  (+0.325 bar/min)
23:00:00 740	########################### LAUNCH ###############################
23:00:00 740	Roof opening
23:00:00 740	IR2010 <-- 17PING 
23:00:00 740	IR2010 --> PING LAST DATA SONDE 0s AGO, Alt=98.0m Ascent=0.0m/s Lat=41.384507 Lng=2.117444 T=20.4°C U=73.8% GpsTime=82821
23:00:15 934	Roof open
23:00:15 950	IR2010 <-- 14SOL DD=125° :FF=0.9M/S :T=18.85°C :U=76.9%
23:00:16 074	Balloon [ 3 ] release   (wind 0.9 m/s   125°)
23:00:16 074	IR2010 <-- 08LACHER EFFECTUE
23:00:17 354	Sonde [ 3 ] OUT
23:00:18 492	Balloon absence high
23:00:18 492	Balloon absence low 
23:00:25 060	Roof closure
23:00:40 286	IR2010 --> DEPART DETECTE
23:00:41 549	Roof closed
00:44:05 243	IR2010 --> SONDAGE OK 25438m 24.5hPa 4.1m/s
00:44:05 259	IR2010 <-- 16ARRET
00:44:05 259	======================= Radiosounding end ========================
00:44:05 259	Next launch : 11 juny 11:00

