
10:50:00 875	======================= Launch planned 11:00 =====================
10:50:00 875	Sondes list :   1.9   1.9   1.8   1.8   X   X   X   4.8   4.8   1.8   1.8   1.8
10:50:00 875	Flowmeter : 22.8°C, 1.304 bar
10:50:00 875	Wind OK    (2.6 m/s   263°)
10:50:01 140	Radiosounding software connection
10:50:06 194	IR2010 --> STATION OK. PRESSION BARO=993.1
10:50:06 194	IR2010 <-- 11404.0 MHz ?
10:50:16 334	IR2010 --> FREQUENCE LIBRE
10:50:16 334	IR2010 <-- 14SOL DD=265° :FF=2.8M/S :T=12.94°C :U=31.4%
10:50:16 334	Relaunch parameters 10min 300hPa
10:50:16 537	############## SONDE [ 8 ] 810211133   404.000 MHz ##############
10:50:16 537	Age sonde 4.8, balloon 4.8, position 01h
10:50:16 537	IR2010 <-- 12SONDE EN MARCHE EFFECTUE :SN=810211133 :TR=217Cx10 :TC=217Cx10 :KT=100045 :UR=44% :UC=42% :KU=6393
10:50:57 940	IR2010 --> FICHIERS CREES=c:\gpsonde\Data\2019\BA201904041050.cor
10:50:57 940	IR2010 --> SONDE 810211133 OK : 21.3°C 25.0% 5.7V
10:50:57 940	Camera: 20190404_1050_1.jpg
10:51:05 428	############## INFLATION 1100 l, Source 1, 1.306 bar #############
10:51:23 882	Balloon detection low     (46 l, 165 l/mn, 1.365 bar)
10:52:31 041	Balloon detection high    (230 l, 165 l/mn, 1.365 bar)
10:57:51 153	Inflation end [ 8 ]      (1102 l, 163.9 l/min, remaining 0.0 m3 / 0.0 m3)
10:58:55 254	Gas pressure 1.035 bar -> 1.384 bar  (+0.349 bar/min)
11:00:00 165	########################### LAUNCH ###############################
11:00:00 165	Roof opening
11:00:00 165	IR2010 <-- 17PING 
11:00:00 165	IR2010 --> PING LAST DATA SONDE 0s AGO, Alt=98.0m Ascent=0.0m/s Lat=41.384474 Lng=2.117494 T=21.5°C U=18.6% GpsTime=39625
11:00:15 391	Roof open
11:00:16 389	IR2010 <-- 14SOL DD=282° :FF=2.4M/S :T=12.78°C :U=29.6%
11:00:17 045	Balloon [ 8 ] release   (wind 2.4 m/s   282°)
11:00:17 045	IR2010 <-- 08LACHER EFFECTUE
11:00:18 324	Sonde [ 8 ] OUT
11:00:19 229	Balloon absence high
11:00:19 229	Balloon absence low 
11:00:25 500	Roof closure
11:00:41 037	Roof closed
11:00:59 867	IR2010 --> DEPART DETECTE
12:03:51 329	IR2010 --> SONDAGE OK 17464m 80.3hPa 4.6m/s
12:03:51 345	IR2010 <-- 16ARRET
12:03:51 345	======================= Radiosounding end ========================
12:03:51 345	Next launch : 04 abr 23:00


22:50:00 595	======================= Launch planned 23:00 =====================
22:50:00 595	Sondes list :   2.4   2.4   2.3   2.3   X   X   X   X   5.3   2.3   2.3   2.3
22:50:00 595	Flowmeter : 21.9°C, 1.276 bar
22:50:00 595	Wind OK    (1.3 m/s   275°)
22:50:00 861	Radiosounding software connection
22:50:05 915	IR2010 --> STATION OK. PRESSION BARO=993.9
22:50:05 915	IR2010 <-- 11404.0 MHz ?
22:50:16 055	IR2010 --> FREQUENCE LIBRE
22:50:16 055	IR2010 <-- 14SOL DD=269° :FF=1.4M/S :T=10.92°C :U=48.6%
22:50:16 055	Relaunch parameters 10min 300hPa
22:50:16 149	############## SONDE [ 9 ] 810211140   404.000 MHz ##############
22:50:16 149	Age sonde 5.3, balloon 5.3, position 01h
22:50:16 149	IR2010 <-- 12SONDE EN MARCHE EFFECTUE :SN=810211140 :TR=219Cx10 :TC=221Cx10 :KT=100968 :UR=44% :UC=46% :KU=0000
22:50:57 660	IR2010 --> FICHIERS CREES=c:\gpsonde\Data\2019\BA201904042250.cor
22:50:57 660	IR2010 --> SONDE 810211140 OK : 18.8°C 32.6% 5.5V
22:50:57 660	Camera: 20190404_2250_1.jpg
22:51:04 992	############## INFLATION 1100 l, Source 1, 1.276 bar #############
22:51:17 051	Balloon detection low     (28 l, 191 l/mn, 1.458 bar)
22:52:29 326	Balloon detection high    (228 l, 166 l/mn, 1.369 bar)
22:57:48 846	Inflation end [ 9 ]      (1102 l, 164.5 l/min, remaining 0.0 m3 / 0.0 m3)
22:58:52 931	Gas pressure 1.027 bar -> 1.384 bar  (+0.357 bar/min)
23:00:00 884	########################### LAUNCH ###############################
23:00:00 884	Roof opening
23:00:00 884	IR2010 <-- 17PING 
23:00:00 884	IR2010 --> PING LAST DATA SONDE 1s AGO, Alt=98.0m Ascent=0.0m/s Lat=41.384521 Lng=2.117448 T=18.1°C U=29.2% GpsTime=82826
23:00:16 235	Roof open
23:00:17 108	IR2010 <-- 14SOL DD=221° :FF=1.1M/S :T=10.96°C :U=49.2%
23:00:17 296	Balloon [ 9 ] release   (wind 1.1 m/s   221°)
23:00:17 296	IR2010 <-- 08LACHER EFFECTUE
23:00:18 575	Sonde [ 9 ] OUT
23:00:20 072	Balloon absence high
23:00:20 072	Balloon absence low 
23:00:26 219	Roof closure
23:00:41 881	Roof closed
23:00:47 014	IR2010 --> DEPART DETECTE
00:08:43 098	IR2010 --> SONDAGE OK 18572m 68.2hPa 4.6m/s
00:08:43 098	IR2010 <-- 16ARRET
00:08:43 114	======================= Radiosounding end ========================
00:08:43 114	Next launch : 05 abr 11:00

