
10:50:00 544	======================= Launch planned 11:00 =====================
10:50:00 544	Sondes list :   2.0   2.0   2.0   2.0   2.0   2.0   2.0   X   X   X   5.8   X
10:50:00 544	Flowmeter : 20.2°C, 1.291 bar
10:50:00 544	Wind OK    (1.2 m/s   55°)
10:50:00 825	Radiosounding software connection
10:50:05 880	IR2010 --> STATION OK. PRESSION BARO=1004.7
10:50:05 880	IR2010 <-- 11404.0 MHz ?
10:50:16 020	IR2010 --> FREQUENCE LIBRE
10:50:16 020	IR2010 <-- 14SOL DD=073° :FF=1.5M/S :T=15.79°C :U=63.3%
10:50:16 020	Relaunch parameters 10min 300hPa
10:50:16 425	############## SONDE [ 11 ] 810211136   404.000 MHz ##############
10:50:16 425	Age sonde 5.8, balloon 5.8, position 11h
10:50:16 425	IR2010 <-- 12SONDE EN MARCHE EFFECTUE :SN=810211136 :TR=215Cx10 :TC=219Cx10 :KT=101453 :UR=43% :UC=41% :KU=0000
10:51:30 057	IR2010 --> FICHIERS CREES=c:\gpsonde\Data\2019\BA201904141051.cor
10:51:30 073	IR2010 --> SONDE 810211136 OK : 20.7°C 37.3% 5.7V
10:51:30 073	Camera: 20190414_1051_1.jpg
10:51:37 795	############## INFLATION 1100 l, Source 1, 1.289 bar #############
10:51:58 808	Balloon detection low     (52 l, 164 l/mn, 1.365 bar)
10:53:01 489	Balloon detection high    (224 l, 164 l/mn, 1.366 bar)
10:58:23 661	Inflation end [ 11 ]      (1102 l, 164.4 l/min, remaining 0.0 m3 / 0.0 m3)
10:59:28 370	Gas pressure 1.095 bar -> 1.384 bar  (+0.289 bar/min)
11:00:00 833	########################### LAUNCH ###############################
11:00:00 833	Roof opening
11:00:00 833	IR2010 <-- 17PING 
11:00:00 833	IR2010 --> PING LAST DATA SONDE 1s AGO, Alt=98.0m Ascent=-0.1m/s Lat=41.384463 Lng=2.117515 T=21.3°C U=54.7% GpsTime=39618
11:00:15 778	Roof open
11:00:16 044	IR2010 <-- 14SOL DD=100° :FF=2.0M/S :T=15.88°C :U=64.7%
11:00:16 293	Balloon [ 11 ] release   (wind 2.0 m/s   100°)
11:00:16 293	IR2010 <-- 08LACHER EFFECTUE
11:00:17 572	Sonde [ 11 ] OUT
11:00:18 337	Balloon absence low 
11:00:18 976	Balloon absence high
11:00:25 154	Roof closure
11:00:40 785	Roof closed
11:00:44 061	IR2010 --> DEPART DETECTE
12:19:49 246	IR2010 --> SONDAGE OK 12070m 197.1hPa 3.2m/s
12:19:49 262	IR2010 <-- 16ARRET
12:19:49 262	======================= Radiosounding end ========================
12:19:49 262	Next launch : 14 abr 23:00


22:50:00 265	======================= Launch planned 23:00 =====================
22:50:00 265	Sondes list :   2.5   2.5   2.5   2.5   2.5   2.5   2.5   X   X   X   X   X
22:50:00 265	Flowmeter : 21.2°C, 1.286 bar
22:50:00 265	Wind OK    (0.6 m/s   56°)
22:50:00 499	Radiosounding software connection
22:50:05 569	IR2010 --> STATION OK. PRESSION BARO=1007.5
22:50:05 569	IR2010 <-- 11404.0 MHz ?
22:50:15 709	IR2010 --> FREQUENCE LIBRE
22:50:15 709	IR2010 <-- 14SOL DD=046° :FF=0.4M/S :T=13.66°C :U=74.3%
22:50:15 709	Relaunch parameters 10min 300hPa
22:50:15 850	############## SONDE [ 1 ] 810211004   404.000 MHz ##############
22:50:15 850	Age sonde 2.5, balloon 2.5, position 02h
22:50:15 850	IR2010 <-- 12SONDE EN MARCHE EFFECTUE :SN=810211004 :TR=219Cx10 :TC=224Cx10 :KT=101914 :UR=32% :UC=30% :KU=0000
22:50:58 328	IR2010 --> FICHIERS CREES=c:\gpsonde\Data\2019\BA201904142250.cor
22:50:58 328	IR2010 --> SONDE 810211004 OK : 20.2°C 50.9% 5.8V
22:50:58 328	Camera: 20190414_2250_1.jpg
22:51:12 197	############## INFLATION 1100 l, Source 1, 1.286 bar #############
22:51:29 372	Balloon detection low     (45 l, 167 l/mn, 1.326 bar)
22:52:33 333	Balloon detection high    (222 l, 166 l/mn, 1.325 bar)
22:57:53 118	Inflation end [ 1 ]      (1103 l, 165.3 l/min, remaining 0.0 m3 / 0.0 m3)
22:58:57 670	Gas pressure 1.080 bar -> 1.401 bar  (+0.321 bar/min)
23:00:00 554	########################### LAUNCH ###############################
23:00:00 554	Roof opening
23:00:00 554	IR2010 <-- 17PING 
23:00:00 554	IR2010 --> PING LAST DATA SONDE 0s AGO, Alt=98.0m Ascent=0.0m/s Lat=41.384470 Lng=2.117498 T=18.6°C U=53.5% GpsTime=82819
23:00:15 764	Roof open
23:00:16 778	IR2010 <-- 14SOL DD=016° :FF=1.8M/S :T=13.79°C :U=73.2%
23:00:17 090	Balloon [ 1 ] release   (wind 1.8 m/s   16°)
23:00:17 090	IR2010 <-- 08LACHER EFFECTUE
23:00:18 369	Sonde [ 1 ] OUT
23:00:19 602	Balloon absence high
23:00:19 602	Balloon absence low 
23:00:25 889	Roof closure
23:00:41 411	Roof closed
23:00:43 158	IR2010 --> DEPART DETECTE
00:44:08 084	IR2010 --> SONDAGE OK 28629m 14.4hPa 4.6m/s
00:44:08 100	IR2010 <-- 16ARRET
00:44:08 100	======================= Radiosounding end ========================
00:44:08 116	Next launch : 15 abr 11:00

