
10:50:00 997	======================= Launch planned 11:00 =====================
10:50:00 997	Sondes list :   X   X   X   2.8   2.8   2.8   2.8   2.8   2.8   X   X   X
10:50:00 997	Flowmeter : 17.7°C, 1.295 bar
10:50:00 997	Wind OK    (0.4 m/s   186°)
10:50:01 247	Radiosounding software connection
10:50:06 317	IR2010 --> STATION OK. PRESSION BARO=1004.3
10:50:06 317	IR2010 <-- 11404.0 MHz ?
10:50:16 457	IR2010 --> FREQUENCE LIBRE
10:50:16 457	IR2010 <-- 14SOL DD=202° :FF=0.7M/S :T=17.22°C :U=60.2%
10:50:16 457	Relaunch parameters 10min 300hPa
10:50:16 831	############## SONDE [ 4 ] 810211097   404.000 MHz ##############
10:50:16 831	Age sonde 2.8, balloon 2.8, position 01h
10:50:16 831	IR2010 <-- 12SONDE EN MARCHE EFFECTUE :SN=810211097 :TR=216Cx10 :TC=218Cx10 :KT=100807 :UR=37% :UC=38% :KU=0000
10:51:03 132	IR2010 --> FICHIERS CREES=c:\gpsonde\Data\2019\BA201904021051.cor
10:51:03 132	IR2010 --> SONDE 810211097 OK : 19.1°C 57.2% 5.8V
10:51:03 132	Camera: 20190402_1051_1.jpg
10:51:10 417	############## INFLATION 1100 l, Source 1, 1.294 bar #############
10:51:29 511	Balloon detection low     (47 l, 166 l/mn, 1.366 bar)
10:52:28 355	Balloon detection high    (209 l, 165 l/mn, 1.375 bar)
10:57:52 757	Inflation end [ 4 ]      (1100 l, 164.8 l/min, remaining 0.0 m3 / 0.0 m3)
10:58:57 388	Gas pressure 1.073 bar -> 1.392 bar  (+0.319 bar/min)
11:00:00 272	########################### LAUNCH ###############################
11:00:00 272	Roof opening
11:00:00 272	IR2010 <-- 17PING 
11:00:00 272	IR2010 --> PING LAST DATA SONDE 1s AGO, Alt=98.0m Ascent=0.0m/s Lat=41.384489 Lng=2.117517 T=18.5°C U=58.7% GpsTime=39621
11:00:14 624	Roof open
11:00:15 482	IR2010 <-- 14SOL DD=193° :FF=3.1M/S :T=17.55°C :U=58.8%
11:00:16 090	Balloon [ 4 ] release   (wind 3.2 m/s   194°)
11:00:16 090	IR2010 <-- 08LACHER EFFECTUE
11:00:17 370	Sonde [ 4 ] OUT
11:00:18 462	Balloon absence high
11:00:18 462	Balloon absence low 
11:00:24 592	Roof closure
11:00:40 270	Roof closed
11:00:54 451	IR2010 --> DEPART DETECTE
12:41:17 512	IR2010 --> SONDAGE OK 28240m 15.4hPa 4.7m/s
12:41:17 512	IR2010 <-- 16ARRET
12:41:17 512	======================= Radiosounding end ========================
12:41:17 512	Next launch : 02 abr 23:00

14:11:59 129	Chargement/loading [ 1 ]
14:13:18 284	GC value sonde ON: 43.9%
14:13:22 278	GC value sonde OFF: 43.8%
14:13:41 871	Balloon detection low 
14:13:45 709	Balloon absence low 
14:13:48 907	Balloon detection low 
14:13:50 826	Balloon absence low 
14:17:10 475	Door open
14:19:52 996	Chargement/Loading [ 1 ] 810211134 6.0V 6444Hz TR=219Cx10:TC=222Cx10:KT=101106:UR=44%:UC=45%:KU=0000
14:19:54 431	Chargement/loading [ 2 ]
14:21:31 026	GC value sonde ON: 42.5%
14:21:35 082	GC value sonde OFF: 42.5%
14:24:20 458	Chargement/Loading [ 2 ] 810211138 6.0V 6474Hz TR=219Cx10:TC=221Cx10:KT=100969:UR=42%:UC=43%:KU=0000
14:24:27 088	Chargement/loading [ 3 ]
14:25:43 981	GC value sonde ON: 41.2%
14:25:48 645	GC value sonde OFF: 41.3%
14:28:26 440	Chargement/Loading [ 3 ] 810211102 6.2V 6567Hz TR=217Cx10:TC=220Cx10:KT=101189:UR=41%:UC=43%:KU=0000
14:28:30 074	Chargement/loading [ 4 ]
14:30:15 999	GC value sonde ON: 40.5%
14:30:20 445	GC value sonde OFF: 40.6%
14:32:35 026	Chargement/Loading [ 4 ] 810211098 6.1V 6556Hz TR=216Cx10:TC=214Cx10:KT=099114:UR=41%:UC=42%:KU=0000
14:33:16 912	Chargement/loading [ 10 ]
14:33:58 985	GC value sonde ON: 40.3%
14:34:03 431	GC value sonde OFF: 40.4%
14:36:14 955	Chargement/Loading [ 10 ] 810211111 6.1V 6445Hz TR=215Cx10:TC=215Cx10:KT=099867:UR=40%:UC=42%:KU=0000
14:36:15 844	Chargement/loading [ 11 ]
14:36:51 865	Test sonde [ 11 ] 205212114 : 18.9°C 51.1% 6.0V
14:37:36 746	Test sonde [ 11 ] 205212114 : Absence                                 < ERROR
14:37:54 015	Test sonde [ 11 ] 205212114 : Absence                                 < ERROR
14:38:27 462	Test sonde [ 11 ] 205212114 : 20.2°C 58.0% 6.0V
14:39:50 891	Chargement/loading [ 11 ]
14:40:33 073	GC value sonde ON: 46.6%
14:40:36 880	GC value sonde OFF: 46.5%
14:42:14 333	Chargement/Loading [ 11 ] 205212114 5.9V 6388Hz TR=216Cx10:TC=215Cx10:KT=099475:UR=47%:UC=49%:KU=0000
14:42:19 185	Chargement/loading [ 12 ]
14:43:53 986	GC value sonde ON: 48.9%
14:43:58 682	GC value sonde OFF: 48.7%
14:45:02 189	Chargement/Loading [ 12 ] 810210986 6.1V 6463Hz TR=218Cx10:TC=216Cx10:KT=099333:UR=49%:UC=51%:KU=0000
14:45:02 876	Door closed

22:50:00 714	======================= Launch planned 23:00 =====================
22:50:00 714	Sondes list :   0.4   0.4   0.3   0.3   3.3   3.3   3.3   3.3   3.3   0.3   0.3   0.3
22:50:00 714	Flowmeter : 21.5°C, 1.298 bar
22:50:00 714	Wind OK    (0.6 m/s   109°)
22:50:01 089	Radiosounding software connection
22:50:06 143	IR2010 --> STATION OK. PRESSION BARO=1002.7
22:50:06 143	IR2010 <-- 11404.0 MHz ?
22:50:15 285	IR2010 --> FREQUENCE LIBRE
22:50:15 285	IR2010 <-- 14SOL DD=107° :FF=0.7M/S :T=13.77°C :U=83.3%
22:50:15 285	Relaunch parameters 10min 300hPa
22:50:15 425	############## SONDE [ 5 ] 810211125   404.000 MHz ##############
22:50:15 425	Age sonde 3.3, balloon 3.3, position 10h
22:50:15 425	IR2010 <-- 12SONDE EN MARCHE EFFECTUE :SN=810211125 :TR=215Cx10 :TC=213Cx10 :KT=099375 :UR=37% :UC=38% :KU=0000
22:51:00 946	IR2010 --> FICHIERS CREES=c:\gpsonde\Data\2019\BA201904022251.cor
22:51:00 946	IR2010 --> SONDE 810211125 OK : 19.9°C 58.5% 5.7V
22:51:00 946	Camera: 20190402_2251_1.jpg
22:52:04 594	############## INFLATION 1100 l, Source 1, 1.298 bar #############
22:52:28 805	Balloon detection low     (63 l, 166 l/mn, 1.324 bar)
22:53:19 334	Balloon detection high    (204 l, 166 l/mn, 1.325 bar)
22:58:45 702	Inflation end [ 5 ]      (1101 l, 165.2 l/min, remaining 0.0 m3 / 0.0 m3)
22:59:49 834	Gas pressure 1.082 bar -> 1.402 bar  (+0.320 bar/min)
23:00:01 003	########################### LAUNCH ###############################
23:00:01 003	Roof opening
23:00:01 003	IR2010 <-- 17PING 
23:00:01 003	IR2010 --> PING LAST DATA SONDE 0s AGO, Alt=98.0m Ascent=0.0m/s Lat=41.384506 Lng=2.117448 T=18.9°C U=60.3% GpsTime=82823
23:00:16 354	Roof open
23:00:17 227	IR2010 <-- 14SOL DD=103° :FF=1.2M/S :T=13.73°C :U=83.5%
23:00:17 867	Balloon [ 5 ] release   (wind 1.2 m/s   102°)
23:00:17 867	IR2010 <-- 08LACHER EFFECTUE
23:00:19 146	Sonde [ 5 ] OUT
23:00:20 191	Balloon absence high
23:00:20 191	Balloon absence low 
23:00:26 338	Roof closure
23:00:42 000	Roof closed
23:00:45 588	IR2010 --> DEPART DETECTE
00:15:47 163	IR2010 --> SONDAGE OK 21024m 46.6hPa 4.6m/s
00:15:47 163	IR2010 <-- 16ARRET
00:15:47 179	======================= Radiosounding end ========================
00:15:47 179	Next launch : 03 abr 11:00

