
10:50:00 622	======================= Launch planned 11:00 =====================
10:50:00 622	Sondes list :   1.9   X   X   1.9   1.9   1.9   1.9   X   X   4.8   4.8   4.8
10:50:00 622	Flowmeter : 13.1°C, 1.277 bar
10:50:00 622	Wind OK    (0.7 m/s   273°)
10:50:00 871	Radiosounding software connection
10:50:05 941	IR2010 --> STATION OK. PRESSION BARO=1005.0
10:50:05 941	IR2010 <-- 11404.0 MHz ?
10:50:16 081	IR2010 --> FREQUENCE LIBRE
10:50:16 081	IR2010 <-- 14SOL DD=268° :FF=0.6M/S :T=24.36°C :U=35.3%
10:50:16 081	Relaunch parameters 10min 300hPa
10:50:16 658	############## SONDE [ 10 ] 809214495   404.000 MHz ##############
10:50:16 658	Age sonde 4.8, balloon 4.8, position 01h
10:50:16 658	IR2010 <-- 12SONDE EN MARCHE EFFECTUE :SN=809214495 :TR=210Cx10 :TC=211Cx10 :KT=100226 :UR=42% :UC=43% :KU=0000
10:51:00 729	IR2010 --> FICHIERS CREES=c:\gpsonde\Data\2019\BA201905261051.cor
10:51:00 729	IR2010 --> SONDE 809214495 OK : 17.3°C 45.7% 5.6V
10:51:00 729	Camera: 20190526_1051_1.jpg
10:51:08 045	############## INFLATION 1000 l, Source 1, 1.276 bar #############
10:51:32 896	Balloon detection low     (64 l, 164 l/mn, 1.365 bar)
10:52:27 262	Balloon detection high    (211 l, 164 l/mn, 1.366 bar)
10:57:14 848	Inflation end [ 10 ]      (1002 l, 165.9 l/min, remaining 0.0 m3 / 0.0 m3)
10:58:19 495	Gas pressure 1.096 bar -> 1.382 bar  (+0.286 bar/min)
11:00:00 911	########################### LAUNCH ###############################
11:00:00 911	Roof opening
11:00:00 911	IR2010 <-- 17PING 
11:00:00 911	IR2010 --> PING LAST DATA SONDE 1s AGO, Alt=98.0m Ascent=0.0m/s Lat=41.384495 Lng=2.117477 T=17.5°C U=46.1% GpsTime=39618
11:00:15 450	Roof open
11:00:16 121	IR2010 <-- 14SOL DD=146° :FF=0.9M/S :T=25.26°C :U=33.7%
11:00:16 558	Balloon [ 10 ] release   (wind 0.9 m/s   146°)
11:00:16 558	IR2010 <-- 08LACHER EFFECTUE
11:00:17 837	Sonde [ 10 ] OUT
11:00:18 648	Balloon absence low 
11:00:19 288	Balloon absence high
11:00:26 245	Roof closure
11:00:41 096	Roof closed
11:00:56 026	IR2010 --> DEPART DETECTE
12:46:23 334	IR2010 --> SONDAGE OK 28866m 14.4hPa 4.5m/s
12:46:23 334	IR2010 <-- 16ARRET
12:46:23 334	======================= Radiosounding end ========================
12:46:23 334	Next launch : 26 maig 23:00


22:50:00 436	======================= Launch planned 23:00 =====================
22:50:00 436	Sondes list :   2.4   X   X   2.4   2.4   2.4   2.4   X   X   X   5.3   5.3
22:50:00 436	Flowmeter : 19.6°C, 1.302 bar
22:50:00 436	Wind OK    (1.5 m/s   259°)
22:50:00 810	Radiosounding software connection
22:50:05 849	IR2010 --> STATION OK. PRESSION BARO=1003.8
22:50:05 849	IR2010 <-- 11404.0 MHz ?
22:50:14 991	IR2010 --> FREQUENCE LIBRE
22:50:14 991	IR2010 <-- 14SOL DD=261° :FF=1.5M/S :T=17.75°C :U=56.5%
22:50:14 991	Relaunch parameters 10min 300hPa
22:50:15 131	############## SONDE [ 11 ] 809214500   404.000 MHz ##############
22:50:15 131	Age sonde 5.3, balloon 5.3, position 01h
22:50:15 131	IR2010 <-- 12SONDE EN MARCHE EFFECTUE :SN=809214500 :TR=209Cx10 :TC=211Cx10 :KT=100895 :UR=42% :UC=39% :KU=6393
22:50:58 624	IR2010 --> FICHIERS CREES=c:\gpsonde\Data\2019\BA201905262250.cor
22:50:58 624	IR2010 --> SONDE 809214500 OK : 19.0°C 66.4% 5.7V
22:50:58 624	Camera: 20190526_2250_1.jpg
22:51:06 424	############## INFLATION 1000 l, Source 1, 1.301 bar #############
22:51:29 996	Balloon detection low     (58 l, 165 l/mn, 1.367 bar)
22:52:23 722	Balloon detection high    (206 l, 165 l/mn, 1.369 bar)
22:57:13 274	Inflation end [ 11 ]      (1001 l, 165.2 l/min, remaining 0.0 m3 / 0.0 m3)
22:58:17 281	Gas pressure 1.046 bar -> 1.385 bar  (+0.339 bar/min)
23:00:00 725	########################### LAUNCH ###############################
23:00:00 725	Roof opening
23:00:00 725	IR2010 <-- 17PING 
23:00:00 725	IR2010 --> PING LAST DATA SONDE 1s AGO, Alt=98.0m Ascent=0.0m/s Lat=41.384460 Lng=2.117483 T=18.9°C U=64.4% GpsTime=82819
23:00:15 748	Roof open
23:00:15 935	IR2010 <-- 14SOL DD=354° :FF=0.2M/S :T=17.99°C :U=55.3%
23:00:16 263	Balloon [ 11 ] release   (wind 0.2 m/s   354°)
23:00:16 263	IR2010 <-- 08LACHER EFFECTUE
23:00:18 821	Sonde [ 11 ] OUT
23:00:20 225	Balloon absence high
23:00:20 225	Balloon absence low 
23:00:27 073	Roof closure
23:00:41 129	IR2010 --> DEPART DETECTE
23:00:42 642	Roof closed
00:41:03 832	IR2010 --> SONDAGE OK 25656m 23.3hPa 4.3m/s
00:41:03 847	IR2010 <-- 16ARRET
00:41:03 847	======================= Radiosounding end ========================
00:41:03 847	Next launch : 27 maig 11:00

