
10:50:00 174	======================= Launch planned 11:00 =====================
10:50:00 174	Sondes list :   0.9   0.8   0.8   X   4.9   4.9   4.9   0.8   0.8   0.8   0.8   0.8
10:50:00 174	Flowmeter : 13.5°C, 1.283 bar
10:50:00 174	Wind OK    (3.0 m/s   198°)
10:50:00 502	Radiosounding software connection
10:50:05 556	IR2010 --> STATION OK. PRESSION BARO=1008.2
10:50:05 556	IR2010 <-- 11404.0 MHz ?
10:50:14 698	IR2010 --> FREQUENCE LIBRE
10:50:14 698	IR2010 <-- 14SOL DD=208° :FF=3.1M/S :T=21.51°C :U=55.8%
10:50:14 698	Relaunch parameters 10min 300hPa
10:50:14 916	############## SONDE [ 5 ] 809214504   404.000 MHz ##############
10:50:14 916	Age sonde 4.9, balloon 4.9, position 01h
10:50:14 916	IR2010 <-- 12SONDE EN MARCHE EFFECTUE :SN=809214504 :TR=228Cx10 :TC=231Cx10 :KT=101017 :UR=52% :UC=52% :KU=0000
10:51:01 373	IR2010 --> FICHIERS CREES=c:\gpsonde\Data\2019\BA201905221051.cor
10:51:01 373	IR2010 --> SONDE 809214504 OK : 16.7°C 55.2% 5.7V
10:51:01 373	Camera: 20190522_1051_1.jpg
10:51:09 064	############## INFLATION 1100 l, Source 1, 1.283 bar #############
10:51:40 950	Balloon detection low     (84 l, 166 l/mn, 1.325 bar)
10:52:25 083	Balloon detection high    (205 l, 166 l/mn, 1.324 bar)
10:57:48 253	Inflation end [ 5 ]      (1101 l, 167.3 l/min, remaining 0.0 m3 / 0.0 m3)
10:58:52 510	Gas pressure 1.073 bar -> 1.397 bar  (+0.324 bar/min)
11:00:00 463	########################### LAUNCH ###############################
11:00:00 463	Roof opening
11:00:00 463	IR2010 <-- 17PING 
11:00:00 463	IR2010 --> PING LAST DATA SONDE 1s AGO, Alt=98.0m Ascent=0.0m/s Lat=41.384516 Lng=2.117495 T=17.1°C U=58.9% GpsTime=39623
11:00:15 190	Roof open
11:00:15 673	IR2010 <-- 14SOL DD=218° :FF=1.9M/S :T=21.59°C :U=53.0%
11:00:16 063	Balloon [ 5 ] release   (wind 1.9 m/s   218°)
11:00:16 063	IR2010 <-- 08LACHER EFFECTUE
11:00:17 343	Sonde [ 5 ] OUT
11:00:18 388	Balloon absence low 
11:00:19 027	Balloon absence high
11:00:25 798	Roof closure
11:00:41 476	Roof closed
11:00:44 611	IR2010 --> DEPART DETECTE
12:46:11 795	IR2010 --> SONDAGE OK 27979m 16.3hPa 4.4m/s
12:46:11 795	IR2010 <-- 16ARRET
12:46:11 811	======================= Radiosounding end ========================
12:46:11 811	Next launch : 22 maig 23:00


22:50:00 909	======================= Launch planned 23:00 =====================
22:50:00 909	Sondes list :   1.4   1.3   1.3   X   X   5.4   5.4   1.3   1.3   1.3   1.3   1.3
22:50:00 909	Flowmeter : 20.9°C, 1.318 bar
22:50:00 909	Wind OK    (1.7 m/s   224°)
22:50:01 174	Radiosounding software connection
22:50:06 229	IR2010 --> STATION OK. PRESSION BARO=1008.4
22:50:06 229	IR2010 <-- 11404.0 MHz ?
22:50:16 369	IR2010 --> FREQUENCE LIBRE
22:50:16 369	IR2010 <-- 14SOL DD=224° :FF=1.7M/S :T=16.28°C :U=80.3%
22:50:16 369	Relaunch parameters 10min 300hPa
22:50:16 743	############## SONDE [ 6 ] 810211137   404.000 MHz ##############
22:50:16 743	Age sonde 5.4, balloon 5.4, position 01h
22:50:16 743	IR2010 <-- 12SONDE EN MARCHE EFFECTUE :SN=810211137 :TR=228Cx10 :TC=225Cx10 :KT=098988 :UR=52% :UC=53% :KU=0000
22:50:58 988	IR2010 --> FICHIERS CREES=c:\gpsonde\Data\2019\BA201905222250.cor
22:50:58 988	IR2010 --> SONDE 810211137 OK : 19.5°C 72.0% 5.7V
22:50:58 988	Camera: 20190522_2250_1.jpg
22:52:08 564	############## INFLATION 1100 l, Source 1, 1.318 bar #############
22:52:43 648	Balloon detection low     (92 l, 166 l/mn, 1.351 bar)
22:52:48 126	Balloon absence low     (103 l, 166 l/mn, 1.351 bar)
22:52:50 044	Balloon detection low     (109 l, 166 l/mn, 1.351 bar)
22:53:29 700	Balloon detection high    (219 l, 166 l/mn, 1.353 bar)
22:58:49 719	Inflation end [ 6 ]      (1100 l, 165.5 l/min, remaining 0.0 m3 / 0.0 m3)
22:59:54 084	Gas pressure 1.056 bar -> 1.397 bar  (+0.341 bar/min)
23:00:00 184	########################### LAUNCH ###############################
23:00:00 184	Roof opening
23:00:00 184	IR2010 <-- 17PING 
23:00:00 184	IR2010 --> PING LAST DATA SONDE 1s AGO, Alt=98.0m Ascent=0.0m/s Lat=41.384484 Lng=2.117486 T=19.0°C U=74.0% GpsTime=82824
23:00:15 207	Roof open
23:00:15 394	IR2010 <-- 14SOL DD=219° :FF=1.6M/S :T=16.39°C :U=79.1%
23:00:15 488	Balloon [ 6 ] release   (wind 1.6 m/s   219°)
23:00:15 488	IR2010 <-- 08LACHER EFFECTUE
23:00:16 767	Sonde [ 6 ] OUT
23:00:17 765	Balloon absence high
23:00:18 405	Balloon absence low 
23:00:24 504	Roof closure
23:00:40 214	Roof closed
23:00:51 711	IR2010 --> DEPART DETECTE
00:39:12 655	IR2010 --> SONDAGE OK 27012m 18.8hPa 4.5m/s
00:39:12 655	IR2010 <-- 16ARRET
00:39:12 671	======================= Radiosounding end ========================
00:39:12 671	Next launch : 23 maig 11:00

