
10:50:00 759	======================= Launch planned 11:00 =====================
10:50:00 759	Sondes list :   2.8   2.8   X   X   X   X   X   2.8   2.8   2.8   2.8   2.8
10:50:00 759	Flowmeter : 14.2°C, 1.278 bar
10:50:00 759	Wind OK    (2.3 m/s   96°)
10:50:00 993	Radiosounding software connection
10:50:06 063	IR2010 --> STATION OK. PRESSION BARO=1003.2
10:50:06 063	IR2010 <-- 11404.0 MHz ?
10:50:16 203	IR2010 --> FREQUENCE LIBRE
10:50:16 203	IR2010 <-- 14SOL DD=096° :FF=2.5M/S :T=20.98°C :U=45.5%
10:50:16 203	Relaunch parameters 10min 300hPa
10:50:16 250	############## SONDE [ 1 ] 810210751   404.000 MHz ##############
10:50:16 250	Age sonde 2.8, balloon 2.8, position 06h
10:50:16 250	IR2010 <-- 12SONDE EN MARCHE EFFECTUE :SN=810210751 :TR=214Cx10 :TC=214Cx10 :KT=100054 :UR=53% :UC=54% :KU=0000
10:50:56 794	IR2010 --> FICHIERS CREES=c:\gpsonde\Data\2019\BA201905101050.cor
10:50:56 794	IR2010 --> SONDE 810210751 OK : 16.5°C 46.2% 5.4V
10:50:56 794	Camera: 20190510_1050_1.jpg
10:51:34 608	############## INFLATION 1100 l, Source 1, 1.278 bar #############
10:51:58 820	Balloon detection low     (63 l, 165 l/mn, 1.313 bar)
10:53:07 257	Balloon detection high    (252 l, 165 l/mn, 1.311 bar)
10:58:16 824	Inflation end [ 1 ]      (1103 l, 165.3 l/min, remaining 0.0 m3 / 0.0 m3)
10:59:21 486	Gas pressure 1.081 bar -> 1.383 bar  (+0.302 bar/min)
11:00:00 034	########################### LAUNCH ###############################
11:00:00 034	Roof opening
11:00:00 034	IR2010 <-- 17PING 
11:00:00 034	IR2010 --> PING LAST DATA SONDE 0s AGO, Alt=98.0m Ascent=0.0m/s Lat=41.384510 Lng=2.117509 T=16.8°C U=54.0% GpsTime=39627
11:00:14 526	Roof open
11:00:15 244	IR2010 <-- 14SOL DD=082° :FF=2.4M/S :T=21.18°C :U=48.0%
11:00:15 852	Balloon [ 1 ] release   (wind 2.4 m/s   82°)
11:00:15 852	IR2010 <-- 08LACHER EFFECTUE
11:00:17 771	Sonde [ 1 ] OUT
11:00:18 364	Balloon absence low 
11:00:19 003	Balloon absence high
11:00:25 368	Roof closure
11:00:41 452	Roof closed
11:00:42 934	IR2010 --> DEPART DETECTE
12:49:12 794	IR2010 --> SONDAGE OK 30165m 11.6hPa 4.6m/s
12:49:12 794	IR2010 <-- 16ARRET
12:49:12 794	======================= Radiosounding end ========================
12:49:12 794	Next launch : 10 maig 23:00

13:27:03 487	Door open
13:29:01 221	Chargement/loading [ 1 ]
13:36:10 565	GC value sonde ON: 42.6%
13:36:15 135	GC value sonde OFF: 42.4%
13:38:10 732	Chargement/Loading [ 1 ] 810211210 6.2V 6506Hz TR=210Cx10:TC=212Cx10:KT=100898:UR=42%:UC=45%:KU=0000
13:38:13 384	Chargement/loading [ 3 ]
13:42:07 540	GC value sonde ON: 42.0%
13:42:12 111	GC value sonde OFF: 42.0%
13:44:07 145	Chargement/Loading [ 3 ] 810211209 6.2V 6494Hz TR=209Cx10:TC=211Cx10:KT=100691:UR=42%:UC=41%:KU=0000
13:44:53 306	Chargement/loading [ 4 ]
13:45:50 542	GC value sonde ON: 43.4%
13:45:55 207	GC value sonde OFF: 43.5%
13:47:24 221	Chargement/Loading [ 4 ] 810211122 6.1V 6440Hz TR=209Cx10:TC=208Cx10:KT=099662:UR=43%:UC=45%:KU=0000
13:47:26 592	Chargement/loading [ 5 ]
13:48:19 523	GC value sonde ON: 42.0%
13:48:24 265	GC value sonde OFF: 41.9%
13:50:45 133	Chargement/Loading [ 5 ] 810211123 6.1V 6491Hz TR=209Cx10:TC=210Cx10:KT=100356:UR=42%:UC=44%:KU=0000
13:50:51 997	Chargement/loading [ 6 ]
13:51:45 521	GC value sonde ON: 42.2%
13:51:50 107	GC value sonde OFF: 42.2%
13:53:27 030	Chargement/Loading [ 6 ] 810211211 6.1V 6509Hz TR=209Cx10:TC=207Cx10:KT=099139:UR=42%:UC=44%:KU=0000
13:53:29 979	Chargement/loading [ 7 ]
13:54:23 534	GC value sonde ON: 44.8%
13:54:27 247	GC value sonde OFF: 42.4%
13:55:32 470	Chargement/Loading [ 7 ] 810211128 6.1V 6570Hz TR=209Cx10:TC=209Cx10:KT=099902:UR=42%:UC=41%:KU=0000
13:56:11 096	Door closed

22:50:00 479	======================= Launch planned 23:00 =====================
22:50:00 479	Sondes list :   0.4   3.3   0.4   0.4   0.4   0.4   0.4   3.3   3.3   3.3   3.3   3.3
22:50:00 479	Flowmeter : 19.1°C, 1.300 bar
22:50:00 479	Wind OK    (0.7 m/s   7°)
22:50:00 729	Radiosounding software connection
22:50:05 783	IR2010 --> STATION OK. PRESSION BARO=1005.5
22:50:05 783	IR2010 <-- 11404.0 MHz ?
22:50:15 923	IR2010 --> FREQUENCE LIBRE
22:50:15 923	IR2010 <-- 14SOL DD=006° :FF=0.9M/S :T=17.57°C :U=68.0%
22:50:15 923	Relaunch parameters 10min 300hPa
22:50:16 220	############## SONDE [ 2 ] 810210750   404.000 MHz ##############
22:50:16 220	Age sonde 3.3, balloon 3.3, position 12h
22:50:16 220	IR2010 <-- 12SONDE EN MARCHE EFFECTUE :SN=810210750 :TR=215Cx10 :TC=218Cx10 :KT=101197 :UR=54% :UC=55% :KU=0000
22:50:56 499	IR2010 --> FICHIERS CREES=c:\gpsonde\Data\2019\BA201905102250.cor
22:50:56 499	IR2010 --> SONDE 810210750 OK : 18.0°C 73.8% 5.7V
22:50:56 499	Camera: 20190510_2250_1.jpg
22:51:00 259	############## INFLATION 1100 l, Source 1, 1.298 bar #############
22:51:27 028	Balloon detection low     (67 l, 166 l/mn, 1.336 bar)
22:52:22 674	Balloon detection high    (221 l, 165 l/mn, 1.340 bar)
22:57:43 145	Inflation end [ 2 ]      (1102 l, 164.8 l/min, remaining 0.0 m3 / 0.0 m3)
22:58:47 745	Gas pressure 1.079 bar -> 1.398 bar  (+0.319 bar/min)
23:00:00 768	########################### LAUNCH ###############################
23:00:00 768	Roof opening
23:00:00 768	IR2010 <-- 17PING 
23:00:00 768	IR2010 --> PING LAST DATA SONDE 1s AGO, Alt=98.0m Ascent=0.0m/s Lat=41.384526 Lng=2.117506 T=18.2°C U=75.1% GpsTime=82828
23:00:15 978	Roof open
23:00:16 992	IR2010 <-- 14SOL DD=038° :FF=1.0M/S :T=17.71°C :U=67.7%
23:00:17 351	Balloon [ 2 ] release   (wind 1.0 m/s   38°)
23:00:17 351	IR2010 <-- 08LACHER EFFECTUE
23:00:21 189	Sonde [ 2 ] OUT
23:00:22 374	Balloon absence low 
23:00:23 014	Balloon absence high
23:00:29 145	Roof closure
23:00:44 074	IR2010 --> DEPART DETECTE
23:00:44 792	Roof closed
00:40:05 952	IR2010 --> SONDAGE OK 27131m 18.3hPa 4.6m/s
00:40:05 952	IR2010 <-- 16ARRET
00:40:05 983	======================= Radiosounding end ========================
00:40:05 983	Next launch : 11 maig 11:00

