
10:50:00 651	======================= Launch planned 11:00 =====================
10:50:00 651	Sondes list :   0.9   X   X   0.9   0.9   0.9   0.9   3.8   3.8   3.8   3.8   3.8
10:50:00 651	Flowmeter : 21.7°C, 1.320 bar
10:50:00 651	Wind OK    (3.4 m/s   315°)
10:50:00 901	Radiosounding software connection
10:50:05 955	IR2010 --> STATION OK. PRESSION BARO=1005.9
10:50:05 955	IR2010 <-- 11404.0 MHz ?
10:50:16 095	IR2010 --> FREQUENCE LIBRE
10:50:16 095	IR2010 <-- 14SOL DD=325° :FF=3.2M/S :T=18.80°C :U=61.1%
10:50:16 095	Relaunch parameters 10min 300hPa
10:50:16 532	############## SONDE [ 8 ] 809214463   404.000 MHz ##############
10:50:16 532	Age sonde 3.8, balloon 3.8, position 06h
10:50:16 532	IR2010 <-- 12SONDE EN MARCHE EFFECTUE :SN=809214463 :TR=212Cx10 :TC=210Cx10 :KT=099250 :UR=44% :UC=47% :KU=0000
10:50:54 658	IR2010 --> FICHIERS CREES=c:\gpsonde\Data\2019\BA201905251050.cor
10:50:54 658	IR2010 --> SONDE 809214463 OK : 21.4°C 65.7% 5.7V
10:50:54 658	Camera: 20190525_1050_1.jpg
10:51:33 315	############## INFLATION 1000 l, Source 1, 1.318 bar #############
10:52:00 085	Balloon detection low     (68 l, 165 l/mn, 1.373 bar)
10:52:55 730	Balloon detection high    (221 l, 164 l/mn, 1.373 bar)
10:57:41 304	Inflation end [ 8 ]      (1002 l, 164.6 l/min, remaining 0.0 m3 / 0.0 m3)
10:58:45 888	Gas pressure 1.059 bar -> 1.391 bar  (+0.332 bar/min)
11:00:00 940	########################### LAUNCH ###############################
11:00:00 940	Roof opening
11:00:00 940	IR2010 <-- 17PING 
11:00:00 940	IR2010 --> PING LAST DATA SONDE 1s AGO, Alt=98.0m Ascent=0.0m/s Lat=41.384514 Lng=2.117506 T=21.0°C U=69.6% GpsTime=39629
11:00:16 415	Roof open
11:00:17 164	IR2010 <-- 14SOL DD=346° :FF=3.2M/S :T=18.45°C :U=67.1%
11:00:17 429	Balloon [ 8 ] release   (wind 3.2 m/s   346°)
11:00:17 429	IR2010 <-- 08LACHER EFFECTUE
11:00:18 709	Sonde [ 8 ] OUT
11:00:19 613	Balloon absence high
11:00:19 613	Balloon absence low 
11:00:26 275	Roof closure
11:00:42 062	Roof closed
11:00:43 154	IR2010 --> DEPART DETECTE
12:29:56 725	IR2010 --> SONDAGE OK 20512m 52.0hPa 3.8m/s
12:29:56 725	IR2010 <-- 16ARRET
12:29:56 740	======================= Radiosounding end ========================
12:29:56 740	Next launch : 25 maig 23:00


22:50:00 372	======================= Launch planned 23:00 =====================
22:50:00 372	Sondes list :   1.4   X   X   1.4   1.4   1.4   1.4   X   4.3   4.3   4.3   4.3
22:50:00 372	Flowmeter : 20.2°C, 1.289 bar
22:50:00 372	Wind OK    (1.9 m/s   2°)
22:50:00 621	Radiosounding software connection
22:50:05 676	IR2010 --> STATION OK. PRESSION BARO=1006.0
22:50:05 676	IR2010 <-- 11404.0 MHz ?
22:50:14 817	IR2010 --> FREQUENCE LIBRE
22:50:14 817	IR2010 <-- 14SOL DD=001° :FF=2.0M/S :T=18.14°C :U=69.9%
22:50:14 817	Relaunch parameters 10min 300hPa
22:50:14 927	############## SONDE [ 9 ] 809214464   404.000 MHz ##############
22:50:14 927	Age sonde 4.3, balloon 4.3, position 01h
22:50:14 927	IR2010 <-- 12SONDE EN MARCHE EFFECTUE :SN=809214464 :TR=211Cx10 :TC=213Cx10 :KT=100907 :UR=43% :UC=43% :KU=0000
22:50:54 395	IR2010 --> FICHIERS CREES=c:\gpsonde\Data\2019\BA201905252250.cor
22:50:54 395	IR2010 --> SONDE 809214464 OK : 19.5°C 75.0% 5.6V
22:50:54 395	Camera: 20190525_2250_1.jpg
22:51:01 852	############## INFLATION 1000 l, Source 1, 1.289 bar #############
22:51:27 982	Balloon detection low     (67 l, 165 l/mn, 1.371 bar)
22:52:24 267	Balloon detection high    (223 l, 165 l/mn, 1.372 bar)
22:57:08 608	Inflation end [ 9 ]      (1002 l, 165.0 l/min, remaining 0.0 m3 / 0.0 m3)
22:58:13 161	Gas pressure 1.091 bar -> 1.392 bar  (+0.301 bar/min)
23:00:00 661	########################### LAUNCH ###############################
23:00:00 661	Roof opening
23:00:00 661	IR2010 <-- 17PING 
23:00:00 661	IR2010 --> PING LAST DATA SONDE 0s AGO, Alt=98.0m Ascent=0.0m/s Lat=41.384454 Lng=2.117495 T=19.2°C U=78.3% GpsTime=82830
23:00:15 653	Roof open
23:00:15 871	IR2010 <-- 14SOL DD=315° :FF=0.5M/S :T=18.17°C :U=65.2%
23:00:16 074	Balloon [ 9 ] release   (wind 0.5 m/s   315°)
23:00:16 074	IR2010 <-- 08LACHER EFFECTUE
23:00:17 353	Sonde [ 9 ] OUT
23:00:18 211	Balloon absence low 
23:00:18 851	Balloon absence high
23:00:24 981	Roof closure
23:00:40 659	Roof closed
23:00:55 245	IR2010 --> DEPART DETECTE
00:53:27 936	IR2010 --> SONDAGE OK 30430m 11.4hPa 4.6m/s
00:53:27 951	IR2010 <-- 16ARRET
00:53:27 951	======================= Radiosounding end ========================
00:53:27 951	Next launch : 26 maig 11:00

