
10:50:00 312	======================= Launch planned 11:00 =====================
10:50:00 313	Sondes list :   X   2.8   X   X   X   X   2.8   2.8   2.8   2.8   2.8   2.8
10:50:00 313	Flowmeter : 24.1°C, 1.403 bar
10:50:00 313	Wind OK    (2.9 m/s   319°)
10:50:01 437	Radiosounding software connection
10:50:06 279	IR2010 --> STATION OK. PRESSION BARO=1005.2
10:50:06 279	IR2010 <-- 11404.0 MHz ?
10:50:15 419	IR2010 --> FREQUENCE LIBRE
10:50:15 419	IR2010 <-- 14SOL DD=324° :FF=2.5M/S :T=12.28°C :U=62.6%
10:50:15 419	Relaunch parameters 10min 300hPa
10:50:15 830	############## SONDE [ 2 ] 808210372   404.000 MHz ##############
10:50:15 830	Age sonde 2.8, balloon 2.8, position 01h
10:50:15 830	IR2010 <-- 12SONDE EN MARCHE EFFECTUE :SN=808210372 :TR=241Cx10 :TC=245Cx10 :KT=101361 :UR=37% :UC=35% :KU=0000
10:51:02 419	IR2010 --> FICHIERS CREES=c:\gpsonde\Data\2018\BA201812141051.cor
10:51:02 420	IR2010 --> SONDE 808210372 OK : 20.4°C 42.1% 5.8V
10:51:02 420	Camera: 20181214_1051_1.jpg
10:51:09 655	############## INFLATION 1100 l, Source 1, 1.403 bar #############
10:51:30 421	Balloon detection low     (55 l, 189 l/mn, 1.418 bar)
10:52:26 199	Balloon detection high    (229 l, 190 l/mn, 1.423 bar)
10:57:03 177	Inflation end [ 2 ]      (1102 l, 190.6 l/min, remaining 0.0 m3 / 0.0 m3)
10:58:07 855	Gas pressure 1.070 bar -> 1.525 bar  (+0.455 bar/min)
11:00:00 439	########################### LAUNCH ###############################
11:00:00 439	Roof opening
11:00:00 440	IR2010 <-- 17PING 
11:00:00 440	IR2010 --> PING LAST DATA SONDE 0s AGO, Alt=98.0m Ascent=0.0m/s Lat=41.384499 Lng=2.117511 T=21.0°C U=41.4% GpsTime=39616
11:00:15 761	Roof open
11:00:16 664	IR2010 <-- 14SOL DD=238° :FF=1.5M/S :T=12.67°C :U=61.3%
11:00:16 801	Balloon [ 2 ] release   (wind 1.5 m/s   239°)
11:00:16 801	IR2010 <-- 08LACHER EFFECTUE
11:00:17 777	Sonde [ 2 ] OUT
11:00:18 671	Balloon absence high
11:00:18 671	Balloon absence low 
11:00:24 744	Roof closure
11:00:40 558	Roof closed
11:00:46 469	IR2010 --> DEPART DETECTE
12:11:44 990	IR2010 --> SONDAGE OK 21000m 45.9hPa 5.0m/s
12:11:44 993	IR2010 <-- 16ARRET
12:11:45 096	======================= Radiosounding end ========================
12:11:45 096	Next launch : 14 déc. 23:00

16:05:53 467	Door open
16:12:36 352	Chargement/loading [ 1 ]
16:19:09 301	GC value sonde ON: 41.8%
16:19:13 475	GC value sonde OFF: 41.8%
16:20:43 508	Chargement/Loading [ 1 ] 807214165 6.0V 6464Hz TR=233Cx10:TC=234Cx10:KT=100204:UR=42%:UC=42%:KU=0000
16:20:44 463	Chargement/loading [ 2 ]
16:21:40 216	GC value sonde ON: 43.5%
16:21:44 597	GC value sonde OFF: 43.4%
16:22:59 507	GPS not fixed yet [ 2 ], sat = 88 72 88 96 80 64 72 88 80 72          < ERROR
16:23:05 421	GPS not fixed yet [ 2 ], sat = 88 72 88 96 80 64 72 88 80 72          < ERROR
16:23:15 062	Chargement/Loading [ 2 ] 807214167 6.1V 6493Hz TR=233Cx10:TC=237Cx10:KT=101493:UR=43%:UC=41%:KU=6396
16:23:16 813	Chargement/loading [ 3 ]
16:24:11 139	GC value sonde ON: 44.1%
16:24:15 627	GC value sonde OFF: 44.1%
16:25:46 081	Chargement/Loading [ 3 ] 807214171 6.2V 6564Hz TR=234Cx10:TC=232Cx10:KT=099345:UR=44%:UC=44%:KU=0000
16:25:47 384	Chargement/loading [ 4 ]
16:26:44 149	GC value sonde ON: 45.2%
16:26:47 751	GC value sonde OFF: 45.2%
16:28:26 802	Chargement/Loading [ 4 ] 807214168 6.2V 6496Hz TR=235Cx10:TC=236Cx10:KT=100484:UR=45%:UC=43%:KU=6401
16:28:28 914	Chargement/loading [ 5 ]
16:29:36 139	GC value sonde ON: 44.2%
16:29:40 163	GC value sonde OFF: 44.3%
16:30:57 171	Chargement/Loading [ 5 ] 807214170 6.2V 6427Hz TR=235Cx10:TC=234Cx10:KT=099783:UR=44%:UC=41%:KU=6343
16:30:57 933	Chargement/loading [ 6 ]
16:31:59 146	GC value sonde ON: 45.2%
16:32:03 165	GC value sonde OFF: 45.1%
16:33:39 323	Chargement/Loading [ 6 ] 807214172 6.2V 6536Hz TR=235Cx10:TC=237Cx10:KT=100958:UR=45%:UC=45%:KU=0000
16:33:59 304	Door closed
16:38:27 555	Door open
16:38:34 387	Door closed
16:39:39 826	Door open
16:40:03 596	Door closed

22:50:00 919	======================= Launch planned 23:00 =====================
22:50:00 919	Sondes list :   0.3   0.3   0.3   0.3   0.3   0.3   3.3   3.3   3.3   3.3   3.3   3.3
22:50:00 920	Flowmeter : 24.1°C, 1.399 bar
22:50:00 920	Wind OK    (2.6 m/s   329°)
22:50:02 931	Radiosounding software connection
22:50:07 818	IR2010 --> STATION OK. PRESSION BARO=1009.5
22:50:07 818	IR2010 <-- 11404.0 MHz ?
22:50:16 957	IR2010 --> FREQUENCE LIBRE
22:50:16 957	IR2010 <-- 14SOL DD=328° :FF=2.8M/S :T=10.43°C :U=68.5%
22:50:16 957	Relaunch parameters 10min 300hPa
22:50:17 468	############## SONDE [ 7 ] 808210375   404.000 MHz ##############
22:50:17 468	Age sonde 3.3, balloon 3.3, position 06h
22:50:17 468	IR2010 <-- 12SONDE EN MARCHE EFFECTUE :SN=808210375 :TR=242Cx10 :TC=242Cx10 :KT=100062 :UR=36% :UC=33% :KU=6396
22:51:02 977	IR2010 --> FICHIERS CREES=c:\gpsonde\Data\2018\BA201812142251.cor
22:51:02 977	IR2010 --> SONDE 808210375 OK : 20.5°C 44.0% 5.7V
22:51:02 977	Camera: 20181214_2251_1.jpg
22:51:40 085	############## INFLATION 1100 l, Source 1, 1.398 bar #############
22:51:59 880	Balloon detection low     (52 l, 190 l/mn, 1.494 bar)
22:52:55 177	Balloon detection high    (225 l, 188 l/mn, 1.501 bar)
22:52:57 116	Balloon absence high    (231 l, 188 l/mn, 1.502 bar)
22:53:06 333	Balloon detection high    (260 l, 188 l/mn, 1.502 bar)
22:57:37 206	Inflation end [ 7 ]      (1103 l, 187.3 l/min, remaining 0.0 m3 / 0.0 m3)
22:58:41 965	Gas pressure 1.088 bar -> 1.536 bar  (+0.448 bar/min)
23:00:00 075	########################### LAUNCH ###############################
23:00:00 076	Roof opening
23:00:00 076	IR2010 <-- 17PING 
23:00:00 077	IR2010 --> PING LAST DATA SONDE 1s AGO, Alt=98.0m Ascent=0.0m/s Lat=41.384500 Lng=2.117509 T=18.1°C U=41.3% GpsTime=82815
23:00:15 651	Roof open
23:00:16 300	IR2010 <-- 14SOL DD=298° :FF=2.6M/S :T=10.78°C :U=66.1%
23:00:16 382	Balloon [ 7 ] release   (wind 2.6 m/s   298°)
23:00:16 382	IR2010 <-- 08LACHER EFFECTUE
23:00:17 358	Sonde [ 7 ] OUT
23:00:18 077	Balloon absence low 
23:00:18 562	Balloon absence high
23:00:25 394	Roof closure
23:00:41 418	Roof closed
23:00:49 547	IR2010 --> DEPART DETECTE
00:42:08 701	IR2010 --> SONDAGE OK 27580m 15.8hPa 5.1m/s
00:42:08 705	IR2010 <-- 16ARRET
00:42:08 782	======================= Radiosounding end ========================
00:42:08 782	Next launch : 15 déc. 11:00

