
10:50:00 914	======================= Launch planned 11:00 =====================
10:50:00 914	Sondes list :   X   3.8   3.8   3.8   3.8   3.8   X   X   X   X   X   X
10:50:00 914	Flowmeter : 24.3°C, 1.414 bar
10:50:00 914	Wind OK    (0.6 m/s   292°)
10:50:02 085	Radiosounding software connection
10:50:06 900	IR2010 --> STATION OK. PRESSION BARO=1013.8
10:50:06 900	IR2010 <-- 11404.0 MHz ?
10:50:16 041	IR2010 --> FREQUENCE LIBRE
10:50:16 041	IR2010 <-- 14SOL DD=281° :FF=0.7M/S :T=18.61°C :U=52.9%
10:50:16 041	Relaunch parameters 10min 300hPa
10:50:16 366	############## SONDE [ 2 ] 808210699   404.000 MHz ##############
10:50:16 366	Age sonde 3.8, balloon 3.8, position 01h
10:50:16 366	IR2010 <-- 12SONDE EN MARCHE EFFECTUE :SN=808210699 :TR=226Cx10 :TC=225Cx10 :KT=099686 :UR=46% :UC=44% :KU=6463
10:51:03 999	IR2010 --> FICHIERS CREES=c:\gpsonde\Data\2018\BA201812041051.cor
10:51:03 999	IR2010 --> SONDE 808210699 OK : 22.7°C 47.8% 5.9V
10:51:03 999	Camera: 20181204_1051_1.jpg
10:51:11 164	############## INFLATION 1100 l, Source 1, 1.415 bar #############
10:51:34 843	Balloon detection low     (63 l, 192 l/mn, 1.424 bar)
10:52:24 801	Balloon detection high    (223 l, 192 l/mn, 1.424 bar)
10:57:01 289	Inflation end [ 2 ]      (1100 l, 191.6 l/min, remaining 18.3 m3 / 0.0 m3)
10:58:05 386	Gas pressure 1.084 bar -> 1.531 bar  (+0.447 bar/min)
11:00:01 013	########################### LAUNCH ###############################
11:00:01 013	Roof opening
11:00:01 014	IR2010 <-- 17PING 
11:00:01 014	IR2010 --> PING LAST DATA SONDE 1s AGO, Alt=98.0m Ascent=0.0m/s Lat=41.384509 Lng=2.117479 T=22.7°C U=44.5% GpsTime=39616
11:00:15 798	Roof open
11:00:16 224	IR2010 <-- 14SOL DD=235° :FF=3.5M/S :T=19.57°C :U=51.6%
11:00:16 353	Balloon [ 2 ] release   (wind 3.5 m/s   235°)
11:00:16 353	IR2010 <-- 08LACHER EFFECTUE
11:00:17 330	Sonde [ 2 ] OUT
11:00:18 225	Balloon absence high
11:00:18 225	Balloon absence low 
11:00:24 306	Roof closure
11:00:39 626	Roof closed
11:00:44 421	IR2010 --> DEPART DETECTE
12:30:58 511	IR2010 --> SONDAGE OK 28078m 14.9hPa 5.1m/s
12:30:58 536	IR2010 <-- 16ARRET
12:30:58 567	======================= Radiosounding end ========================
12:30:58 567	Next launch : 04 déc. 23:00

18:37:49 212	Chargement/loading [ 1 ]
18:39:02 141	GC value sonde ON: 48.8%
18:39:06 300	GC value sonde OFF: 48.9%
18:39:28 294	Door open
18:42:05 174	Chargement/Loading [ 1 ] 808210728 6.2V 6462Hz TR=225Cx10:TC=223Cx10:KT=099149:UR=49%:UC=48%:KU=0000
18:42:06 665	Chargement/loading [ 2 ]
18:43:19 435	GC value sonde ON: 49.7%
18:43:23 836	GC value sonde OFF: 49.7%
18:46:12 379	Chargement/Loading [ 2 ] 808210723 6.1V 6433Hz TR=226Cx10:TC=224Cx10:KT=099250:UR=50%:UC=48%:KU=6409
18:46:13 170	Chargement/loading [ 7 ]
18:47:14 113	GC value sonde ON: 50.4%
18:47:18 066	GC value sonde OFF: 50.3%
18:50:51 036	Chargement/Loading [ 7 ] 808210721 6.1V 6403Hz TR=227Cx10:TC=227Cx10:KT=099955:UR=50%:UC=51%:KU=0000
18:50:51 971	Chargement/loading [ 8 ]
18:55:00 121	GC value sonde ON: 50.7%
18:55:04 491	GC value sonde OFF: 50.8%
18:58:08 293	Chargement/Loading [ 8 ] 808210367 6.2V 6509Hz TR=228Cx10:TC=229Cx10:KT=100362:UR=51%:UC=46%:KU=6558
18:58:13 747	Chargement/loading [ 9 ]
18:59:28 120	GC value sonde ON: 51.6%
18:59:32 223	GC value sonde OFF: 51.7%
19:02:03 068	Chargement/Loading [ 9 ] 808210518 6.2V 6412Hz TR=229Cx10:TC=234Cx10:KT=101911:UR=52%:UC=50%:KU=0000
19:02:03 962	Chargement/loading [ 10 ]
19:03:25 131	GC value sonde ON: 50.9%
19:03:29 446	GC value sonde OFF: 51.1%
19:06:13 704	Chargement/Loading [ 10 ] 808210373 6.1V 6385Hz TR=230Cx10:TC=235Cx10:KT=101779:UR=51%:UC=49%:KU=6392
19:06:14 658	Chargement/loading [ 11 ]
19:07:17 122	GC value sonde ON: 51.0%
19:07:21 673	GC value sonde OFF: 51.1%
19:09:52 731	Chargement/Loading [ 11 ] 808210369 6.1V 6474Hz TR=230Cx10:TC=229Cx10:KT=099781:UR=51%:UC=47%:KU=6489
19:09:53 533	Chargement/loading [ 12 ]
19:11:15 141	GC value sonde ON: 51.6%
19:11:18 986	GC value sonde OFF: 51.7%
19:13:21 085	Chargement/Loading [ 12 ] 808210364 6.1V 6420Hz TR=230Cx10:TC=236Cx10:KT=102145:UR=52%:UC=49%:KU=6419
19:18:25 374	Door closed

22:50:00 481	======================= Launch planned 23:00 =====================
22:50:00 481	Sondes list :   0.2   0.2   4.3   4.3   4.3   4.3   0.2   0.2   0.2   0.2   0.2   0.2
22:50:00 481	Flowmeter : 23.5°C, 1.399 bar
22:50:00 481	Wind OK    (0.8 m/s   287°)
22:50:01 744	Radiosounding software connection
22:50:06 671	IR2010 --> STATION OK. PRESSION BARO=1014.0
22:50:06 671	IR2010 <-- 11404.0 MHz ?
22:50:15 812	IR2010 --> FREQUENCE LIBRE
22:50:15 812	IR2010 <-- 14SOL DD=270° :FF=1.0M/S :T=14.56°C :U=75.1%
22:50:15 812	Relaunch parameters 10min 300hPa
22:50:15 916	############## SONDE [ 3 ] 808210724   404.000 MHz ##############
22:50:15 916	Age sonde 4.3, balloon 4.3, position 08h
22:50:15 916	IR2010 <-- 12SONDE EN MARCHE EFFECTUE :SN=808210724 :TR=226Cx10 :TC=230Cx10 :KT=101488 :UR=45% :UC=41% :KU=6428
22:51:01 737	IR2010 --> FICHIERS CREES=c:\gpsonde\Data\2018\BA201812042251.cor
22:51:01 738	IR2010 --> SONDE 808210724 OK : 20.3°C 57.8% 5.7V
22:51:01 738	Camera: 20181204_2251_1.jpg
22:51:52 408	############## INFLATION 1100 l, Source 1, 1.399 bar #############
22:52:16 571	Balloon detection low     (68 l, 195 l/mn, 1.436 bar)
22:53:05 573	Balloon detection high    (226 l, 194 l/mn, 1.439 bar)
22:57:39 223	Inflation end [ 3 ]      (1102 l, 193.1 l/min, remaining 17.1 m3 / 0.0 m3)
22:58:43 610	Gas pressure 1.086 bar -> 1.539 bar  (+0.453 bar/min)
23:00:00 706	########################### LAUNCH ###############################
23:00:00 706	Roof opening
23:00:00 707	IR2010 <-- 17PING 
23:00:00 707	IR2010 --> PING LAST DATA SONDE 0s AGO, Alt=98.0m Ascent=0.0m/s Lat=41.384501 Lng=2.117540 T=19.7°C U=56.4% GpsTime=82816
23:00:15 841	Roof open
23:00:15 916	IR2010 <-- 14SOL DD=230° :FF=0.9M/S :T=13.95°C :U=77.6%
23:00:16 432	Balloon [ 3 ] release   (wind 0.9 m/s   229°)
23:00:16 432	IR2010 <-- 08LACHER EFFECTUE
23:00:17 409	Sonde [ 3 ] OUT
23:00:18 267	Balloon absence low 
23:00:18 752	Balloon absence high
23:00:25 011	Roof closure
23:00:41 123	Roof closed
23:00:45 536	IR2010 --> DEPART DETECTE
00:33:00 992	IR2010 --> SONDAGE OK 27209m 16.8hPa 4.8m/s
00:33:01 021	IR2010 <-- 16ARRET
00:33:01 071	======================= Radiosounding end ========================
00:33:01 072	Next launch : 05 déc. 11:00

