
10:50:00 126	======================= Launch planned 11:00 =====================
10:50:00 127	Sondes list :   0.7   0.7   0.7   0.7   0.7   0.7   X   X   X   4.7   4.7   4.7
10:50:00 127	Flowmeter : 25.1°C, 1.315 bar
10:50:00 127	Wind OK    (2.1 m/s   16°)
10:50:01 264	Radiosounding software connection
10:50:06 082	IR2010 --> STATION OK. PRESSION BARO=1018.8
10:50:06 082	IR2010 <-- 11404.0 MHz ?
10:50:15 222	IR2010 --> FREQUENCE LIBRE
10:50:15 222	IR2010 <-- 14SOL DD=025° :FF=2.2M/S :T=10.21°C :U=57.9%
10:50:15 222	Relaunch parameters 10min 300hPa
10:50:15 603	############## SONDE [ 10 ] 808210506   404.000 MHz ##############
10:50:15 603	Age sonde 4.7, balloon 4.7, position 01h
10:50:15 603	IR2010 <-- 12SONDE EN MARCHE EFFECTUE :SN=808210506 :TR=227Cx10 :TC=229Cx10 :KT=100836 :UR=43% :UC=40% :KU=6364
10:51:03 184	IR2010 --> FICHIERS CREES=c:\gpsonde\Data\2018\BA201812291051.cor
10:51:03 185	IR2010 --> SONDE 808210506 OK : 21.8°C 30.3% 5.7V
10:51:03 185	Camera: 20181229_1051_1.jpg
10:51:10 558	############## INFLATION 1100 l, Source 1, 1.315 bar #############
10:51:31 811	Balloon detection low     (52 l, 166 l/mn, 1.414 bar)
10:52:35 354	Balloon detection high    (226 l, 166 l/mn, 1.420 bar)
10:57:54 341	Inflation end [ 10 ]      (1100 l, 164.8 l/min, remaining 0.0 m3 / 0.0 m3)
10:58:58 356	Gas pressure 1.082 bar -> 1.406 bar  (+0.324 bar/min)
11:00:00 243	########################### LAUNCH ###############################
11:00:00 243	Roof opening
11:00:00 244	IR2010 <-- 17PING 
11:00:00 244	IR2010 --> PING LAST DATA SONDE 1s AGO, Alt=98.0m Ascent=0.0m/s Lat=41.384526 Lng=2.117486 T=21.6°C U=28.0% GpsTime=39615
11:00:15 711	Roof open
11:00:16 466	IR2010 <-- 14SOL DD=015° :FF=1.6M/S :T=10.52°C :U=57.9%
11:00:16 547	Balloon [ 10 ] release   (wind 1.6 m/s   15°)
11:00:16 547	IR2010 <-- 08LACHER EFFECTUE
11:00:17 526	Sonde [ 10 ] OUT
11:00:18 622	Balloon absence high
11:00:18 622	Balloon absence low 
11:00:25 562	Roof closure
11:00:41 479	Roof closed
11:00:58 442	IR2010 --> DEPART DETECTE
12:36:17 139	IR2010 --> SONDAGE OK 28110m 14.5hPa 4.9m/s
12:36:17 144	IR2010 <-- 16ARRET
12:36:17 200	======================= Radiosounding end ========================
12:36:17 200	Next launch : 29 déc. 23:00


22:50:00 693	======================= Launch planned 23:00 =====================
22:50:00 693	Sondes list :   1.2   1.2   1.2   1.2   1.2   1.2   X   X   X   X   5.2   5.2
22:50:00 693	Flowmeter : 24.3°C, 1.299 bar
22:50:00 693	Wind OK    (1.3 m/s   7°)
22:50:02 428	Radiosounding software connection
22:50:07 301	IR2010 --> STATION OK. PRESSION BARO=1019.4
22:50:07 301	IR2010 <-- 11404.0 MHz ?
22:50:17 440	IR2010 --> FREQUENCE LIBRE
22:50:17 440	IR2010 <-- 14SOL DD=003° :FF=1.4M/S :T=8.96°C :U=55.8%
22:50:17 440	Relaunch parameters 10min 300hPa
22:50:17 738	############## SONDE [ 11 ] 808210368   404.000 MHz ##############
22:50:17 738	Age sonde 5.2, balloon 5.2, position 01h
22:50:17 738	IR2010 <-- 12SONDE EN MARCHE EFFECTUE :SN=808210368 :TR=227Cx10 :TC=227Cx10 :KT=100001 :UR=44% :UC=43% :KU=0000
22:51:02 357	IR2010 --> FICHIERS CREES=c:\gpsonde\Data\2018\BA201812292251.cor
22:51:02 357	IR2010 --> SONDE 808210368 OK : 19.9°C 23.7% 5.7V
22:51:02 357	Camera: 20181229_2251_1.jpg
22:51:09 764	############## INFLATION 1100 l, Source 1, 1.299 bar #############
22:51:33 441	Balloon detection low     (60 l, 168 l/mn, 1.385 bar)
22:52:34 085	Balloon detection high    (228 l, 167 l/mn, 1.388 bar)
22:57:51 165	Inflation end [ 11 ]      (1102 l, 165.7 l/min, remaining 0.0 m3 / 0.0 m3)
22:58:55 926	Gas pressure 1.083 bar -> 1.403 bar  (+0.320 bar/min)
23:00:00 853	########################### LAUNCH ###############################
23:00:00 853	Roof opening
23:00:00 854	IR2010 <-- 17PING 
23:00:00 854	IR2010 --> PING LAST DATA SONDE 1s AGO, Alt=98.0m Ascent=0.0m/s Lat=41.384504 Lng=2.117504 T=18.0°C U=27.0% GpsTime=82816
23:00:16 360	Roof open
23:00:17 077	IR2010 <-- 14SOL DD=024° :FF=1.7M/S :T=9.03°C :U=55.7%
23:00:17 230	Balloon [ 11 ] release   (wind 1.7 m/s   24°)
23:00:17 230	IR2010 <-- 08LACHER EFFECTUE
23:00:18 209	Sonde [ 11 ] OUT
23:00:19 270	Balloon absence high
23:00:19 270	Balloon absence low 
23:00:26 172	Roof closure
23:00:42 129	Roof closed
23:00:48 501	IR2010 --> DEPART DETECTE
00:35:02 289	IR2010 --> SONDAGE OK 27863m 15.0hPa 5.0m/s
00:35:02 292	IR2010 <-- 16ARRET
00:35:02 359	======================= Radiosounding end ========================
00:35:02 359	Next launch : 30 déc. 11:00

