
10:50:00 282	======================= Launch planned 11:00 =====================
10:50:00 283	Sondes list :   0.8   0.8   0.8   0.8   0.8   0.8   X   3.6   3.6   3.6   3.6   3.6
10:50:00 283	Flowmeter : 24.8°C, 1.414 bar
10:50:00 283	Wind OK    (0.9 m/s   6°)
10:50:01 425	Radiosounding software connection
10:50:06 306	IR2010 --> STATION OK. PRESSION BARO=1010.9
10:50:06 306	IR2010 <-- 11404.0 MHz ?
10:50:15 446	IR2010 --> FREQUENCE LIBRE
10:50:15 446	IR2010 <-- 14SOL DD=057° :FF=0.6M/S :T=12.74°C :U=53.4%
10:50:15 446	Relaunch parameters 10min 300hPa
10:50:15 703	############## SONDE [ 8 ] 808210692   404.000 MHz ##############
10:50:15 703	Age sonde 3.6, balloon 3.6, position 01h
10:50:15 703	IR2010 <-- 12SONDE EN MARCHE EFFECTUE :SN=808210692 :TR=230Cx10 :TC=231Cx10 :KT=100202 :UR=37% :UC=34% :KU=6493
10:51:03 386	IR2010 --> FICHIERS CREES=c:\gpsonde\Data\2018\BA201812011051.cor
10:51:03 387	IR2010 --> SONDE 808210692 OK : 21.5°C 37.2% 5.8V
10:51:03 387	Camera: 20181201_1051_1.jpg
10:51:10 724	############## INFLATION 1100 l, Source 1, 1.414 bar #############
10:51:35 863	Balloon detection low     (67 l, 192 l/mn, 1.474 bar)
10:52:24 374	Balloon detection high    (224 l, 192 l/mn, 1.477 bar)
10:57:00 607	Inflation end [ 8 ]      (1101 l, 191.6 l/min, remaining 25.9 m3 / 0.0 m3)
10:58:04 824	Gas pressure 1.081 bar -> 1.529 bar  (+0.448 bar/min)
11:00:00 451	########################### LAUNCH ###############################
11:00:00 451	Roof opening
11:00:00 452	IR2010 <-- 17PING 
11:00:00 452	IR2010 --> PING LAST DATA SONDE 0s AGO, Alt=98.0m Ascent=0.0m/s Lat=41.384512 Lng=2.117453 T=21.6°C U=30.8% GpsTime=39616
11:00:15 875	Roof open
11:00:16 675	IR2010 <-- 14SOL DD=359° :FF=2.8M/S :T=12.72°C :U=54.5%
11:00:17 125	Balloon [ 8 ] release   (wind 2.8 m/s   359°)
11:00:17 125	IR2010 <-- 08LACHER EFFECTUE
11:00:18 587	Sonde [ 8 ] OUT
11:00:19 270	Balloon absence high
11:00:19 270	Balloon absence low 
11:00:25 770	Roof closure
11:00:41 644	Roof closed
11:00:58 492	IR2010 --> DEPART DETECTE
12:29:10 459	IR2010 --> SONDAGE OK 25961m 21.3hPa 4.9m/s
12:29:10 460	IR2010 <-- 16ARRET
12:29:10 509	======================= Radiosounding end ========================
12:29:10 509	Next launch : 01 déc. 23:00


22:50:00 900	======================= Launch planned 23:00 =====================
22:50:00 901	Sondes list :   1.3   1.3   1.3   1.3   1.3   1.3   X   X   4.1   4.1   4.1   4.1
22:50:00 901	Flowmeter : 24.4°C, 1.399 bar
22:50:00 901	Wind OK    (2.6 m/s   275°)
22:50:02 801	Radiosounding software connection
22:50:07 650	IR2010 --> STATION OK. PRESSION BARO=1010.6
22:50:07 650	IR2010 <-- 11404.0 MHz ?
22:50:16 790	IR2010 --> FREQUENCE LIBRE
22:50:16 790	IR2010 <-- 14SOL DD=281° :FF=2.3M/S :T=11.42°C :U=58.4%
22:50:16 790	Relaunch parameters 10min 300hPa
22:50:16 879	############## SONDE [ 9 ] 808210720   404.000 MHz ##############
22:50:16 879	Age sonde 4.1, balloon 4.1, position 01h
22:50:16 879	IR2010 <-- 12SONDE EN MARCHE EFFECTUE :SN=808210720 :TR=230Cx10 :TC=229Cx10 :KT=099562 :UR=38% :UC=38% :KU=0000
22:51:02 720	IR2010 --> FICHIERS CREES=c:\gpsonde\Data\2018\BA201812012251.cor
22:51:02 721	IR2010 --> SONDE 808210720 OK : 20.2°C 36.5% 5.8V
22:51:02 721	Camera: 20181201_2251_1.jpg
22:51:10 427	############## INFLATION 1100 l, Source 1, 1.399 bar #############
22:51:29 252	Balloon detection low     (48 l, 194 l/mn, 1.474 bar)
22:52:24 552	Balloon detection high    (228 l, 193 l/mn, 1.473 bar)
22:56:59 337	Inflation end [ 9 ]      (1101 l, 191.4 l/min, remaining 24.7 m3 / 0.0 m3)
22:58:03 390	Gas pressure 1.069 bar -> 1.530 bar  (+0.461 bar/min)
23:00:00 032	########################### LAUNCH ###############################
23:00:00 032	Roof opening
23:00:00 033	IR2010 <-- 17PING 
23:00:00 033	IR2010 --> PING LAST DATA SONDE 1s AGO, Alt=98.0m Ascent=0.0m/s Lat=41.384504 Lng=2.117467 T=19.2°C U=32.6% GpsTime=82815
23:00:15 533	Roof open
23:00:16 257	IR2010 <-- 14SOL DD=261° :FF=1.9M/S :T=11.14°C :U=60.3%
23:00:16 333	Balloon [ 9 ] release   (wind 1.9 m/s   261°)
23:00:16 333	IR2010 <-- 08LACHER EFFECTUE
23:00:17 310	Sonde [ 9 ] OUT
23:00:17 958	Balloon absence low 
23:00:18 444	Balloon absence high
23:00:25 351	Roof closure
23:00:41 302	Roof closed
23:00:48 494	IR2010 --> DEPART DETECTE
00:32:59 953	IR2010 --> SONDAGE OK 27866m 15.8hPa 5.0m/s
00:32:59 957	IR2010 <-- 16ARRET
00:33:00 012	======================= Radiosounding end ========================
00:33:00 012	Next launch : 02 déc. 11:00

