
10:50:00 992	======================= Launch planned 11:00 =====================
10:50:00 992	Sondes list :   2.8   2.8   2.8   2.8   2.8   2.8   X   X   X   X   X   X
10:50:00 992	Flowmeter : 24.6°C, 1.415 bar
10:50:00 992	Wind OK    (3.8 m/s   26°)
10:50:02 123	Radiosounding software connection
10:50:06 981	IR2010 --> STATION OK. PRESSION BARO=1016.2
10:50:06 981	IR2010 <-- 11404.0 MHz ?
10:50:16 122	IR2010 --> FREQUENCE LIBRE
10:50:16 122	IR2010 <-- 14SOL DD=022° :FF=4.1M/S :T=13.05°C :U=42.9%
10:50:16 122	Relaunch parameters 10min 300hPa
10:50:16 455	############## SONDE [ 1 ] 807214165   404.000 MHz ##############
10:50:16 455	Age sonde 2.8, balloon 2.8, position 01h
10:50:16 455	IR2010 <-- 12SONDE EN MARCHE EFFECTUE :SN=807214165 :TR=233Cx10 :TC=234Cx10 :KT=100204 :UR=42% :UC=42% :KU=0000
10:51:02 038	IR2010 --> FICHIERS CREES=c:\gpsonde\Data\2018\BA201812171051.cor
10:51:02 039	IR2010 --> SONDE 807214165 OK : 21.1°C 27.8% 5.8V
10:51:02 039	Camera: 20181217_1051_1.jpg
10:51:09 330	############## INFLATION 1100 l, Source 1, 1.415 bar #############
10:51:29 610	Balloon detection low     (51 l, 191 l/mn, 1.472 bar)
10:52:26 847	Balloon detection high    (233 l, 188 l/mn, 1.478 bar)
10:57:06 223	Inflation end [ 1 ]      (1102 l, 187.8 l/min, remaining 0.0 m3 / 0.0 m3)
10:58:10 584	Gas pressure 1.091 bar -> 1.540 bar  (+0.449 bar/min)
11:00:00 127	########################### LAUNCH ###############################
11:00:00 128	Roof opening
11:00:00 128	IR2010 <-- 17PING 
11:00:00 129	IR2010 --> PING LAST DATA SONDE 1s AGO, Alt=98.0m Ascent=0.0m/s Lat=41.384545 Lng=2.117473 T=21.3°C U=26.2% GpsTime=39615
11:00:15 432	Roof open
11:00:16 352	IR2010 <-- 14SOL DD=046° :FF=2.7M/S :T=13.09°C :U=43.0%
11:00:16 437	Balloon [ 1 ] release   (wind 2.7 m/s   46°)
11:00:16 437	IR2010 <-- 08LACHER EFFECTUE
11:00:17 898	Sonde [ 1 ] OUT
11:00:18 342	Balloon absence low 
11:00:18 827	Balloon absence high
11:00:25 447	Roof closure
11:00:41 201	Roof closed
11:00:44 484	IR2010 --> DEPART DETECTE
12:52:16 239	IR2010 --> SONDAGE OK 30003m 10.6hPa 5.0m/s
12:52:16 273	IR2010 <-- 16ARRET
12:52:16 319	======================= Radiosounding end ========================
12:52:16 319	Next launch : 17 déc. 23:00


22:50:00 578	======================= Launch planned 23:00 =====================
22:50:00 578	Sondes list :   X   3.3   3.3   3.3   3.3   3.3   X   X   X   X   X   X
22:50:00 578	Flowmeter : 24.4°C, 1.409 bar
22:50:00 578	Wind OK    (0.2 m/s   350°)
22:50:02 376	Radiosounding software connection
22:50:07 372	IR2010 --> STATION OK. PRESSION BARO=1018.6
22:50:07 372	IR2010 <-- 11404.0 MHz ?
22:50:16 334	IR2010 --> FREQUENCE LIBRE
22:50:16 334	IR2010 <-- 14SOL DD=351° :FF=0.4M/S :T=10.70°C :U=57.0%
22:50:16 334	Relaunch parameters 10min 300hPa
22:50:16 490	############## SONDE [ 2 ] 807214167   404.000 MHz ##############
22:50:16 490	Age sonde 3.3, balloon 3.3, position 01h
22:50:16 490	IR2010 <-- 12SONDE EN MARCHE EFFECTUE :SN=807214167 :TR=233Cx10 :TC=237Cx10 :KT=101493 :UR=43% :UC=41% :KU=6396
22:51:02 281	IR2010 --> FICHIERS CREES=c:\gpsonde\Data\2018\BA201812172251.cor
22:51:02 282	IR2010 --> SONDE 807214167 OK : 19.7°C 31.0% 5.8V
22:51:02 282	Camera: 20181217_2251_1.jpg
22:51:09 350	############## INFLATION 1100 l, Source 1, 1.411 bar #############
22:51:35 937	Balloon detection low     (71 l, 191 l/mn, 1.433 bar)
22:52:23 960	Balloon detection high    (223 l, 190 l/mn, 1.436 bar)
22:57:03 843	Inflation end [ 2 ]      (1102 l, 188.7 l/min, remaining 0.0 m3 / 0.0 m3)
22:58:08 098	Gas pressure 1.089 bar -> 1.542 bar  (+0.453 bar/min)
23:00:00 682	########################### LAUNCH ###############################
23:00:00 682	Roof opening
23:00:00 683	IR2010 <-- 17PING 
23:00:00 683	IR2010 --> PING LAST DATA SONDE 0s AGO, Alt=98.0m Ascent=0.0m/s Lat=41.384491 Lng=2.117483 T=19.1°C U=30.1% GpsTime=82816
23:00:15 922	Roof open
23:00:16 907	IR2010 <-- 14SOL DD=319° :FF=0.8M/S :T=10.61°C :U=57.7%
23:00:16 962	Balloon [ 2 ] release   (wind 0.8 m/s   319°)
23:00:16 962	IR2010 <-- 08LACHER EFFECTUE
23:00:18 423	Sonde [ 2 ] OUT
23:00:18 832	Balloon absence low 
23:00:19 317	Balloon absence high
23:00:26 003	Roof closure
23:00:41 691	Roof closed
23:01:06 591	IR2010 --> DEPART DETECTE
00:43:27 140	IR2010 --> SONDAGE OK 27066m 16.7hPa 5.0m/s
00:43:27 141	IR2010 <-- 16ARRET
00:43:27 201	======================= Radiosounding end ========================
00:43:27 201	Next launch : 18 déc. 11:00

