
10:50:00 798	======================= Launch planned 11:00 =====================
10:50:00 798	Sondes list :   1.7   1.7   1.7   1.7   1.7   1.7   X   X   X   X   4.8   4.8
10:50:00 798	Flowmeter : 22.6°C, 1.285 bar
10:50:00 798	Wind OK    (1.7 m/s   201°)
10:50:01 266	Radiosounding software connection
10:50:06 305	IR2010 --> STATION OK. PRESSION BARO=1007.5
10:50:06 305	IR2010 <-- 11404.0 MHz ?
10:50:15 447	IR2010 --> FREQUENCE LIBRE
10:50:15 447	IR2010 <-- 14SOL DD=205° :FF=1.1M/S :T=23.20°C :U=63.7%
10:50:15 447	Relaunch parameters 10min 300hPa
10:50:15 743	############## SONDE [ 11 ] 905212591   404.000 MHz ##############
10:50:15 743	Age sonde 4.8, balloon 4.8, position 01h
10:50:15 743	IR2010 <-- 12SONDE EN MARCHE EFFECTUE :SN=905212591 :TR=254Cx10 :TC=252Cx10 :KT=099369 :UR=61% :UC=60% :KU=0000
10:51:00 094	IR2010 --> FICHIERS CREES=c:\gpsonde\Data\2019\BA201910091051.cor
10:51:00 094	IR2010 --> SONDE 905212591 OK : 21.6°C 75.5% 5.7V
10:51:00 094	Camera: 20191009_1051_1.jpg
10:51:06 989	############## INFLATION 1000 l, Source 1, 1.286 bar #############
10:51:33 665	Balloon detection low     (68 l, 162 l/mn, 1.365 bar)
10:52:31 463	Balloon detection high    (224 l, 162 l/mn, 1.364 bar)
10:57:19 065	Inflation end [ 11 ]      (1001 l, 162.6 l/min, remaining 0.0 m3 / 0.0 m3)
10:58:23 727	Gas pressure 1.102 bar -> 1.387 bar  (+0.285 bar/min)
11:00:00 089	########################### LAUNCH ###############################
11:00:00 089	Roof opening
11:00:00 089	IR2010 <-- 17PING 
11:00:00 089	IR2010 --> PING LAST DATA SONDE 1s AGO, Alt=98.0m Ascent=0.0m/s Lat=41.384464 Lng=2.117488 T=22.3°C U=86.9% GpsTime=39623
11:00:15 080	Roof open
11:00:15 299	IR2010 <-- 14SOL DD=190° :FF=0.5M/S :T=23.29°C :U=64.0%
11:00:15 564	Balloon [ 11 ] release   (wind 0.5 m/s   190°)
11:00:15 564	IR2010 <-- 08LACHER EFFECTUE
11:00:17 389	Sonde [ 11 ] OUT
11:00:18 731	Balloon absence high
11:00:18 731	Balloon absence low 
11:00:25 423	Roof closure
11:00:39 370	IR2010 --> DEPART DETECTE
11:00:41 273	Roof closed
11:00:41 273	Roof closed
12:57:15 717	IR2010 --> SONDAGE OK 29552m 12.6hPa 4.6m/s
12:57:15 732	IR2010 <-- 16ARRET
12:57:15 748	======================= Radiosounding end ========================
12:57:15 748	Next launch : 09 oct 23:00


22:50:00 519	======================= Launch planned 23:00 =====================
22:50:00 519	Sondes list :   2.2   2.2   2.2   2.2   2.2   2.2   X   X   X   X   X   5.3
22:50:00 519	Flowmeter : 24.8°C, 1.286 bar
22:50:00 519	Wind OK    (0.9 m/s   12°)
22:50:00 800	Radiosounding software connection
22:50:05 854	IR2010 --> STATION OK. PRESSION BARO=1011.0
22:50:05 854	IR2010 <-- 11404.0 MHz ?
22:50:15 994	IR2010 --> FREQUENCE LIBRE
22:50:15 994	IR2010 <-- 14SOL DD=021° :FF=0.8M/S :T=19.09°C :U=70.6%
22:50:15 994	Relaunch parameters 10min 300hPa
22:50:16 602	############## SONDE [ 12 ] 905212862   404.000 MHz ##############
22:50:16 602	Age sonde 5.3, balloon 5.3, position 01h
22:50:16 602	IR2010 <-- 12SONDE EN MARCHE EFFECTUE :SN=905212862 :TR=253Cx10 :TC=254Cx10 :KT=100288 :UR=58% :UC=58% :KU=0000
22:50:58 613	IR2010 --> FICHIERS CREES=c:\gpsonde\Data\2019\BA201910092250.cor
22:50:58 613	IR2010 --> SONDE 905212862 OK : 22.8°C 68.5% 5.8V
22:50:58 613	Camera: 20191009_2250_1.jpg
22:51:06 632	############## INFLATION 1000 l, Source 1, 1.286 bar #############
22:51:26 007	Balloon detection low     (48 l, 164 l/mn, 1.372 bar)
22:52:31 106	Balloon detection high    (225 l, 163 l/mn, 1.372 bar)
22:57:17 538	Inflation end [ 12 ]      (1002 l, 162.7 l/min, remaining 0.0 m3 / 0.0 m3)
22:58:22 434	Gas pressure 1.102 bar -> 1.392 bar  (+0.290 bar/min)
23:00:00 808	########################### LAUNCH ###############################
23:00:00 808	Roof opening
23:00:00 808	IR2010 <-- 17PING 
23:00:00 808	IR2010 --> PING LAST DATA SONDE 0s AGO, Alt=98.0m Ascent=0.0m/s Lat=41.384482 Lng=2.117535 T=23.1°C U=68.8% GpsTime=82825
23:00:15 940	Roof open
23:00:16 018	IR2010 <-- 14SOL DD=030° :FF=1.5M/S :T=19.02°C :U=70.7%
23:00:16 470	Balloon [ 12 ] release   (wind 1.5 m/s   30°)
23:00:16 470	IR2010 <-- 08LACHER EFFECTUE
23:00:17 687	Sonde [ 12 ] OUT
23:00:18 374	Balloon absence low 
23:00:18 982	Balloon absence high
23:00:25 128	Roof closure
23:00:41 555	Roof closed
23:00:43 458	IR2010 --> DEPART DETECTE
00:26:54 103	IR2010 --> SONDAGE OK 24330m 28.1hPa 4.8m/s
00:26:54 103	IR2010 <-- 16ARRET
00:26:54 103	======================= Radiosounding end ========================
00:26:54 103	Next launch : 10 oct 11:00

