
10:50:00 968	======================= Launch planned 11:00 =====================
10:50:00 968	Sondes list :   0.8   0.8   0.8   0.8   X   0.8   0.8   X   0.8   4.0   4.0   4.0
10:50:00 968	Flowmeter : 22.3°C, 1.312 bar
10:50:00 968	Wind OK    (1.4 m/s   83°)
10:50:01 264	Radiosounding software connection
10:50:06 319	IR2010 --> STATION OK. PRESSION BARO=1000.3
10:50:06 319	IR2010 <-- 11404.0 MHz ?
10:50:16 459	IR2010 --> FREQUENCE LIBRE
10:50:16 459	IR2010 <-- 14SOL DD=070° :FF=1.5M/S :T=20.34°C :U=62.4%
10:50:16 459	Relaunch parameters 10min 300hPa
10:50:16 677	############## SONDE [ 10 ] 905212592   404.000 MHz ##############
10:50:16 677	Age sonde 4.0, balloon 4.0, position 05h
10:50:16 677	IR2010 <-- 12SONDE EN MARCHE EFFECTUE :SN=905212592 :TR=235Cx10 :TC=232Cx10 :KT=098855 :UR=55% :UC=56% :KU=0000
10:51:49 778	IR2010 --> FICHIERS CREES=c:\gpsonde\Data\2019\BA201910221051.cor
10:51:49 778	IR2010 --> SONDE 905212592 OK : 21.9°C 66.8% 5.7V
10:51:49 778	Camera: 20191022_1051_1.jpg
10:52:33 052	############## INFLATION 1000 l, Source 1, 1.311 bar #############
10:52:50 603	Balloon detection low     (44 l, 165 l/mn, 1.369 bar)
10:53:53 268	Balloon detection high    (216 l, 164 l/mn, 1.367 bar)
10:58:42 118	Inflation end [ 10 ]      (1002 l, 163.9 l/min, remaining 0.0 m3 / 0.0 m3)
10:59:46 031	Gas pressure 1.051 bar -> 1.384 bar  (+0.333 bar/min)
11:00:00 243	########################### LAUNCH ###############################
11:00:00 243	Roof opening
11:00:00 243	IR2010 <-- 17PING 
11:00:00 243	IR2010 --> PING LAST DATA SONDE 1s AGO, Alt=98.0m Ascent=0.0m/s Lat=41.384487 Lng=2.117480 T=21.4°C U=72.3% GpsTime=39621
11:00:15 437	Roof open
11:00:15 453	IR2010 <-- 14SOL DD=069° :FF=3.2M/S :T=20.74°C :U=60.2%
11:00:15 874	Balloon [ 10 ] release   (wind 3.2 m/s   69°)
11:00:15 874	IR2010 <-- 08LACHER EFFECTUE
11:00:17 091	Sonde [ 10 ] OUT
11:00:18 479	Balloon absence high
11:00:18 479	Balloon absence low 
11:00:24 563	Roof closure
11:00:39 305	IR2010 --> DEPART DETECTE
11:00:40 444	Roof closed
12:17:42 935	IR2010 --> SONDAGE OK 22603m 36.7hPa 4.9m/s
12:17:42 935	IR2010 <-- 16ARRET
12:17:42 935	======================= Radiosounding end ========================
12:17:42 935	Next launch : 22 oct 23:00


22:50:00 679	======================= Launch planned 23:00 =====================
22:50:00 679	Sondes list :   1.3   1.3   1.3   1.3   X   1.3   1.3   X   1.3   X   4.5   4.5
22:50:00 679	Flowmeter : 22.1°C, 1.283 bar
22:50:00 679	Wind OK    (9.5 m/s   322°)
22:50:00 960	Radiosounding software connection
22:50:06 014	IR2010 --> STATION OK. PRESSION BARO=995.6
22:50:06 014	IR2010 <-- 11404.0 MHz ?
22:50:15 156	IR2010 --> FREQUENCE LIBRE
22:50:15 156	IR2010 <-- 14SOL DD=320° :FF=8.8M/S :T=17.05°C :U=80.2%
22:50:15 156	Relaunch parameters 10min 300hPa
22:50:15 624	############## SONDE [ 11 ] 905212583   404.000 MHz ##############
22:50:15 624	Age sonde 4.5, balloon 4.5, position 01h
22:50:15 624	IR2010 <-- 12SONDE EN MARCHE EFFECTUE :SN=905212583 :TR=236Cx10 :TC=237Cx10 :KT=100571 :UR=54% :UC=53% :KU=0000
22:51:48 475	IR2010 --> FICHIERS CREES=c:\gpsonde\Data\2019\BA201910222251.cor
22:51:48 475	IR2010 --> SONDE 905212583 OK : 20.8°C 80.8% 5.8V
22:51:48 475	Camera: 20191022_2251_1.jpg
22:51:55 542	############## INFLATION 1000 l, Source 1, 1.283 bar #############
22:52:12 484	Balloon detection low     (43 l, 166 l/mn, 1.365 bar)
22:53:14 540	Balloon detection high    (213 l, 165 l/mn, 1.365 bar)
22:58:03 359	Inflation end [ 11 ]      (1003 l, 164.5 l/min, remaining 0.0 m3 / 0.0 m3)
22:59:08 224	Gas pressure 1.088 bar -> 1.383 bar  (+0.295 bar/min)
23:00:00 968	########################### LAUNCH ###############################
23:00:00 968	Roof opening
23:00:00 968	IR2010 <-- 17PING 
23:00:00 968	IR2010 --> PING LAST DATA SONDE 1s AGO, Alt=98.0m Ascent=0.0m/s Lat=41.384493 Lng=2.117505 T=20.5°C U=83.1% GpsTime=82823
23:00:16 786	Roof open
23:00:17 192	IR2010 <-- 14SOL DD=325° :FF=8.2M/S :T=17.53°C :U=76.6%
23:00:17 270	Balloon [ 11 ] release   (wind 8.1 m/s   325°)
23:00:17 270	IR2010 <-- 08LACHER EFFECTUE
23:00:18 487	Sonde [ 11 ] OUT
23:00:19 828	Balloon absence high
23:00:19 828	Balloon absence low 
23:00:26 302	Roof closure
23:00:41 185	Roof closed
23:00:41 185	Roof closed
23:01:01 324	IR2010 --> DEPART DETECTE
23:49:41 431	IR2010 --> SONDAGE KO. CAUSE=End before 300 hPa 6338m 458.4hPa 2.7m/s
23:49:41 431	            -------------------------------///-------------------------------
23:49:41 462	IR2010 <-- 11403.6 MHz ?
23:49:51 556	IR2010 --> FREQUENCE LIBRE
23:49:51 556	IR2010 <-- 14SOL DD=333° :FF=6.2M/S :T=16.08°C :U=83.5%
23:49:51 556	Relaunch parameters 10min 300hPa
23:49:51 836	############## SONDE [ 12 ] 905212562   403.600 MHz ##############
23:49:51 836	Age sonde 4.6, balloon 4.6, position 01h
23:49:51 836	IR2010 <-- 12SONDE EN MARCHE EFFECTUE :SN=905212562 :TR=236Cx10 :TC=236Cx10 :KT=099931 :UR=51% :UC=53% :KU=0000
23:50:31 117	IR2010 --> FICHIERS CREES=c:\gpsonde\Data\2019\BA201910222350.cor
23:50:31 117	IR2010 --> SONDE 905212562 OK : 20.3°C 99.0% 5.8V
23:50:31 117	Camera: 20191022_2350_1.jpg
23:50:38 793	############## INFLATION 1000 l, Source 1, 1.377 bar #############
23:50:58 168	Balloon detection low     (46 l, 166 l/mn, 1.366 bar)
23:51:57 183	Balloon detection high    (208 l, 166 l/mn, 1.364 bar)
23:56:46 033	Inflation end [ 12 ]      (1000 l, 165.0 l/min, remaining 0.0 m3 / 0.0 m3)
23:56:46 033	########################### LAUNCH ###############################
23:56:46 033	Roof opening
23:56:46 033	IR2010 <-- 17PING 
23:56:46 033	IR2010 --> PING LAST DATA SONDE 1s AGO, Alt=98.0m Ascent=0.0m/s Lat=41.384474 Lng=2.117413 T=20.1°C U=97.8% GpsTime=86228
23:57:01 383	Roof open
23:57:02 226	IR2010 <-- 14SOL DD=318° :FF=7.1M/S :T=16.23°C :U=81.7%
23:57:02 522	Balloon [ 12 ] release   (wind 7.1 m/s   318°)
23:57:02 522	IR2010 <-- 08LACHER EFFECTUE
23:57:03 739	Sonde [ 12 ] OUT
23:57:04 425	Balloon absence high
23:57:04 425	Balloon absence low 
23:57:11 336	Roof closure
23:57:26 390	Roof closed
23:57:26 390	Roof closed
23:57:46 264	IR2010 --> DEPART DETECTE
23:57:50 882	Gas pressure 1.087 bar -> 1.382 bar  (+0.295 bar/min)
01:02:39 906	IR2010 --> SONDAGE OK 14955m 124.6hPa 4.0m/s
01:02:39 906	IR2010 <-- 16ARRET
01:02:39 922	======================= Radiosounding end ========================
01:02:39 922	Next launch : 23 oct 11:00

