
10:50:00 514	======================= Launch planned 11:00 =====================
10:50:00 514	Sondes list :   X   X   X   3.1   3.0   X   X   X   X   3.0   3.0   3.0
10:50:00 514	Flowmeter : 22.3°C, 1.297 bar
10:50:00 514	Wind OK    (2.3 m/s   340°)
10:50:00 826	Radiosounding software connection
10:50:05 881	IR2010 --> STATION OK. PRESSION BARO=1007.8
10:50:05 881	IR2010 <-- 11404.0 MHz ?
10:50:16 021	IR2010 --> FREQUENCE LIBRE
10:50:16 021	IR2010 <-- 14SOL DD=353° :FF=1.4M/S :T=16.52°C :U=64.0%
10:50:16 021	Relaunch parameters 10min 300hPa
10:50:16 535	############## SONDE [ 4 ] 906210029   404.000 MHz ##############
10:50:16 535	Age sonde 3.1, balloon 3.1, position 01h
10:50:16 535	IR2010 <-- 12SONDE EN MARCHE EFFECTUE :SN=906210029 :TR=234Cx10 :TC=232Cx10 :KT=099044 :UR=45% :UC=46% :KU=0000
10:51:04 724	IR2010 --> FICHIERS CREES=c:\gpsonde\Data\2019\BA201910211051.cor
10:51:04 724	IR2010 --> SONDE 906210029 OK : 21.1°C 59.1% 5.9V
10:51:04 724	Camera: 20191021_1051_1.jpg
10:51:12 384	############## INFLATION 1000 l, Source 1, 1.298 bar #############
10:51:34 192	Balloon detection low     (56 l, 166 l/mn, 1.333 bar)
10:52:35 033	Balloon detection high    (224 l, 166 l/mn, 1.335 bar)
10:57:18 672	Inflation end [ 4 ]      (1002 l, 165.0 l/min, remaining 1.9 m3 / 0.0 m3)
10:58:23 444	Gas pressure 1.106 bar -> 1.399 bar  (+0.293 bar/min)
11:00:00 803	########################### LAUNCH ###############################
11:00:00 803	Roof opening
11:00:00 803	IR2010 <-- 17PING 
11:00:00 803	IR2010 --> PING LAST DATA SONDE 1s AGO, Alt=98.0m Ascent=0.0m/s Lat=41.384459 Lng=2.117524 T=20.6°C U=63.2% GpsTime=39620
11:00:15 592	Roof open
11:00:16 013	IR2010 <-- 14SOL DD=083° :FF=0.6M/S :T=17.16°C :U=63.8%
11:00:16 388	Balloon [ 4 ] release   (wind 0.6 m/s   83°)
11:00:16 388	IR2010 <-- 08LACHER EFFECTUE
11:00:17 605	Sonde [ 4 ] OUT
11:00:18 634	Balloon absence low 
11:00:19 243	Balloon absence high
11:00:26 138	Roof closure
11:00:39 164	IR2010 --> DEPART DETECTE
11:00:42 393	Roof closed
12:46:06 036	IR2010 --> SONDAGE OK 29220m 13.1hPa 4.6m/s
12:46:06 036	IR2010 <-- 16ARRET
12:46:06 036	======================= Radiosounding end ========================
12:46:06 036	Next launch : 21 oct 23:00

15:57:53 895	Chargement/loading [ 1 ]
15:59:23 673	GC value sonde ON: 55.5%
15:59:28 026	GC value sonde OFF: 55.5%
15:59:44 843	Door open
16:02:01 764	Chargement/Loading [ 1 ] 905212844 6.1V 6350Hz TR=241Cx10:TC=240Cx10:KT=099752:UR=55%:UC=57%:KU=0000
16:02:02 544	Chargement/loading [ 2 ]
16:03:04 663	GC value sonde ON: 55.7%
16:03:09 156	GC value sonde OFF: 55.8%
16:06:14 516	Chargement/Loading [ 2 ] 905212774 6.0V 6441Hz TR=241Cx10:TC=242Cx10:KT=100251:UR=56%:UC=54%:KU=6486
16:06:15 264	Chargement/loading [ 3 ]
16:07:28 663	GC value sonde ON: 55.5%
16:07:32 765	GC value sonde OFF: 55.8%
16:10:07 268	Chargement/Loading [ 3 ] 905212593 6.1V 6330Hz TR=241Cx10:TC=244Cx10:KT=101271:UR=56%:UC=54%:KU=6377
16:10:11 090	Chargement/loading [ 4 ]
16:11:06 657	GC value sonde ON: 56.6%
16:11:10 713	GC value sonde OFF: 56.6%
16:14:00 941	Chargement/Loading [ 4 ] 905212762 6.2V 6368Hz TR=242Cx10:TC=243Cx10:KT=100293:UR=57%:UC=58%:KU=0000
16:14:01 549	Chargement/loading [ 6 ]
16:15:15 665	GC value sonde ON: 56.9%
16:15:20 236	GC value sonde OFF: 57.0%
16:17:41 447	Chargement/Loading [ 6 ] 905212782 6.1V 6355Hz TR=243Cx10:TC=244Cx10:KT=100504:UR=57%:UC=58%:KU=0000
16:17:42 180	Chargement/loading [ 7 ]
16:18:42 646	GC value sonde ON: 56.6%
16:18:47 061	GC value sonde OFF: 56.6%
16:21:12 360	Chargement/Loading [ 7 ] 905212848 6.1V 6310Hz TR=243Cx10:TC=243Cx10:KT=099886:UR=57%:UC=57%:KU=0000
16:21:13 249	Chargement/loading [ 9 ]
16:22:26 631	GC value sonde ON: 55.9%
16:22:31 140	GC value sonde OFF: 56.2%
16:25:15 533	Chargement/Loading [ 9 ] 905212775 6.2V 6334Hz TR=244Cx10:TC=246Cx10:KT=100590:UR=56%:UC=54%:KU=6376
16:28:06 663	Door closed

22:50:00 233	======================= Launch planned 23:00 =====================
22:50:00 233	Sondes list :   0.3   0.3   0.3   0.3   3.5   0.3   0.3   X   0.3   3.5   3.5   3.5
22:50:00 233	Flowmeter : 21.9°C, 1.295 bar
22:50:00 233	Wind OK    (0.9 m/s   7°)
22:50:00 576	Radiosounding software connection
22:50:05 631	IR2010 --> STATION OK. PRESSION BARO=1009.1
22:50:05 631	IR2010 <-- 11404.0 MHz ?
22:50:15 771	IR2010 --> FREQUENCE LIBRE
22:50:15 771	IR2010 <-- 14SOL DD=008° :FF=0.9M/S :T=16.08°C :U=72.7%
22:50:15 771	Relaunch parameters 10min 300hPa
22:50:16 286	############## SONDE [ 5 ] 905212850   404.000 MHz ##############
22:50:16 286	Age sonde 3.5, balloon 3.5, position 01h
22:50:16 286	IR2010 <-- 12SONDE EN MARCHE EFFECTUE :SN=905212850 :TR=234Cx10 :TC=236Cx10 :KT=100828 :UR=49% :UC=47% :KU=0000
22:51:02 446	IR2010 --> FICHIERS CREES=c:\gpsonde\Data\2019\BA201910212251.cor
22:51:02 446	IR2010 --> SONDE 905212850 OK : 20.6°C 65.0% 5.8V
22:51:02 446	Camera: 20191021_2251_1.jpg
22:51:11 494	############## INFLATION 1000 l, Source 1, 1.295 bar #############
22:51:39 387	Balloon detection low     (72 l, 166 l/mn, 1.326 bar)
22:52:35 360	Balloon detection high    (229 l, 166 l/mn, 1.328 bar)
22:57:16 004	Inflation end [ 5 ]      (1001 l, 165.4 l/min, remaining 0.7 m3 / 0.0 m3)
22:58:20 120	Gas pressure 1.096 bar -> 1.412 bar  (+0.316 bar/min)
23:00:00 522	########################### LAUNCH ###############################
23:00:00 522	Roof opening
23:00:00 522	IR2010 <-- 17PING 
23:00:00 522	IR2010 --> PING LAST DATA SONDE 0s AGO, Alt=98.0m Ascent=0.0m/s Lat=41.384507 Lng=2.117494 T=20.2°C U=66.9% GpsTime=82821
23:00:15 919	Roof open
23:00:16 746	IR2010 <-- 14SOL DD=030° :FF=1.6M/S :T=16.15°C :U=72.1%
23:00:17 370	Balloon [ 5 ] release   (wind 1.6 m/s   30°)
23:00:17 370	IR2010 <-- 08LACHER EFFECTUE
23:00:19 195	Sonde [ 5 ] OUT
23:00:20 178	Balloon absence high
23:00:20 178	Balloon absence low 
23:00:26 871	Roof closure
23:00:43 360	Roof closed
23:00:43 360	Roof closed
23:01:01 191	IR2010 --> DEPART DETECTE
00:20:06 235	IR2010 --> SONDAGE OK 20510m 51.1hPa 4.3m/s
00:20:06 235	IR2010 <-- 16ARRET
00:20:06 251	======================= Radiosounding end ========================
00:20:06 251	Next launch : 22 oct 11:00

