09:33:50 136	Flow setting rack 1 : 190 l/min
09:38:16 302	Flow setting rack 1 : 170 l/min

10:50:00 854	======================= Launch planned 11:00 =====================
10:50:00 854	Sondes list :   1.7   0.7   0.7   1.7   0.7   0.7   0.7   X   0.7   0.7   X   5.1
10:50:00 854	Flowmeter : 22.8°C, 1.399 bar
10:50:00 854	Wind OK    (2.0 m/s   290°)
10:50:01 275	Radiosounding software connection
10:50:06 330	IR2010 --> STATION OK. PRESSION BARO=1005.7
10:50:06 330	IR2010 <-- 11404.0 MHz ?
10:50:16 470	IR2010 --> FREQUENCE LIBRE
10:50:16 470	IR2010 <-- 14SOL DD=284° :FF=2.8M/S :T=18.23°C :U=39.4%
10:50:16 470	Relaunch parameters 10min 300hPa
10:50:16 860	############## SONDE [ 12 ] 905212776   404.000 MHz ##############
10:50:16 860	Age sonde 5.1, balloon 5.1, position 01h
10:50:16 860	IR2010 <-- 12SONDE EN MARCHE EFFECTUE :SN=905212776 :TR=237Cx10 :TC=236Cx10 :KT=099714 :UR=48% :UC=48% :KU=0000
10:50:26 610	IR2010 --> SONDE 905212776 KO. CAUSE=Humidity sensor KO
10:50:27 140	            -------------------------------///-------------------------------
10:50:27 140	IR2010 <-- 11403.6 MHz ?
10:50:36 750	IR2010 --> FREQUENCE LIBRE
10:50:36 750	IR2010 <-- 14SOL DD=292° :FF=2.4M/S :T=18.34°C :U=39.5%
10:50:36 750	Relaunch parameters 10min 300hPa
10:50:36 968	############## SONDE [ 1 ] 905212755   403.600 MHz ##############
10:50:36 968	Age sonde 1.7, balloon 1.7, position 02h
10:50:36 968	IR2010 <-- 12SONDE EN MARCHE EFFECTUE :SN=905212755 :TR=226Cx10 :TC=227Cx10 :KT=100483 :UR=75% :UC=78% :KU=0000
10:51:19 369	IR2010 --> FICHIERS CREES=c:\gpsonde\Data\2019\BA201910151051.cor
10:51:19 369	IR2010 --> SONDE 905212755 OK : 22.5°C 40.8% 5.5V
10:51:19 369	Camera: 20191015_1051_1.jpg
10:51:32 426	############## INFLATION 1000 l, Source 1, 1.397 bar #############
10:51:54 235	Balloon detection low     (54 l, 166 l/mn, 1.327 bar)
10:52:45 949	Balloon detection high    (197 l, 166 l/mn, 1.331 bar)
10:57:36 141	Inflation end [ 1 ]      (1002 l, 166.5 l/min, remaining 15.7 m3 / 0.0 m3)
10:58:41 037	Gas pressure 1.087 bar -> 1.407 bar  (+0.320 bar/min)
11:00:00 145	########################### LAUNCH ###############################
11:00:00 145	Roof opening
11:00:00 145	IR2010 <-- 17PING 
11:00:00 145	IR2010 --> PING LAST DATA SONDE 1s AGO, Alt=98.0m Ascent=0.0m/s Lat=41.384491 Lng=2.117501 T=22.7°C U=40.9% GpsTime=39621
11:00:14 949	Roof open
11:00:15 355	IR2010 <-- 14SOL DD=174° :FF=0.8M/S :T=18.85°C :U=38.6%
11:00:15 604	Balloon [ 1 ] release   (wind 0.8 m/s   174°)
11:00:15 604	IR2010 <-- 08LACHER EFFECTUE
11:00:16 821	Sonde [ 1 ] OUT
11:00:17 383	Balloon absence low 
11:00:17 991	Balloon absence high
11:00:24 465	Roof closure
11:00:40 268	IR2010 --> DEPART DETECTE
11:00:41 157	Roof closed
13:34:47 842	IR2010 --> SONDAGE OK 30059m 11.8hPa 3.4m/s
13:34:47 858	IR2010 <-- 16ARRET
13:34:47 858	======================= Radiosounding end ========================
13:34:47 858	Next launch : 15 oct 23:00


22:50:00 577	======================= Launch planned 23:00 =====================
22:50:00 577	Sondes list :   X   1.2   1.2   2.2   1.2   1.2   1.2   X   1.2   1.2   X   X
22:50:00 577	Flowmeter : 21.4°C, 1.296 bar
22:50:00 577	Wind OK    (1.2 m/s   32°)
22:50:00 874	Radiosounding software connection
22:50:05 928	IR2010 --> STATION OK. PRESSION BARO=1009.5
22:50:05 928	IR2010 <-- 11404.0 MHz ?
22:50:16 068	IR2010 --> FREQUENCE LIBRE
22:50:16 068	IR2010 <-- 14SOL DD=033° :FF=0.7M/S :T=16.65°C :U=47.2%
22:50:16 068	Relaunch parameters 10min 300hPa
22:50:16 318	############## SONDE [ 4 ] 905212581   404.000 MHz ##############
22:50:16 318	Age sonde 2.2, balloon 2.2, position 03h
22:50:16 318	IR2010 <-- 12SONDE EN MARCHE EFFECTUE :SN=905212581 :TR=226Cx10 :TC=226Cx10 :KT=099970 :UR=76% :UC=79% :KU=0000
22:51:00 716	IR2010 --> FICHIERS CREES=c:\gpsonde\Data\2019\BA201910152251.cor
22:51:00 716	IR2010 --> SONDE 905212581 OK : 21.2°C 45.0% 5.7V
22:51:00 716	Camera: 20191015_2251_1.jpg
22:51:20 200	############## INFLATION 1000 l, Source 1, 1.297 bar #############
22:51:34 100	Balloon detection low     (34 l, 184 l/mn, 1.393 bar)
22:52:41 632	Balloon detection high    (221 l, 168 l/mn, 1.343 bar)
22:57:21 637	Inflation end [ 4 ]      (1001 l, 167.1 l/min, remaining 14.5 m3 / 0.0 m3)
22:58:25 535	Gas pressure 1.079 bar -> 1.413 bar  (+0.334 bar/min)
23:00:00 867	########################### LAUNCH ###############################
23:00:00 867	Roof opening
23:00:00 867	IR2010 <-- 17PING 
23:00:00 867	IR2010 --> PING LAST DATA SONDE 1s AGO, Alt=98.0m Ascent=0.0m/s Lat=41.384489 Lng=2.117526 T=19.4°C U=44.0% GpsTime=82823
23:00:16 732	Roof open
23:00:17 091	IR2010 <-- 14SOL DD=078° :FF=0.5M/S :T=16.56°C :U=47.6%
23:00:17 527	Balloon [ 4 ] release   (wind 0.5 m/s   76°)
23:00:17 527	IR2010 <-- 08LACHER EFFECTUE
23:00:18 744	Sonde [ 4 ] OUT
23:00:19 774	Balloon absence high
23:00:19 774	Balloon absence low 
23:00:26 201	Roof closure
23:00:40 335	IR2010 --> DEPART DETECTE
23:00:42 316	Roof closed
00:46:08 065	IR2010 --> SONDAGE OK 27023m 18.7hPa 4.3m/s
00:46:08 065	IR2010 <-- 16ARRET
00:46:08 065	======================= Radiosounding end ========================
00:46:08 065	Next launch : 16 oct 11:00

