
10:50:00 331	======================= Launch planned 11:00 =====================
10:50:00 331	Sondes list :   X   X   1.8   X   1.8   1.8   1.8   X   1.8   1.8   1.8   1.8
10:50:00 331	Flowmeter : 23.5°C, 1.293 bar
10:50:00 331	Wind OK    (0.6 m/s   121°)
10:50:00 596	Radiosounding software connection
10:50:05 651	IR2010 --> STATION OK. PRESSION BARO=1008.3
10:50:05 651	IR2010 <-- 11404.0 MHz ?
10:50:15 791	IR2010 --> FREQUENCE LIBRE
10:50:15 791	IR2010 <-- 14SOL DD=127° :FF=0.5M/S :T=20.65°C :U=72.9%
10:50:15 791	Relaunch parameters 10min 300hPa
10:50:15 947	############## SONDE [ 3 ] 904213935   404.000 MHz ##############
10:50:15 947	Age sonde 1.8, balloon 1.8, position 01h
10:50:15 947	IR2010 <-- 12SONDE EN MARCHE EFFECTUE :SN=904213935 :TR=250Cx10 :TC=251Cx10 :KT=100320 :UR=58% :UC=56% :KU=0000
10:50:59 424	IR2010 --> FICHIERS CREES=c:\gpsonde\Data\2019\BA201910061050.cor
10:50:59 424	IR2010 --> SONDE 904213935 OK : 22.7°C 72.3% 5.9V
10:50:59 424	Camera: 20191006_1050_1.jpg
10:51:06 943	############## INFLATION 1000 l, Source 1, 1.292 bar #############
10:51:25 164	Balloon detection low     (46 l, 164 l/mn, 1.335 bar)
10:52:30 871	Balloon detection high    (223 l, 163 l/mn, 1.334 bar)
10:57:16 898	Inflation end [ 3 ]      (1001 l, 163.2 l/min, remaining 0.0 m3 / 0.0 m3)
10:58:21 279	Gas pressure 1.072 bar -> 1.399 bar  (+0.327 bar/min)
11:00:00 651	########################### LAUNCH ###############################
11:00:00 651	Roof opening
11:00:00 651	IR2010 <-- 17PING 
11:00:00 651	IR2010 --> PING LAST DATA SONDE 1s AGO, Alt=98.0m Ascent=0.0m/s Lat=41.384519 Lng=2.117490 T=22.9°C U=77.2% GpsTime=39618
11:00:15 690	Roof open
11:00:15 861	IR2010 <-- 14SOL DD=076° :FF=0.9M/S :T=20.47°C :U=73.3%
11:00:16 439	Balloon [ 3 ] release   (wind 0.9 m/s   75°)
11:00:16 439	IR2010 <-- 08LACHER EFFECTUE
11:00:17 655	Sonde [ 3 ] OUT
11:00:18 732	Balloon absence high
11:00:18 732	Balloon absence low 
11:00:24 988	Roof closure
11:00:40 697	Roof closed
11:00:40 697	Roof closed
11:00:42 038	IR2010 --> DEPART DETECTE
13:01:21 449	IR2010 --> SONDAGE OK 30793m 10.5hPa 4.6m/s
13:01:21 449	IR2010 <-- 16ARRET
13:01:21 465	======================= Radiosounding end ========================
13:01:21 465	Next launch : 06 oct 23:00


22:50:00 083	======================= Launch planned 23:00 =====================
22:50:00 083	Sondes list :   X   X   X   X   2.3   2.3   2.3   X   2.3   2.3   2.3   2.3
22:50:00 083	Flowmeter : 23.5°C, 1.289 bar
22:50:00 083	Wind OK    (2.1 m/s   19°)
22:50:00 364	Radiosounding software connection
22:50:05 434	IR2010 --> STATION OK. PRESSION BARO=1005.6
22:50:05 434	IR2010 <-- 11404.0 MHz ?
22:50:15 574	IR2010 --> FREQUENCE LIBRE
22:50:15 574	IR2010 <-- 14SOL DD=019° :FF=2.2M/S :T=20.30°C :U=78.1%
22:50:15 574	Relaunch parameters 10min 300hPa
22:50:15 761	############## SONDE [ 5 ] 904213909   404.000 MHz ##############
22:50:15 761	Age sonde 2.3, balloon 2.3, position 02h
22:50:15 761	IR2010 <-- 12SONDE EN MARCHE EFFECTUE :SN=904213909 :TR=251Cx10 :TC=250Cx10 :KT=099710 :UR=62% :UC=63% :KU=0000
22:51:04 262	IR2010 --> FICHIERS CREES=c:\gpsonde\Data\2019\BA201910062251.cor
22:51:04 277	IR2010 --> SONDE 904213909 OK : 23.0°C 81.5% 5.9V
22:51:04 277	Camera: 20191006_2251_1.jpg
22:51:18 302	############## INFLATION 1000 l, Source 1, 1.288 bar #############
22:51:40 719	Balloon detection low     (55 l, 164 l/mn, 1.324 bar)
22:52:42 167	Balloon detection high    (224 l, 164 l/mn, 1.323 bar)
22:57:28 896	Inflation end [ 5 ]      (1003 l, 163.3 l/min, remaining 0.0 m3 / 0.0 m3)
22:58:33 152	Gas pressure 1.070 bar -> 1.404 bar  (+0.334 bar/min)
23:00:00 372	########################### LAUNCH ###############################
23:00:00 372	Roof opening
23:00:00 372	IR2010 <-- 17PING 
23:00:00 372	IR2010 --> PING LAST DATA SONDE 0s AGO, Alt=98.0m Ascent=0.0m/s Lat=41.384511 Lng=2.117464 T=23.0°C U=80.7% GpsTime=82819
23:00:15 426	Roof open
23:00:15 582	IR2010 <-- 14SOL DD=005° :FF=2.3M/S :T=20.23°C :U=78.2%
23:00:15 660	Balloon [ 5 ] release   (wind 2.3 m/s   5°)
23:00:15 660	IR2010 <-- 08LACHER EFFECTUE
23:00:16 877	Sonde [ 5 ] OUT
23:00:17 860	Balloon absence high
23:00:17 860	Balloon absence low 
23:00:24 693	Roof closure
23:00:40 433	Roof closed
23:00:40 433	Roof closed
23:00:43 101	IR2010 --> DEPART DETECTE
00:03:34 345	IR2010 --> SONDAGE OK 17879m 79.3hPa 4.8m/s
00:03:34 345	IR2010 <-- 16ARRET
00:03:34 360	======================= Radiosounding end ========================
00:03:34 360	Next launch : 07 oct 11:00

