
10:50:00 686	======================= Launch planned 11:00 =====================
10:50:00 686	Sondes list :   X   X   3.1   3.1   3.1   3.1   3.1   X   X   X   X   X
10:50:00 686	Flowmeter : 16.2°C, 1.267 bar
10:50:00 686	Wind OK    (0.5 m/s   18°)
10:50:00 983	Radiosounding software connection
10:50:06 037	IR2010 --> STATION OK. PRESSION BARO=1010.7
10:50:06 037	IR2010 <-- 11404.0 MHz ?
10:50:16 177	IR2010 --> FREQUENCE LIBRE
10:50:16 177	IR2010 <-- 14SOL DD=117° :FF=0.5M/S :T=28.30°C :U=33.7%
10:50:16 177	Relaunch parameters 10min 300hPa
10:50:16 302	############## SONDE [ 3 ] 904213835   404.000 MHz ##############
10:50:16 302	Age sonde 3.1, balloon 3.1, position 01h
10:50:16 302	IR2010 <-- 12SONDE EN MARCHE EFFECTUE :SN=904213835 :TR=247Cx10 :TC=251Cx10 :KT=101632 :UR=56% :UC=55% :KU=0000
10:51:01 839	IR2010 --> FICHIERS CREES=c:\gpsonde\Data\2019\BA201909031051.cor
10:51:01 839	IR2010 --> SONDE 904213835 OK : 19.9°C 53.6% 5.9V
10:51:01 839	Camera: 20190903_1051_1.jpg
10:51:09 264	############## INFLATION 1000 l, Source 1, 1.268 bar #############
10:51:28 359	Balloon detection low     (47 l, 161 l/mn, 1.322 bar)
10:52:31 679	Balloon detection high    (216 l, 161 l/mn, 1.320 bar)
10:57:22 136	Inflation end [ 3 ]      (1000 l, 163.1 l/min, remaining 30.5 m3 / 0.0 m3)
10:58:26 658	Gas pressure 1.076 bar -> 1.389 bar  (+0.313 bar/min)
11:00:00 976	########################### LAUNCH ###############################
11:00:00 976	Roof opening
11:00:00 976	IR2010 <-- 17PING 
11:00:00 976	IR2010 --> PING LAST DATA SONDE 1s AGO, Alt=98.0m Ascent=0.0m/s Lat=41.384504 Lng=2.117502 T=19.9°C U=57.0% GpsTime=39622
11:00:15 390	Roof open
11:00:16 186	IR2010 <-- 14SOL DD=113° :FF=1.7M/S :T=27.31°C :U=39.8%
11:00:16 810	Balloon [ 3 ] release   (wind 1.7 m/s   110°)
11:00:16 810	IR2010 <-- 08LACHER EFFECTUE
11:00:18 089	Sonde [ 3 ] OUT
11:00:19 228	Balloon absence high
11:00:19 228	Balloon absence low 
11:00:26 310	Roof closure
11:00:41 676	Roof closed
11:00:41 676	Roof closed
11:00:42 284	IR2010 --> DEPART DETECTE
12:23:50 736	IR2010 --> SONDAGE OK 20990m 49.4hPa 4.2m/s
12:23:50 752	IR2010 <-- 16ARRET
12:23:50 752	======================= Radiosounding end ========================
12:23:50 752	Next launch : 03 set 23:00

15:53:45 497	Chargement/loading [ 1 ]
15:57:36 985	Door open
15:58:14 800	GC value sonde ON: 54.8%
15:58:18 825	GC value sonde OFF: 54.6%
15:59:46 544	Chargement/Loading [ 1 ] 904213836 6.1V 6444Hz TR=250Cx10:TC=249Cx10:KT=099569:UR=55%:UC=57%:KU=0000
15:59:47 121	Chargement/loading [ 2 ]
16:01:11 766	GC value sonde ON: 52.0%
16:01:16 275	GC value sonde OFF: 52.1%
16:02:06 850	Chargement/Loading [ 2 ] 904213919 6.3V 6350Hz TR=251Cx10:TC=252Cx10:KT=100359:UR=52%:UC=53%:KU=0000
16:02:07 833	Chargement/loading [ 3 ]
16:03:46 784	GC value sonde ON: 51.0%
16:03:51 448	GC value sonde OFF: 51.1%
16:04:41 197	Chargement/Loading [ 3 ] 904213933 6.3V 6447Hz TR=252Cx10:TC=249Cx10:KT=098945:UR=51%:UC=52%:KU=0000
16:04:41 899	Chargement/loading [ 8 ]
16:06:06 732	GC value sonde ON: 48.3%
16:06:11 334	GC value sonde OFF: 48.9%
16:08:02 156	Chargement/Loading [ 8 ] 904213895 6.1V 6414Hz TR=252Cx10:TC=254Cx10:KT=100875:UR=49%:UC=49%:KU=0000
16:08:03 014	Chargement/loading [ 9 ]
16:15:52 794	GC value sonde ON: 50.7%
16:15:57 520	GC value sonde OFF: 50.8%
16:17:21 261	Chargement/Loading [ 9 ] 904213920 6.0V 6457Hz TR=252Cx10:TC=254Cx10:KT=100700:UR=51%:UC=48%:KU=6413
16:17:22 057	Chargement/loading [ 10 ]
16:18:30 916	GC value sonde ON: 49.2%
16:18:34 675	GC value sonde OFF: 49.4%
16:19:28 511	GPS not fixed yet [ 10 ], sat = 64 80 88 88 80 96 80 80 88 88         < ERROR
16:19:30 289	GPS not fixed yet [ 10 ], sat = 64 80 88 88 80 96 80 80 88 88         < ERROR
16:19:44 360	GPS not fixed yet [ 10 ], sat = 48 72 72 72 72 72 64 64 72 72 48      < ERROR
16:19:57 043	Chargement/Loading [ 10 ] 904213923 6.2V 6456Hz TR=252Cx10:TC=252Cx10:KT=100110:UR=49%:UC=51%:KU=0000
16:20:01 286	Chargement/loading [ 11 ]
16:20:51 643	GC value sonde ON: 47.8%
16:20:55 543	GC value sonde OFF: 48.0%
16:21:36 462	Chargement/Loading [ 11 ] 904213885 6.3V 6431Hz TR=252Cx10:TC=251Cx10:KT=099502:UR=48%:UC=49%:KU=0000
16:21:37 195	Chargement/loading [ 12 ]
16:22:41 624	GC value sonde ON: 47.7%
16:22:46 163	GC value sonde OFF: 47.9%
16:23:37 924	GPS not fixed yet [ 12 ], sat = 80 88 96 80 88 80 80 80 88 64         < ERROR
16:23:47 081	GPS not fixed yet [ 12 ], sat = 80 88 96 80 96 80 88 80 88            < ERROR
16:24:04 865	Chargement/Loading [ 12 ] 904213931 6.2V 6412Hz TR=251Cx10:TC=251Cx10:KT=100036:UR=48%:UC=50%:KU=0000
16:24:18 328	Door closed

22:50:00 441	======================= Launch planned 23:00 =====================
22:50:00 441	Sondes list :   0.3   0.3   0.3   3.6   3.6   3.6   3.6   0.3   0.3   0.3   0.3   0.3
22:50:00 441	Flowmeter : 23.6°C, 1.308 bar
22:50:00 441	Wind OK    (0.8 m/s   344°)
22:50:00 768	Radiosounding software connection
22:50:05 823	IR2010 --> STATION OK. PRESSION BARO=1010.8
22:50:05 823	IR2010 <-- 11404.0 MHz ?
22:50:15 963	IR2010 --> FREQUENCE LIBRE
22:50:15 963	IR2010 <-- 14SOL DD=346° :FF=0.9M/S :T=23.13°C :U=63.6%
22:50:15 963	Relaunch parameters 10min 300hPa
22:50:16 555	############## SONDE [ 4 ] 904213846   404.000 MHz ##############
22:50:16 555	Age sonde 3.6, balloon 3.6, position 09h
22:50:16 555	IR2010 <-- 12SONDE EN MARCHE EFFECTUE :SN=904213846 :TR=246Cx10 :TC=250Cx10 :KT=101578 :UR=55% :UC=54% :KU=0000
22:51:00 610	IR2010 --> FICHIERS CREES=c:\gpsonde\Data\2019\BA201909032251.cor
22:51:00 610	IR2010 --> SONDE 904213846 OK : 22.7°C 76.2% 5.8V
22:51:00 610	Camera: 20190903_2251_1.jpg
22:51:57 394	############## INFLATION 1000 l, Source 1, 1.308 bar #############
22:52:19 686	Balloon detection low     (55 l, 161 l/mn, 1.323 bar)
22:53:24 286	Balloon detection high    (229 l, 161 l/mn, 1.324 bar)
22:58:11 592	Inflation end [ 4 ]      (1001 l, 161.4 l/min, remaining 29.4 m3 / 0.0 m3)
22:59:16 098	Gas pressure 1.077 bar -> 1.387 bar  (+0.310 bar/min)
23:00:00 730	########################### LAUNCH ###############################
23:00:00 730	Roof opening
23:00:00 730	IR2010 <-- 17PING 
23:00:00 730	IR2010 --> PING LAST DATA SONDE 0s AGO, Alt=98.0m Ascent=0.0m/s Lat=41.384475 Lng=2.117458 T=22.9°C U=79.0% GpsTime=82823
23:00:16 189	Roof open
23:00:16 954	IR2010 <-- 14SOL DD=215° :FF=0.2M/S :T=23.00°C :U=63.9%
23:00:17 016	Balloon [ 4 ] release   (wind 0.2 m/s   215°)
23:00:17 016	IR2010 <-- 08LACHER EFFECTUE
23:00:18 295	Sonde [ 4 ] OUT
23:00:19 387	Balloon absence high
23:00:19 387	Balloon absence low 
23:00:26 064	Roof closure
23:00:41 836	Roof closed
23:00:58 309	IR2010 --> DEPART DETECTE
00:40:20 203	IR2010 --> SONDAGE OK 25439m 24.5hPa 4.2m/s
00:40:20 203	IR2010 <-- 16ARRET
00:40:20 203	======================= Radiosounding end ========================
00:40:20 203	Next launch : 04 set 11:00

