
10:50:00 018	======================= Launch planned 11:00 =====================
10:50:00 018	Sondes list :   X   3.8   3.8   3.8   X   X   X   X   X   X   X   3.8
10:50:00 018	Flowmeter : 22.4°C, 1.297 bar
10:50:00 018	Wind OK    (2.0 m/s   217°)
10:50:00 439	Radiosounding software connection
10:50:05 493	IR2010 --> STATION OK. PRESSION BARO=1008.2
10:50:05 493	IR2010 <-- 11404.0 MHz ?
10:50:15 633	IR2010 --> FREQUENCE LIBRE
10:50:15 633	IR2010 <-- 14SOL DD=219° :FF=2.4M/S :T=24.14°C :U=71.0%
10:50:15 633	Relaunch parameters 10min 300hPa
10:50:15 758	############## SONDE [ 2 ] 904213806   404.000 MHz ##############
10:50:15 758	Age sonde 3.8, balloon 3.8, position 01h
10:50:15 758	IR2010 <-- 12SONDE EN MARCHE EFFECTUE :SN=904213806 :TR=257Cx10 :TC=255Cx10 :KT=099286 :UR=60% :UC=58% :KU=0000
10:50:57 239	IR2010 --> FICHIERS CREES=c:\gpsonde\Data\2019\BA201909271050.cor
10:50:57 239	IR2010 --> SONDE 904213806 OK : 21.8°C 76.6% 5.8V
10:50:57 239	Camera: 20190927_1050_1.jpg
10:51:04 930	############## INFLATION 1000 l, Source 1, 1.298 bar #############
10:51:24 664	Balloon detection low     (50 l, 163 l/mn, 1.330 bar)
10:52:29 263	Balloon detection high    (223 l, 163 l/mn, 1.330 bar)
10:57:15 196	Inflation end [ 2 ]      (1001 l, 163.5 l/min, remaining 7.5 m3 / 0.0 m3)
10:58:19 905	Gas pressure 1.082 bar -> 1.400 bar  (+0.318 bar/min)
11:00:00 307	########################### LAUNCH ###############################
11:00:00 307	Roof opening
11:00:00 307	IR2010 <-- 17PING 
11:00:00 307	IR2010 --> PING LAST DATA SONDE 1s AGO, Alt=98.0m Ascent=0.0m/s Lat=41.384503 Lng=2.117478 T=22.1°C U=84.9% GpsTime=39627
11:00:15 533	Roof open
11:00:16 531	IR2010 <-- 14SOL DD=332° :FF=0.7M/S :T=24.36°C :U=70.4%
11:00:16 905	Balloon [ 2 ] release   (wind 0.7 m/s   332°)
11:00:16 905	IR2010 <-- 08LACHER EFFECTUE
11:00:19 464	Sonde [ 2 ] OUT
11:00:20 010	Balloon absence low 
11:00:20 649	Balloon absence high
11:00:27 669	Roof closure
11:00:41 631	IR2010 --> DEPART DETECTE
11:00:43 706	Roof closed
11:00:43 706	Roof closed
12:42:05 314	IR2010 --> SONDAGE OK 27531m 17.2hPa 4.5m/s
12:42:05 330	IR2010 <-- 16ARRET
12:42:05 330	======================= Radiosounding end ========================
12:42:05 330	Next launch : 27 set 23:00

15:43:06 537	Chargement/loading [ 1 ]
15:43:10 702	Door open
15:46:31 085	GC value sonde ON: 73.2%
15:46:35 156	GC value sonde OFF: 71.7%
15:50:15 538	Chargement/Loading [ 1 ] 904213934 6.1V 6181Hz TR=257Cx10:TC=257Cx10:KT=100186:UR=72%:UC=72%:KU=0000
15:50:19 235	Chargement/loading [ 2 ]
15:51:24 100	GC value sonde ON: 70.2%
15:51:28 140	GC value sonde OFF: 70.3%
15:56:59 204	Chargement/Loading [ 2 ] 904213924 6.1V 6224Hz TR=257Cx10:TC=259Cx10:KT=100757:UR=70%:UC=69%:KU=0000
15:57:00 951	Chargement/loading [ 5 ]
16:00:42 097	GC value sonde ON: 68.0%
16:00:45 826	GC value sonde OFF: 68.1%
16:01:58 116	Chargement/Loading [ 5 ] 904213887 6.2V 6256Hz TR=255Cx10:TC=257Cx10:KT=100774:UR=68%:UC=69%:KU=0000
16:01:59 255	Chargement/loading [ 6 ]
16:02:54 089	GC value sonde ON: 71.0%
16:02:58 722	GC value sonde OFF: 70.9%
16:03:59 734	Chargement/Loading [ 6 ] 904213913 6.2V 6163Hz TR=256Cx10:TC=254Cx10:KT=099353:UR=71%:UC=71%:KU=0000
16:04:01 263	Chargement/loading [ 7 ]
16:04:54 100	GC value sonde ON: 75.0%
16:04:58 297	GC value sonde OFF: 73.5%
16:06:44 205	Chargement/Loading [ 7 ] 904213899 6.1V 6123Hz TR=256Cx10:TC=257Cx10:KT=100293:UR=74%:UC=75%:KU=0000
16:06:45 578	Chargement/loading [ 8 ]
16:07:41 114	GC value sonde ON: 75.5%
16:07:45 701	GC value sonde OFF: 75.4%
16:09:45 306	Chargement/Loading [ 8 ] 904213889 6.1V 6070Hz TR=257Cx10:TC=256Cx10:KT=099723:UR=75%:UC=78%:KU=0000
16:09:46 788	Chargement/loading [ 9 ]
16:12:52 101	GC value sonde ON: 76.7%
16:12:55 938	GC value sonde OFF: 76.5%
16:14:33 860	Chargement/Loading [ 9 ] 904213888 6.1V 6079Hz TR=258Cx10:TC=261Cx10:KT=101054:UR=77%:UC=76%:KU=0000
16:14:35 997	Chargement/loading [ 11 ]
16:15:31 096	GC value sonde ON: 77.3%
16:15:35 152	GC value sonde OFF: 77.2%
16:16:25 946	Chargement/Loading [ 11 ] 904213922 6.1V 6185Hz TR=259Cx10:TC=258Cx10:KT=099774:UR=77%:UC=76%:KU=0000
16:16:28 738	Chargement/loading [ 10 ]
16:18:10 076	GC value sonde ON: 75.6%
16:18:14 366	GC value sonde OFF: 75.4%
16:19:03 288	Chargement/Loading [ 10 ] 904213884 6.1V 6122Hz TR=259Cx10:TC=259Cx10:KT=099927:UR=75%:UC=76%:KU=0000
16:19:12 991	Door closed
16:19:14 910	Door open
16:19:18 108	Door closed

22:50:00 752	======================= Launch planned 23:00 =====================
22:50:00 752	Sondes list :   0.3   0.3   4.3   4.3   0.3   0.3   0.3   0.3   0.3   0.3   0.3   4.3
22:50:00 752	Flowmeter : 24.0°C, 1.299 bar
22:50:00 752	Wind OK    (1.0 m/s   312°)
22:50:01 049	Radiosounding software connection
22:50:06 103	IR2010 --> STATION OK. PRESSION BARO=1009.1
22:50:06 103	IR2010 <-- 11404.0 MHz ?
22:50:16 243	IR2010 --> FREQUENCE LIBRE
22:50:16 243	IR2010 <-- 14SOL DD=309° :FF=1.0M/S :T=22.41°C :U=83.6%
22:50:16 243	Relaunch parameters 10min 300hPa
22:50:16 867	############## SONDE [ 3 ] 904213785   404.000 MHz ##############
22:50:16 867	Age sonde 4.3, balloon 4.3, position 10h
22:50:16 867	IR2010 <-- 12SONDE EN MARCHE EFFECTUE :SN=904213785 :TR=257Cx10 :TC=259Cx10 :KT=100658 :UR=57% :UC=56% :KU=0000
22:51:13 059	IR2010 --> FICHIERS CREES=c:\gpsonde\Data\2019\BA201909272251.cor
22:51:13 059	IR2010 --> SONDE 904213785 OK : 22.9°C 90.9% 5.7V
22:51:13 059	Camera: 20190927_2251_1.jpg
22:51:25 258	############## INFLATION 1000 l, Source 1, 1.299 bar #############
22:51:43 073	Balloon detection low     (43 l, 164 l/mn, 1.333 bar)
22:52:52 150	Balloon detection high    (234 l, 164 l/mn, 1.337 bar)
22:57:34 932	Inflation end [ 3 ]      (1002 l, 163.5 l/min, remaining 6.4 m3 / 0.0 m3)
22:58:39 906	Gas pressure 1.077 bar -> 1.398 bar  (+0.321 bar/min)
23:00:00 028	########################### LAUNCH ###############################
23:00:00 028	Roof opening
23:00:00 028	IR2010 <-- 17PING 
23:00:00 028	IR2010 --> PING LAST DATA SONDE 0s AGO, Alt=98.0m Ascent=0.0m/s Lat=41.384487 Lng=2.117551 T=23.1°C U=95.3% GpsTime=82828
23:00:15 394	Roof open
23:00:16 252	IR2010 <-- 14SOL DD=314° :FF=0.6M/S :T=22.32°C :U=83.4%
23:00:16 813	Balloon [ 3 ] release   (wind 0.6 m/s   314°)
23:00:16 813	IR2010 <-- 08LACHER EFFECTUE
23:00:18 092	Sonde [ 3 ] OUT
23:00:19 231	Balloon absence high
23:00:19 231	Balloon absence low 
23:00:25 362	Roof closure
23:00:41 040	Roof closed
23:00:41 040	Roof closed
23:01:04 612	IR2010 --> DEPART DETECTE
00:38:24 872	IR2010 --> SONDAGE OK 26290m 20.9hPa 4.5m/s
00:38:24 888	IR2010 <-- 16ARRET
00:38:24 903	======================= Radiosounding end ========================
00:38:24 903	Next launch : 28 set 11:00

