
10:50:00 230	======================= Launch planned 11:00 =====================
10:50:00 230	Sondes list :   0.8   0.8   X   4.7   0.8   0.8   0.8   0.8   0.8   0.8   4.7   4.7
10:50:00 230	Flowmeter : 23.6°C, 1.289 bar
10:50:00 230	Wind OK    (2.5 m/s   43°)
10:50:00 495	Radiosounding software connection
10:50:05 550	IR2010 --> STATION OK. PRESSION BARO=1002.7
10:50:05 550	IR2010 <-- 11404.0 MHz ?
10:50:15 690	IR2010 --> FREQUENCE LIBRE
10:50:15 690	IR2010 <-- 14SOL DD=056° :FF=2.3M/S :T=21.73°C :U=80.5%
10:50:15 690	Relaunch parameters 10min 300hPa
10:50:16 033	############## SONDE [ 4 ] 904213775   404.000 MHz ##############
10:50:16 033	Age sonde 4.7, balloon 4.7, position 01h
10:50:16 033	IR2010 <-- 12SONDE EN MARCHE EFFECTUE :SN=904213775 :TR=242Cx10 :TC=241Cx10 :KT=099480 :UR=53% :UC=56% :KU=0000
10:50:54 253	IR2010 --> FICHIERS CREES=c:\gpsonde\Data\2019\BA201909211050.cor
10:50:54 253	IR2010 --> SONDE 904213775 OK : 23.3°C 86.9% 5.7V
10:50:54 253	Camera: 20190921_1050_1.jpg
10:51:01 944	############## INFLATION 1000 l, Source 1, 1.289 bar #############
10:51:20 399	Balloon detection low     (46 l, 163 l/mn, 1.327 bar)
10:52:24 359	Balloon detection high    (220 l, 163 l/mn, 1.326 bar)
10:57:12 944	Inflation end [ 4 ]      (1002 l, 163.1 l/min, remaining 11.0 m3 / 0.0 m3)
10:58:17 075	Gas pressure 1.071 bar -> 1.391 bar  (+0.320 bar/min)
11:00:00 519	########################### LAUNCH ###############################
11:00:00 519	Roof opening
11:00:00 519	IR2010 <-- 17PING 
11:00:00 519	IR2010 --> PING LAST DATA SONDE 1s AGO, Alt=98.0m Ascent=0.0m/s Lat=41.384478 Lng=2.117513 T=23.2°C U=92.5% GpsTime=39629
11:00:15 745	Roof open
11:00:16 743	IR2010 <-- 14SOL DD=078° :FF=1.8M/S :T=21.73°C :U=80.0%
11:00:17 211	Balloon [ 4 ] release   (wind 1.8 m/s   79°)
11:00:17 211	IR2010 <-- 08LACHER EFFECTUE
11:00:18 490	Sonde [ 4 ] OUT
11:00:19 582	Balloon absence high
11:00:19 582	Balloon absence low 
11:00:25 854	Roof closure
11:00:41 391	Roof closed
11:00:41 391	Roof closed
11:00:45 759	IR2010 --> DEPART DETECTE
12:26:56 825	IR2010 --> SONDAGE OK 23904m 30.6hPa 4.6m/s
12:26:56 841	IR2010 <-- 16ARRET
12:26:56 856	======================= Radiosounding end ========================
12:26:56 856	Next launch : 21 set 23:00


22:50:00 965	======================= Launch planned 23:00 =====================
22:50:00 965	Sondes list :   1.3   1.3   X   X   1.3   1.3   1.3   1.3   1.3   1.3   5.2   5.2
22:50:00 965	Flowmeter : 23.9°C, 1.281 bar
22:50:00 965	Wind OK    (1.1 m/s   24°)
22:50:01 246	Radiosounding software connection
22:50:06 300	IR2010 --> STATION OK. PRESSION BARO=1003.3
22:50:06 300	IR2010 <-- 11404.0 MHz ?
22:50:16 440	IR2010 --> FREQUENCE LIBRE
22:50:16 440	IR2010 <-- 14SOL DD=006° :FF=1.2M/S :T=20.58°C :U=73.9%
22:50:16 440	Relaunch parameters 10min 300hPa
22:50:16 893	############## SONDE [ 11 ] 904214040   404.000 MHz ##############
22:50:16 893	Age sonde 5.2, balloon 5.2, position 07h
22:50:16 893	IR2010 <-- 12SONDE EN MARCHE EFFECTUE :SN=904214040 :TR=243Cx10 :TC=243Cx10 :KT=100169 :UR=57% :UC=60% :KU=0000
22:50:52 975	IR2010 --> FICHIERS CREES=c:\gpsonde\Data\2019\BA201909212250.cor
22:50:52 975	IR2010 --> SONDE 904214040 OK : 22.4°C 65.1% 5.7V
22:50:52 975	Camera: 20190921_2250_1.jpg
22:51:25 782	############## INFLATION 1000 l, Source 1, 1.281 bar #############
22:51:42 958	Balloon detection low     (41 l, 164 l/mn, 1.363 bar)
22:52:46 918	Balloon detection high    (217 l, 163 l/mn, 1.365 bar)
22:57:37 110	Inflation end [ 11 ]      (1001 l, 162.8 l/min, remaining 9.9 m3 / 0.0 m3)
22:58:41 132	Gas pressure 1.056 bar -> 1.383 bar  (+0.327 bar/min)
23:00:00 240	########################### LAUNCH ###############################
23:00:00 240	Roof opening
23:00:00 240	IR2010 <-- 17PING 
23:00:00 240	IR2010 --> PING LAST DATA SONDE 0s AGO, Alt=98.0m Ascent=0.0m/s Lat=41.384488 Lng=2.117489 T=22.4°C U=82.7% GpsTime=82830
23:00:15 278	Roof open
23:00:15 450	IR2010 <-- 14SOL DD=360° :FF=1.1M/S :T=20.47°C :U=74.5%
23:00:15 793	Balloon [ 11 ] release   (wind 1.1 m/s   360°)
23:00:15 793	IR2010 <-- 08LACHER EFFECTUE
23:00:17 712	Sonde [ 11 ] OUT
23:00:18 476	Balloon absence low 
23:00:19 116	Balloon absence high
23:00:25 574	Roof closure
23:00:41 564	Roof closed
23:00:41 564	Roof closed
23:00:41 798	IR2010 --> DEPART DETECTE
00:55:16 028	IR2010 --> SONDAGE OK 28550m 14.9hPa 4.2m/s
00:55:16 028	IR2010 <-- 16ARRET
00:55:16 060	======================= Radiosounding end ========================
00:55:16 060	Next launch : 22 set 11:00

