
10:50:00 390	======================= Launch planned 11:00 =====================
10:50:00 390	Sondes list :   X   X   X   1.7   1.7   X   X   1.7   1.7   1.7   1.7   1.7
10:50:00 390	Flowmeter : 23.3°C, 1.305 bar
10:50:00 390	Wind OK    (2.9 m/s   77°)
10:50:00 873	Radiosounding software connection
10:50:05 928	IR2010 --> STATION OK. PRESSION BARO=1009.9
10:50:05 928	IR2010 <-- 11404.0 MHz ?
10:50:16 068	IR2010 --> FREQUENCE LIBRE
10:50:16 068	IR2010 <-- 14SOL DD=073° :FF=3.0M/S :T=23.22°C :U=51.6%
10:50:16 068	Relaunch parameters 10min 300hPa
10:50:16 348	############## SONDE [ 4 ] 904213819   404.000 MHz ##############
10:50:16 348	Age sonde 1.7, balloon 1.7, position 01h
10:50:16 348	IR2010 <-- 12SONDE EN MARCHE EFFECTUE :SN=904213819 :TR=248Cx10 :TC=249Cx10 :KT=100359 :UR=65% :UC=69% :KU=0000
10:50:59 701	IR2010 --> FICHIERS CREES=c:\gpsonde\Data\2019\BA201909111050.cor
10:50:59 701	IR2010 --> SONDE 904213819 OK : 23.7°C 69.1% 5.9V
10:50:59 701	Camera: 20190911_1050_1.jpg
10:51:07 376	############## INFLATION 1000 l, Source 1, 1.304 bar #############
10:51:27 110	Balloon detection low     (49 l, 163 l/mn, 1.327 bar)
10:52:31 070	Balloon detection high    (223 l, 163 l/mn, 1.325 bar)
10:57:22 853	Inflation end [ 4 ]      (1002 l, 160.0 l/min, remaining 4.1 m3 / 0.0 m3)
10:58:27 391	Gas pressure 1.078 bar -> 1.380 bar  (+0.302 bar/min)
11:00:00 694	########################### LAUNCH ###############################
11:00:00 694	Roof opening
11:00:00 694	IR2010 <-- 17PING 
11:00:00 694	IR2010 --> PING LAST DATA SONDE 0s AGO, Alt=98.0m Ascent=0.0m/s Lat=41.384466 Lng=2.117496 T=23.4°C U=74.2% GpsTime=39624
11:00:16 060	Roof open
11:00:16 918	IR2010 <-- 14SOL DD=048° :FF=2.9M/S :T=23.48°C :U=50.5%
11:00:17 527	Balloon [ 4 ] release   (wind 2.9 m/s   48°)
11:00:17 527	IR2010 <-- 08LACHER EFFECTUE
11:00:18 806	Sonde [ 4 ] OUT
11:00:19 898	Balloon absence high
11:00:19 898	Balloon absence low 
11:00:26 029	Roof closure
11:00:41 707	Roof closed
11:00:41 707	Roof closed
11:01:22 392	IR2010 --> DEPART DETECTE
12:54:56 452	IR2010 --> SONDAGE OK 29328m 13.5hPa 4.6m/s
12:54:56 468	IR2010 <-- 16ARRET
12:54:56 468	======================= Radiosounding end ========================
12:54:56 468	Next launch : 11 set 23:00


22:50:00 110	======================= Launch planned 23:00 =====================
22:50:00 110	Sondes list :   X   X   X   X   2.2   X   X   2.2   2.2   2.2   2.2   2.2
22:50:00 110	Flowmeter : 23.6°C, 1.278 bar
22:50:00 110	Wind OK    (1.6 m/s   22°)
22:50:00 453	Radiosounding software connection
22:50:05 508	IR2010 --> STATION OK. PRESSION BARO=1013.2
22:50:05 508	IR2010 <-- 11404.0 MHz ?
22:50:15 648	IR2010 --> FREQUENCE LIBRE
22:50:15 648	IR2010 <-- 14SOL DD=019° :FF=1.5M/S :T=23.77°C :U=39.3%
22:50:15 648	Relaunch parameters 10min 300hPa
22:50:15 913	############## SONDE [ 5 ] 904213904   404.000 MHz ##############
22:50:15 913	Age sonde 2.2, balloon 2.2, position 01h
22:50:15 913	IR2010 <-- 12SONDE EN MARCHE EFFECTUE :SN=904213904 :TR=248Cx10 :TC=257Cx10 :KT=103506 :UR=66% :UC=64% :KU=6421
22:50:59 328	IR2010 --> FICHIERS CREES=c:\gpsonde\Data\2019\BA201909112250.cor
22:50:59 328	IR2010 --> SONDE 904213904 OK : 22.3°C 54.2% 5.9V
22:50:59 328	Camera: 20190911_2250_1.jpg
22:51:06 863	############## INFLATION 1000 l, Source 1, 1.279 bar #############
22:51:29 795	Balloon detection low     (58 l, 161 l/mn, 1.315 bar)
22:52:35 674	Balloon detection high    (234 l, 161 l/mn, 1.314 bar)
22:57:21 747	Inflation end [ 5 ]      (1001 l, 161.9 l/min, remaining 2.9 m3 / 0.0 m3)
22:58:26 082	Gas pressure 1.083 bar -> 1.401 bar  (+0.318 bar/min)
23:00:00 415	########################### LAUNCH ###############################
23:00:00 415	Roof opening
23:00:00 415	IR2010 <-- 17PING 
23:00:00 415	IR2010 --> PING LAST DATA SONDE 0s AGO, Alt=98.0m Ascent=0.0m/s Lat=41.384438 Lng=2.117493 T=23.2°C U=48.2% GpsTime=82825
23:00:15 547	Roof open
23:00:15 625	IR2010 <-- 14SOL DD=098° :FF=0.7M/S :T=23.29°C :U=41.2%
23:00:15 781	Balloon [ 5 ] release   (wind 0.7 m/s   98°)
23:00:15 781	IR2010 <-- 08LACHER EFFECTUE
23:00:21 537	Sonde [ 5 ] OUT
23:00:22 583	Balloon absence high
23:00:22 583	Balloon absence low 
23:00:28 791	Roof closure
23:00:44 391	Roof closed
23:00:44 391	Roof closed
23:00:47 402	IR2010 --> DEPART DETECTE
00:40:08 734	IR2010 --> SONDAGE OK 25759m 23.2hPa 4.4m/s
00:40:08 734	IR2010 <-- 16ARRET
00:40:08 734	======================= Radiosounding end ========================
00:40:08 734	Next launch : 12 set 11:00

