
10:50:01 020	======================= Launch planned 11:00 =====================
10:50:01 020	Sondes list :   X   X   X   2.9   2.9   2.9   2.9   2.9   2.9   2.9   X   X
10:50:01 020	Flowmeter : 18.8°C, 1.271 bar
10:50:01 020	Wind OK    (0.6 m/s   98°)
10:50:01 457	Radiosounding software connection
10:50:06 512	IR2010 --> STATION OK. PRESSION BARO=1010.5
10:50:06 512	IR2010 <-- 11404.0 MHz ?
10:50:16 652	IR2010 --> FREQUENCE LIBRE
10:50:16 652	IR2010 <-- 14SOL DD=065° :FF=0.8M/S :T=25.92°C :U=58.5%
10:50:16 652	Relaunch parameters 10min 300hPa
10:50:16 792	############## SONDE [ 4 ] 904213878   404.000 MHz ##############
10:50:16 792	Age sonde 2.9, balloon 2.9, position 01h
10:50:16 792	IR2010 <-- 12SONDE EN MARCHE EFFECTUE :SN=904213878 :TR=254Cx10 :TC=253Cx10 :KT=099678 :UR=55% :UC=57% :KU=0000
10:51:03 327	IR2010 --> FICHIERS CREES=c:\gpsonde\Data\2019\BA201909161051.cor
10:51:03 327	IR2010 --> SONDE 904213878 OK : 20.4°C 58.1% 5.8V
10:51:03 327	Camera: 20190916_1051_1.jpg
10:51:10 986	############## INFLATION 1000 l, Source 1, 1.271 bar #############
10:51:33 919	Balloon detection low     (58 l, 162 l/mn, 1.322 bar)
10:52:37 239	Balloon detection high    (228 l, 162 l/mn, 1.324 bar)
10:57:22 626	Inflation end [ 4 ]      (1002 l, 163.6 l/min, remaining 22.5 m3 / 0.0 m3)
10:58:26 992	Gas pressure 1.066 bar -> 1.386 bar  (+0.320 bar/min)
11:00:00 295	########################### LAUNCH ###############################
11:00:00 295	Roof opening
11:00:00 295	IR2010 <-- 17PING 
11:00:00 295	IR2010 --> PING LAST DATA SONDE 0s AGO, Alt=98.0m Ascent=0.0m/s Lat=41.384494 Lng=2.117506 T=19.7°C U=61.5% GpsTime=39620
11:00:15 193	Roof open
11:00:15 505	IR2010 <-- 14SOL DD=112° :FF=1.4M/S :T=26.01°C :U=57.5%
11:00:16 020	Balloon [ 4 ] release   (wind 1.4 m/s   112°)
11:00:16 020	IR2010 <-- 08LACHER EFFECTUE
11:00:17 299	Sonde [ 4 ] OUT
11:00:18 391	Balloon absence high
11:00:18 391	Balloon absence low 
11:00:24 616	Roof closure
11:00:40 200	Roof closed
11:00:40 200	Roof closed
11:00:54 147	IR2010 --> DEPART DETECTE
12:34:10 781	IR2010 --> SONDAGE OK 24535m 27.8hPa 4.4m/s
12:34:10 797	IR2010 <-- 16ARRET
12:34:10 813	======================= Radiosounding end ========================
12:34:10 813	Next launch : 16 set 23:00

16:37:05 762	Chargement/loading [ 1 ]
16:38:18 645	GC value sonde ON: 44.9%
16:38:22 608	GC value sonde OFF: 44.8%
16:38:51 655	Door open
16:41:08 608	Chargement/Loading [ 1 ] 904213873 6.1V 6451Hz TR=239Cx10:TC=238Cx10:KT=099708:UR=45%:UC=47%:KU=0000
16:41:11 057	Chargement/loading [ 2 ]
16:42:18 621	GC value sonde ON: 45.6%
16:42:22 958	GC value sonde OFF: 45.6%
16:44:30 129	Chargement/Loading [ 2 ] 904213796 6.2V 6489Hz TR=239Cx10:TC=239Cx10:KT=100065:UR=46%:UC=47%:KU=0000
16:44:30 925	Chargement/loading [ 3 ]
16:45:27 615	GC value sonde ON: 50.4%
16:45:31 546	GC value sonde OFF: 50.2%
16:48:04 505	Chargement/Loading [ 3 ] 904213822 6.2V 6373Hz TR=240Cx10:TC=240Cx10:KT=100031:UR=50%:UC=53%:KU=0000
16:48:06 985	Chargement/loading [ 4 ]
16:49:16 639	GC value sonde ON: 53.0%
16:49:20 757	GC value sonde OFF: 52.8%
16:51:27 336	Chargement/Loading [ 4 ] 904213775 6.2V 6326Hz TR=242Cx10:TC=241Cx10:KT=099480:UR=53%:UC=56%:KU=0000
16:51:33 498	Chargement/loading [ 11 ]
16:52:25 602	GC value sonde ON: 57.7%
16:52:30 329	GC value sonde OFF: 57.3%
16:54:39 045	Chargement/Loading [ 11 ] 904214040 6.1V 6319Hz TR=243Cx10:TC=243Cx10:KT=100169:UR=57%:UC=60%:KU=0000
16:54:41 853	Chargement/loading [ 12 ]
16:55:45 595	GC value sonde ON: 58.0%
16:55:50 056	GC value sonde OFF: 57.8%
16:58:00 862	Chargement/Loading [ 12 ] 904213853 6.1V 6296Hz TR=244Cx10:TC=245Cx10:KT=100569:UR=58%:UC=60%:KU=0000
16:58:06 510	Door closed

22:50:00 730	======================= Launch planned 23:00 =====================
22:50:00 730	Sondes list :   0.3   0.3   0.3   0.2   3.4   3.4   3.4   3.4   3.4   3.4   0.2   0.2
22:50:00 730	Flowmeter : 23.6°C, 1.300 bar
22:50:00 730	Wind OK    (0.5 m/s   351°)
22:50:01 011	Radiosounding software connection
22:50:06 065	IR2010 --> STATION OK. PRESSION BARO=1007.8
22:50:06 065	IR2010 <-- 11404.0 MHz ?
22:50:16 205	IR2010 --> FREQUENCE LIBRE
22:50:16 205	IR2010 <-- 14SOL DD=349° :FF=0.6M/S :T=22.54°C :U=47.1%
22:50:16 205	Relaunch parameters 10min 300hPa
22:50:16 252	############## SONDE [ 5 ] 904213868   404.000 MHz ##############
22:50:16 252	Age sonde 3.4, balloon 3.4, position 10h
22:50:16 252	IR2010 <-- 12SONDE EN MARCHE EFFECTUE :SN=904213868 :TR=255Cx10 :TC=253Cx10 :KT=099386 :UR=58% :UC=60% :KU=0000
22:51:02 880	IR2010 --> FICHIERS CREES=c:\gpsonde\Data\2019\BA201909162251.cor
22:51:02 880	IR2010 --> SONDE 904213868 OK : 22.7°C 59.5% 5.8V
22:51:02 880	Camera: 20190916_2251_1.jpg
22:52:06 029	############## INFLATION 1000 l, Source 1, 1.300 bar #############
22:52:35 997	Balloon detection low     (77 l, 163 l/mn, 1.320 bar)
22:53:35 480	Balloon detection high    (236 l, 163 l/mn, 1.320 bar)
22:58:17 716	Inflation end [ 5 ]      (1000 l, 162.6 l/min, remaining 21.4 m3 / 0.0 m3)
22:59:22 471	Gas pressure 1.112 bar -> 1.395 bar  (+0.283 bar/min)
23:00:00 005	########################### LAUNCH ###############################
23:00:00 005	Roof opening
23:00:00 005	IR2010 <-- 17PING 
23:00:00 005	IR2010 --> PING LAST DATA SONDE 1s AGO, Alt=98.0m Ascent=0.0m/s Lat=41.384452 Lng=2.117480 T=22.4°C U=59.2% GpsTime=82820
23:00:15 231	Roof open
23:00:16 229	IR2010 <-- 14SOL DD=323° :FF=0.2M/S :T=22.82°C :U=47.1%
23:00:16 744	Balloon [ 5 ] release   (wind 0.2 m/s   322°)
23:00:16 744	IR2010 <-- 08LACHER EFFECTUE
23:00:18 023	Sonde [ 5 ] OUT
23:00:19 068	Balloon absence low 
23:00:19 708	Balloon absence high
23:00:26 353	Roof closure
23:00:42 796	Roof closed
23:00:46 228	IR2010 --> DEPART DETECTE
00:43:10 782	IR2010 --> SONDAGE OK 27422m 17.6hPa 4.4m/s
00:43:10 798	IR2010 <-- 16ARRET
00:43:10 798	======================= Radiosounding end ========================
00:43:10 798	Next launch : 17 set 11:00

