
10:50:00 158	======================= Launch planned 11:00 =====================
10:50:00 158	Sondes list :   X   3.9   3.9   3.9   1.2   1.2   1.2   X   1.1   1.1   3.9   3.9
10:50:00 158	Flowmeter : 18.2°C, 1.271 bar
10:50:00 158	Wind OK    (2.0 m/s   150°)
10:50:00 610	Radiosounding software connection
10:50:05 649	IR2010 --> STATION OK. PRESSION BARO=1005.3
10:50:05 649	IR2010 <-- 11404.0 MHz ?
10:50:14 790	IR2010 --> FREQUENCE LIBRE
10:50:14 790	IR2010 <-- 14SOL DD=155° :FF=1.9M/S :T=27.75°C :U=59.4%
10:50:14 790	Relaunch parameters 10min 300hPa
10:50:15 040	############## SONDE [ 2 ] 904214063   404.000 MHz ##############
10:50:15 040	Age sonde 3.9, balloon 3.9, position 01h
10:50:15 040	IR2010 <-- 12SONDE EN MARCHE EFFECTUE :SN=904214063 :TR=243Cx10 :TC=244Cx10 :KT=100345 :UR=47% :UC=50% :KU=0000
10:51:19 718	IR2010 --> FICHIERS CREES=c:\gpsonde\Data\2019\BA201907301051.cor
10:51:19 718	IR2010 --> SONDE 904214063 OK : 20.7°C 64.7% 5.8V
10:51:19 718	Camera: 20190730_1051_1.jpg
10:51:27 268	############## INFLATION 1000 l, Source 1, 1.271 bar #############
10:51:52 119	Balloon detection low     (63 l, 162 l/mn, 1.321 bar)
10:52:49 683	Balloon detection high    (220 l, 163 l/mn, 1.321 bar)
10:57:38 814	Inflation end [ 2 ]      (1003 l, 163.6 l/min, remaining 8.2 m3 / 0.0 m3)
10:58:43 367	Gas pressure 1.069 bar -> 1.390 bar  (+0.321 bar/min)
11:00:00 447	########################### LAUNCH ###############################
11:00:00 447	Roof opening
11:00:00 447	IR2010 <-- 17PING 
11:00:00 447	IR2010 --> PING LAST DATA SONDE 0s AGO, Alt=98.0m Ascent=0.0m/s Lat=41.384489 Lng=2.117505 T=20.8°C U=69.5% GpsTime=39622
11:00:14 845	Roof open
11:00:15 657	IR2010 <-- 14SOL DD=255° :FF=0.1M/S :T=28.45°C :U=55.0%
11:00:16 218	Balloon [ 2 ] release   (wind 0.1 m/s   255°)
11:00:16 218	IR2010 <-- 08LACHER EFFECTUE
11:00:18 777	Sonde [ 2 ] OUT
11:00:19 962	Balloon absence high
11:00:19 962	Balloon absence low 
11:00:26 795	Roof closure
11:00:41 771	Roof closed
11:02:10 254	IR2010 --> DEPART DETECTE
12:33:26 129	IR2010 --> SONDAGE OK 25597m 24.6hPa 4.6m/s
12:33:26 129	IR2010 <-- 16ARRET
12:33:26 129	======================= Radiosounding end ========================
12:33:26 129	Next launch : 30 jul 23:00


22:50:00 861	======================= Launch planned 23:00 =====================
22:50:00 861	Sondes list :   X   X   4.4   4.4   1.7   1.7   1.7   X   1.6   1.6   4.4   4.4
22:50:00 861	Flowmeter : 23.2°C, 1.305 bar
22:50:00 861	Wind OK    (1.7 m/s   160°)
22:50:01 157	Radiosounding software connection
22:50:06 196	IR2010 --> STATION OK. PRESSION BARO=1007.6
22:50:06 196	IR2010 <-- 11404.0 MHz ?
22:50:15 338	IR2010 --> FREQUENCE LIBRE
22:50:15 338	IR2010 <-- 14SOL DD=157° :FF=1.9M/S :T=24.58°C :U=65.0%
22:50:15 338	Relaunch parameters 10min 300hPa
22:50:15 619	############## SONDE [ 3 ] 904213807   404.000 MHz ##############
22:50:15 619	Age sonde 4.4, balloon 4.4, position 01h
22:50:15 619	IR2010 <-- 12SONDE EN MARCHE EFFECTUE :SN=904213807 :TR=244Cx10 :TC=240Cx10 :KT=098607 :UR=48% :UC=50% :KU=0000
22:51:02 013	IR2010 --> FICHIERS CREES=c:\gpsonde\Data\2019\BA201907302251.cor
22:51:02 013	IR2010 --> SONDE 904213807 OK : 22.9°C 81.1% 5.8V
22:51:02 013	Camera: 20190730_2251_1.jpg
22:51:09 252	############## INFLATION 1000 l, Source 1, 1.304 bar #############
22:51:23 229	Balloon detection low     (33 l, 181 l/mn, 1.384 bar)
22:52:31 027	Balloon detection high    (217 l, 162 l/mn, 1.328 bar)
22:57:22 170	Inflation end [ 3 ]      (1003 l, 162.7 l/min, remaining 7.0 m3 / 0.0 m3)
22:58:26 832	Gas pressure 1.103 bar -> 1.393 bar  (+0.290 bar/min)
23:00:00 136	########################### LAUNCH ###############################
23:00:00 136	Roof opening
23:00:00 136	IR2010 <-- 17PING 
23:00:00 136	IR2010 --> PING LAST DATA SONDE 1s AGO, Alt=98.0m Ascent=0.0m/s Lat=41.384462 Lng=2.117482 T=22.6°C U=85.7% GpsTime=82822
23:00:14 785	Roof open
23:00:15 346	IR2010 <-- 14SOL DD=132° :FF=1.4M/S :T=24.65°C :U=65.2%
23:00:15 565	Balloon [ 3 ] release   (wind 1.5 m/s   133°)
23:00:15 565	IR2010 <-- 08LACHER EFFECTUE
23:00:16 844	Sonde [ 3 ] OUT
23:00:17 983	Balloon absence high
23:00:17 983	Balloon absence low 
23:00:24 457	Roof closure
23:00:39 791	Roof closed
23:00:39 791	Roof closed
23:00:41 289	IR2010 --> DEPART DETECTE
00:56:16 796	IR2010 --> SONDAGE OK 28024m 17.0hPa 4.0m/s
00:56:16 796	IR2010 <-- 16ARRET
00:56:16 796	======================= Radiosounding end ========================
00:56:16 796	Next launch : 31 jul 11:00

