
10:50:00 902	======================= Launch planned 11:00 =====================
10:50:00 902	Sondes list :   0.8   0.8   X   2.9   2.9   2.9   2.9   2.9   0.8   0.8   2.9   2.8
10:50:00 902	Flowmeter : 18.0°C, 1.265 bar
10:50:00 902	Wind OK    (1.1 m/s   234°)
10:50:01 199	Radiosounding software connection
10:50:06 253	IR2010 --> STATION OK. PRESSION BARO=1003.4
10:50:06 253	IR2010 <-- 11404.0 MHz ?
10:50:16 393	IR2010 --> FREQUENCE LIBRE
10:50:16 393	IR2010 <-- 14SOL DD=231° :FF=0.8M/S :T=29.20°C :U=62.4%
10:50:16 393	Relaunch parameters 10min 300hPa
10:50:16 970	############## SONDE [ 4 ] 904213995   404.000 MHz ##############
10:50:16 970	Age sonde 2.9, balloon 2.9, position 01h
10:50:16 970	IR2010 <-- 12SONDE EN MARCHE EFFECTUE :SN=904213995 :TR=245Cx10 :TC=240Cx10 :KT=098158 :UR=45% :UC=47% :KU=0000
10:50:52 928	IR2010 --> FICHIERS CREES=c:\gpsonde\Data\2019\BA201907061050.cor
10:50:52 928	IR2010 --> SONDE 904213995 OK : 20.1°C 56.3% 5.9V
10:50:52 928	Camera: 20190706_1050_1.jpg
10:51:00 307	############## INFLATION 1000 l, Source 1, 1.265 bar #############
10:51:32 194	Balloon detection low     (80 l, 162 l/mn, 1.315 bar)
10:52:28 478	Balloon detection high    (234 l, 162 l/mn, 1.314 bar)
10:57:11 307	Inflation end [ 4 ]      (1000 l, 163.7 l/min, remaining 5.6 m3 / 0.0 m3)
10:58:15 719	Gas pressure 1.054 bar -> 1.378 bar  (+0.324 bar/min)
11:00:00 177	########################### LAUNCH ###############################
11:00:00 177	Roof opening
11:00:00 177	IR2010 <-- 17PING 
11:00:00 177	IR2010 --> PING LAST DATA SONDE 1s AGO, Alt=98.0m Ascent=0.0m/s Lat=41.384516 Lng=2.117497 T=19.6°C U=58.7% GpsTime=39630
11:00:14 748	Roof open
11:00:15 387	IR2010 <-- 14SOL DD=241° :FF=0.7M/S :T=28.91°C :U=64.3%
11:00:15 574	Balloon [ 4 ] release   (wind 0.7 m/s   241°)
11:00:15 574	IR2010 <-- 08LACHER EFFECTUE
11:00:16 854	Sonde [ 4 ] OUT
11:00:17 946	Balloon absence high
11:00:17 946	Balloon absence low 
11:00:24 498	Roof closure
11:00:39 754	Roof closed
11:00:39 754	Roof closed
11:00:40 675	IR2010 --> DEPART DETECTE
12:12:39 683	IR2010 --> SONDAGE OK 19312m 65.2hPa 4.4m/s
12:12:39 683	IR2010 <-- 16ARRET
12:12:39 683	======================= Radiosounding end ========================
12:12:39 683	Next launch : 06 jul 23:00


22:50:00 623	======================= Launch planned 23:00 =====================
22:50:00 623	Sondes list :   1.3   1.3   X   X   3.4   3.4   3.4   3.4   1.3   1.3   3.4   3.3
22:50:00 623	Flowmeter : 23.1°C, 1.297 bar
22:50:00 623	Wind OK    (1.8 m/s   252°)
22:50:00 888	Radiosounding software connection
22:50:05 942	IR2010 --> STATION OK. PRESSION BARO=1001.5
22:50:05 942	IR2010 <-- 11404.0 MHz ?
22:50:16 082	IR2010 --> FREQUENCE LIBRE
22:50:16 082	IR2010 <-- 14SOL DD=248° :FF=2.0M/S :T=25.11°C :U=86.1%
22:50:16 082	Relaunch parameters 10min 300hPa
22:50:16 691	############## SONDE [ 5 ] 904214015   404.000 MHz ##############
22:50:16 691	Age sonde 3.4, balloon 3.4, position 01h
22:50:16 691	IR2010 <-- 12SONDE EN MARCHE EFFECTUE :SN=904214015 :TR=244Cx10 :TC=244Cx10 :KT=099966 :UR=46% :UC=45% :KU=0000
22:50:52 618	IR2010 --> FICHIERS CREES=c:\gpsonde\Data\2019\BA201907062250.cor
22:50:52 618	IR2010 --> SONDE 904214015 OK : 22.8°C 94.2% 5.8V
22:50:52 618	Camera: 20190706_2250_1.jpg
22:51:00 028	############## INFLATION 1000 l, Source 1, 1.298 bar #############
22:51:23 599	Balloon detection low     (58 l, 162 l/mn, 1.315 bar)
22:52:22 443	Balloon detection high    (217 l, 162 l/mn, 1.316 bar)
22:57:12 993	Inflation end [ 5 ]      (1002 l, 162.4 l/min, remaining 4.4 m3 / 0.0 m3)
22:58:17 468	Gas pressure 1.063 bar -> 1.390 bar  (+0.327 bar/min)
23:00:00 912	########################### LAUNCH ###############################
23:00:00 912	Roof opening
23:00:00 912	IR2010 <-- 17PING 
23:00:00 912	IR2010 --> PING LAST DATA SONDE 0s AGO, Alt=98.0m Ascent=0.0m/s Lat=41.384552 Lng=2.117464 T=22.6°C U=93.0% GpsTime=82832
23:00:15 748	Roof open
23:00:16 122	IR2010 <-- 14SOL DD=249° :FF=2.4M/S :T=25.04°C :U=86.8%
23:00:16 621	Balloon [ 5 ] release   (wind 2.4 m/s   248°)
23:00:16 621	IR2010 <-- 08LACHER EFFECTUE
23:00:17 900	Sonde [ 5 ] OUT
23:00:18 946	Balloon absence high
23:00:18 946	Balloon absence low 
23:00:25 232	Roof closure
23:00:40 115	Roof closed
23:00:40 115	Roof closed
23:00:40 723	IR2010 --> DEPART DETECTE
01:01:33 948	IR2010 --> SONDAGE OK 29493m 13.4hPa 4.0m/s
01:01:33 964	IR2010 <-- 16ARRET
01:01:33 979	======================= Radiosounding end ========================
01:01:33 979	Next launch : 07 jul 11:00

