
10:50:00 432	======================= Launch planned 11:00 =====================
10:50:00 432	Sondes list :   X   2.7   2.7   2.7   2.7   2.7   2.7   X   X   X   X   2.7
10:50:00 432	Flowmeter : 21.0°C, 1.306 bar
10:50:00 432	Wind OK    (7.1 m/s   16°)
10:50:00 728	Radiosounding software connection
10:50:05 798	IR2010 --> STATION OK. PRESSION BARO=1004.3
10:50:05 798	IR2010 <-- 11404.0 MHz ?
10:50:15 938	IR2010 --> FREQUENCE LIBRE
10:50:15 938	IR2010 <-- 14SOL DD=015° :FF=6.1M/S :T=15.22°C :U=34.4%
10:50:15 938	Relaunch parameters 10min 300hPa
10:50:16 250	############## SONDE [ 2 ] 205212114   404.000 MHz ##############
10:50:16 250	Age sonde 2.7, balloon 2.7, position 01h
10:50:16 250	IR2010 <-- 12SONDE EN MARCHE EFFECTUE :SN=205212114 :TR=223Cx10 :TC=221Cx10 :KT=099385 :UR=42% :UC=43% :KU=0000
10:50:26 078	IR2010 --> RESET SONDE 205212114. CAUSE=SONDE NOT RECEIVED
10:50:26 452	IR2010 <-- 13RESET SONDE EFFECTUE
10:50:36 218	IR2010 --> RESET SONDE 205212114. CAUSE=SONDE NOT RECEIVED
10:50:36 686	            -------------------------------///-------------------------------
10:50:36 686	IR2010 <-- 11403.6 MHz ?
10:50:46 358	IR2010 --> FREQUENCE LIBRE
10:50:46 358	IR2010 <-- 14SOL DD=005° :FF=4.4M/S :T=15.24°C :U=34.2%
10:50:46 358	Relaunch parameters 10min 300hPa
10:50:46 935	############## SONDE [ 3 ] 810210140   403.600 MHz ##############
10:50:46 935	Age sonde 2.7, balloon 2.7, position 02h
10:50:46 935	IR2010 <-- 12SONDE EN MARCHE EFFECTUE :SN=810210140 :TR=223Cx10 :TC=221Cx10 :KT=099168 :UR=42% :UC=44% :KU=0000
10:51:28 993	IR2010 --> FICHIERS CREES=c:\gpsonde\Data\2019\BA201903071051.cor
10:51:28 993	IR2010 --> SONDE 810210140 OK : 20.8°C 29.1% 5.9V
10:51:28 993	Camera: 20190307_1051_1.jpg
10:51:43 205	############## INFLATION 1100 l, Source 1, 1.306 bar #############
10:52:04 218	Balloon detection low     (53 l, 166 l/mn, 1.336 bar)
10:53:12 015	Balloon detection high    (241 l, 166 l/mn, 1.338 bar)
10:58:24 858	Inflation end [ 3 ]      (1102 l, 165.5 l/min, remaining 17.4 m3 / 0.0 m3)
10:59:29 271	Gas pressure 1.065 bar -> 1.404 bar  (+0.339 bar/min)
11:00:00 721	########################### LAUNCH ###############################
11:00:00 721	Roof opening
11:00:00 721	IR2010 <-- 17PING 
11:00:00 721	IR2010 --> PING LAST DATA SONDE 1s AGO, Alt=98.0m Ascent=0.3m/s Lat=41.384533 Lng=2.117501 T=20.6°C U=25.7% GpsTime=39625
11:00:16 071	Roof open
11:00:16 945	IR2010 <-- 14SOL DD=343° :FF=2.8M/S :T=15.99°C :U=33.5%
11:00:17 491	Balloon [ 3 ] release   (wind 2.8 m/s   343°)
11:00:17 491	IR2010 <-- 08LACHER EFFECTUE
11:00:18 130	Sonde [ 3 ] OUT
11:00:19 269	Balloon absence low 
11:00:19 909	Balloon absence high
11:00:26 055	Roof closure
11:00:41 717	Roof closed
11:00:48 862	IR2010 --> DEPART DETECTE
12:54:23 921	IR2010 --> SONDAGE OK 29521m 12.0hPa 4.4m/s
12:54:23 921	IR2010 <-- 16ARRET
12:54:23 921	======================= Radiosounding end ========================
12:54:23 921	Next launch : 07 març 23:00


22:50:00 137	======================= Launch planned 23:00 =====================
22:50:00 137	Sondes list :   X   X   X   3.2   3.2   3.2   3.2   X   X   X   X   3.2
22:50:00 137	Flowmeter : 19.4°C, 1.294 bar
22:50:00 137	Wind OK    (1.1 m/s   169°)
22:50:00 386	Radiosounding software connection
22:50:05 441	IR2010 --> STATION OK. PRESSION BARO=1006.6
22:50:05 441	IR2010 <-- 11404.0 MHz ?
22:50:15 581	IR2010 --> FREQUENCE LIBRE
22:50:15 581	IR2010 <-- 14SOL DD=187° :FF=0.8M/S :T=12.10°C :U=59.4%
22:50:15 581	Relaunch parameters 10min 300hPa
22:50:16 002	############## SONDE [ 4 ] 810210152   404.000 MHz ##############
22:50:16 002	Age sonde 3.2, balloon 3.2, position 01h
22:50:16 002	IR2010 <-- 12SONDE EN MARCHE EFFECTUE :SN=810210152 :TR=223Cx10 :TC=227Cx10 :KT=101560 :UR=41% :UC=40% :KU=0000
22:50:57 186	IR2010 --> FICHIERS CREES=c:\gpsonde\Data\2019\BA201903072250.cor
22:50:57 186	IR2010 --> SONDE 810210152 OK : 17.9°C 39.0% 5.7V
22:50:57 186	Camera: 20190307_2250_1.jpg
22:51:04 471	############## INFLATION 1100 l, Source 1, 1.292 bar #############
22:51:31 880	Balloon detection low     (72 l, 168 l/mn, 1.336 bar)
22:52:29 444	Balloon detection high    (233 l, 167 l/mn, 1.335 bar)
22:57:43 613	Inflation end [ 4 ]      (1102 l, 166.4 l/min, remaining 16.1 m3 / 0.0 m3)
22:58:48 432	Gas pressure 1.110 bar -> 1.403 bar  (+0.293 bar/min)
23:00:00 441	########################### LAUNCH ###############################
23:00:00 441	Roof opening
23:00:00 441	IR2010 <-- 17PING 
23:00:00 441	IR2010 --> PING LAST DATA SONDE 0s AGO, Alt=98.0m Ascent=0.0m/s Lat=41.384503 Lng=2.117464 T=17.7°C U=38.1% GpsTime=82826
23:00:15 714	Roof open
23:00:16 665	IR2010 <-- 14SOL DD=132° :FF=0.2M/S :T=12.19°C :U=60.8%
23:00:17 180	Balloon [ 4 ] release   (wind 0.2 m/s   132°)
23:00:17 180	IR2010 <-- 08LACHER EFFECTUE
23:00:18 459	Sonde [ 4 ] OUT
23:00:19 551	Balloon absence high
23:00:19 551	Balloon absence low 
23:00:25 776	Roof closure
23:00:41 360	Roof closed
23:00:53 996	IR2010 --> DEPART DETECTE
00:49:23 342	IR2010 --> SONDAGE OK 29980m 11.3hPa 4.6m/s
00:49:23 342	IR2010 <-- 16ARRET
00:49:23 342	======================= Radiosounding end ========================
00:49:23 342	Next launch : 08 març 11:00

