
10:50:00 473	======================= Launch planned 11:00 =====================
10:50:00 473	Sondes list :   1.8   1.8   1.8   1.8   1.8   1.8   1.9   X   X   X   1.8   1.8
10:50:00 473	Flowmeter : 18.7°C, 1.295 bar
10:50:00 473	Wind OK    (4.0 m/s   81°)
10:50:00 723	Radiosounding software connection
10:50:05 777	IR2010 --> STATION OK. PRESSION BARO=1004.5
10:50:05 777	IR2010 <-- 11404.0 MHz ?
10:50:15 917	IR2010 --> FREQUENCE LIBRE
10:50:15 917	IR2010 <-- 14SOL DD=081° :FF=3.7M/S :T=15.05°C :U=69.9%
10:50:15 917	Relaunch parameters 10min 300hPa
10:50:16 447	############## SONDE [ 7 ] 804212790   404.000 MHz ##############
10:50:16 447	Age sonde 1.9, balloon 1.9, position 09h
10:50:16 447	IR2010 <-- 12SONDE EN MARCHE EFFECTUE :SN=804212790 :TR=222Cx10 :TC=223Cx10 :KT=100546 :UR=34% :UC=36% :KU=0000
10:51:00 549	IR2010 --> FICHIERS CREES=c:\gpsonde\Data\2019\BA201903171051.cor
10:51:00 549	IR2010 --> SONDE 804212790 OK : 20.8°C 48.4% 5.9V
10:51:00 549	Camera: 20190317_1051_1.jpg
10:51:20 922	############## INFLATION 1100 l, Source 1, 1.295 bar #############
10:51:52 809	Balloon detection low     (79 l, 165 l/mn, 1.371 bar)
10:52:40 779	Balloon detection high    (210 l, 165 l/mn, 1.372 bar)
10:58:07 241	Inflation end [ 7 ]      (1102 l, 164.5 l/min, remaining 0.0 m3 / 0.0 m3)
10:59:12 074	Gas pressure 1.103 bar -> 1.391 bar  (+0.288 bar/min)
11:00:00 762	########################### LAUNCH ###############################
11:00:00 762	Roof opening
11:00:00 762	IR2010 <-- 17PING 
11:00:00 762	IR2010 --> PING LAST DATA SONDE 1s AGO, Alt=98.0m Ascent=0.0m/s Lat=41.384650 Lng=2.117592 T=19.7°C U=54.7% GpsTime=39618
11:00:16 175	Roof open
11:00:16 986	IR2010 <-- 14SOL DD=068° :FF=3.3M/S :T=15.07°C :U=71.1%
11:00:17 142	Balloon [ 7 ] release   (wind 3.3 m/s   68°)
11:00:17 142	IR2010 <-- 08LACHER EFFECTUE
11:00:19 061	Sonde [ 7 ] OUT
11:00:20 013	Balloon absence high
11:00:20 013	Balloon absence low 
11:00:26 097	Roof closure
11:00:41 821	Roof closed
11:00:50 885	IR2010 --> DEPART DETECTE
11:04:54 043	IR2010 --> SONDAGE KO. CAUSE=Analysis aborted (< 2 points) 233m 973.0hPa 4.9m/s
11:04:54 074	            -------------------------------///-------------------------------
11:04:54 074	IR2010 <-- 11403.6 MHz ?
11:05:04 183	IR2010 --> FREQUENCE LIBRE
11:05:04 183	IR2010 <-- 14SOL DD=078° :FF=4.1M/S :T=15.33°C :U=70.4%
11:05:04 183	Relaunch parameters 10min 300hPa
11:05:04 307	############## SONDE [ 6 ] 810210031   403.600 MHz ##############
11:05:04 307	Age sonde 1.9, balloon 1.9, position 11h
11:05:04 307	IR2010 <-- 12SONDE EN MARCHE EFFECTUE :SN=810210031 :TR=222Cx10 :TC=225Cx10 :KT=101198 :UR=34% :UC=32% :KU=0000
11:05:36 646	IR2010 --> FICHIERS CREES=c:\gpsonde\Data\2019\BA201903171105.cor
11:05:36 646	IR2010 --> SONDE 810210031 OK : 20.0°C 52.3% 6.0V
11:05:36 646	Camera: 20190317_1105_1.jpg
11:05:44 977	############## INFLATION 1100 l, Source 1, 1.393 bar #############
11:06:17 503	Balloon detection low     (78 l, 166 l/mn, 1.326 bar)
11:07:07 392	Balloon detection high    (215 l, 166 l/mn, 1.326 bar)
11:12:29 329	Inflation end [ 6 ]      (1101 l, 165.3 l/min, remaining 0.0 m3 / 0.0 m3)
11:12:29 329	########################### LAUNCH ###############################
11:12:29 329	Roof opening
11:12:29 329	IR2010 <-- 17PING 
11:12:29 329	IR2010 --> PING LAST DATA SONDE 0s AGO, Alt=98.0m Ascent=0.0m/s Lat=41.384511 Lng=2.117519 T=20.1°C U=53.3% GpsTime=40367
11:12:44 461	Roof open
11:12:45 319	IR2010 <-- 14SOL DD=078° :FF=6.0M/S :T=15.09°C :U=70.8%
11:12:45 382	Balloon [ 6 ] release   (wind 6.0 m/s   78°)
11:12:45 382	IR2010 <-- 08LACHER EFFECTUE
11:12:46 661	Sonde [ 6 ] OUT
11:12:47 659	Balloon absence high
11:12:47 659	Balloon absence low 
11:12:54 430	Roof closure
11:13:10 108	Roof closed
11:13:10 997	IR2010 --> DEPART DETECTE
11:13:33 976	Gas pressure 1.096 bar -> 1.392 bar  (+0.296 bar/min)
12:55:35 801	IR2010 --> SONDAGE OK 29908m 11.6hPa 4.8m/s
12:55:35 801	IR2010 <-- 16ARRET
12:55:35 817	======================= Radiosounding end ========================
12:55:35 817	Next launch : 17 març 23:00


22:50:00 178	======================= Launch planned 23:00 =====================
22:50:00 178	Sondes list :   2.3   2.3   2.3   2.3   2.3   X   X   X   X   X   2.3   2.3
22:50:00 178	Flowmeter : 20.2°C, 1.290 bar
22:50:00 178	Wind OK    (2.0 m/s   248°)
22:50:00 443	Radiosounding software connection
22:50:05 498	IR2010 --> STATION OK. PRESSION BARO=1008.1
22:50:05 498	IR2010 <-- 11404.0 MHz ?
22:50:15 638	IR2010 --> FREQUENCE LIBRE
22:50:15 638	IR2010 <-- 14SOL DD=251° :FF=1.3M/S :T=12.92°C :U=72.5%
22:50:15 638	Relaunch parameters 10min 300hPa
22:50:16 199	############## SONDE [ 3 ] 810210035   404.000 MHz ##############
22:50:16 199	Age sonde 2.3, balloon 2.3, position 09h
22:50:16 199	IR2010 <-- 12SONDE EN MARCHE EFFECTUE :SN=810210035 :TR=225Cx10 :TC=226Cx10 :KT=100470 :UR=36% :UC=36% :KU=0000
22:50:59 271	IR2010 --> FICHIERS CREES=c:\gpsonde\Data\2019\BA201903172250.cor
22:50:59 271	IR2010 --> SONDE 810210035 OK : 19.5°C 48.2% 5.9V
22:50:59 271	Camera: 20190317_2250_1.jpg
22:51:54 526	############## INFLATION 1100 l, Source 1, 1.291 bar #############
22:52:30 250	Balloon detection low     (89 l, 166 l/mn, 1.421 bar)
22:53:19 500	Balloon detection high    (223 l, 165 l/mn, 1.429 bar)
22:58:40 033	Inflation end [ 3 ]      (1101 l, 164.3 l/min, remaining 0.0 m3 / 0.0 m3)
22:59:44 243	Gas pressure 1.073 bar -> 1.409 bar  (+0.336 bar/min)
23:00:00 483	########################### LAUNCH ###############################
23:00:00 483	Roof opening
23:00:00 483	IR2010 <-- 17PING 
23:00:00 483	IR2010 --> PING LAST DATA SONDE 0s AGO, Alt=98.0m Ascent=0.0m/s Lat=41.384488 Lng=2.117429 T=17.9°C U=52.2% GpsTime=82819
23:00:15 896	Roof open
23:00:16 707	IR2010 <-- 14SOL DD=227° :FF=4.0M/S :T=13.18°C :U=72.5%
23:00:17 315	Balloon [ 3 ] release   (wind 4.1 m/s   227°)
23:00:17 315	IR2010 <-- 08LACHER EFFECTUE
23:00:18 594	Sonde [ 3 ] OUT
23:00:19 733	Balloon absence high
23:00:19 733	Balloon absence low 
23:00:25 817	Roof closure
23:00:41 542	Roof closed
23:00:43 149	IR2010 --> DEPART DETECTE
00:26:56 134	IR2010 --> SONDAGE OK 24089m 28.1hPa 4.6m/s
00:26:56 134	IR2010 <-- 16ARRET
00:26:56 134	======================= Radiosounding end ========================
00:26:56 134	Next launch : 18 març 11:00

