
10:50:00 491	======================= Launch planned 11:00 =====================
10:50:00 491	Sondes list :   1.9   1.8   1.8   1.8   X   X   X   X   X   5.9   1.9   1.9
10:50:00 491	Flowmeter : 15.6°C, 1.276 bar
10:50:00 491	Wind OK    (0.4 m/s   8°)
10:50:00 740	Radiosounding software connection
10:50:05 795	IR2010 --> STATION OK. PRESSION BARO=1013.5
10:50:05 795	IR2010 <-- 11404.0 MHz ?
10:50:15 935	IR2010 --> FREQUENCE LIBRE
10:50:15 935	IR2010 <-- 14SOL DD=033° :FF=0.4M/S :T=22.39°C :U=22.1%
10:50:15 935	Relaunch parameters 10min 300hPa
10:50:16 403	############## SONDE [ 10 ] 810210103   404.000 MHz ##############
10:50:16 403	Age sonde 5.9, balloon 5.9, position 01h
10:50:16 403	IR2010 <-- 12SONDE EN MARCHE EFFECTUE :SN=810210103 :TR=224Cx10 :TC=227Cx10 :KT=101054 :UR=32% :UC=29% :KU=6479
10:51:05 652	IR2010 --> FICHIERS CREES=c:\gpsonde\Data\2019\BA201903241051.cor
10:51:05 652	IR2010 --> SONDE 810210103 OK : 17.7°C 33.0% 5.7V
10:51:05 652	Camera: 20190324_1051_1.jpg
10:51:12 875	############## INFLATION 1100 l, Source 1, 1.276 bar #############
10:51:35 807	Balloon detection low     (56 l, 165 l/mn, 1.371 bar)
10:52:32 092	Balloon detection high    (211 l, 165 l/mn, 1.373 bar)
10:57:56 135	Inflation end [ 10 ]      (1100 l, 165.6 l/min, remaining 9.1 m3 / 0.0 m3)
10:59:00 938	Gas pressure 1.088 bar -> 1.383 bar  (+0.295 bar/min)
11:00:00 780	########################### LAUNCH ###############################
11:00:00 780	Roof opening
11:00:00 780	IR2010 <-- 17PING 
11:00:00 780	IR2010 --> PING LAST DATA SONDE 1s AGO, Alt=98.0m Ascent=0.0m/s Lat=41.384435 Lng=2.117518 T=18.3°C U=26.6% GpsTime=39618
11:00:15 163	Roof open
11:00:15 990	IR2010 <-- 14SOL DD=098° :FF=1.8M/S :T=22.03°C :U=22.9%
11:00:16 271	Balloon [ 10 ] release   (wind 1.8 m/s   98°)
11:00:16 271	IR2010 <-- 08LACHER EFFECTUE
11:00:17 550	Sonde [ 10 ] OUT
11:00:18 361	Balloon absence high
11:00:18 361	Balloon absence low 
11:00:25 100	Roof closure
11:00:40 170	Roof closed
11:00:47 065	IR2010 --> DEPART DETECTE
12:44:12 366	IR2010 --> SONDAGE OK 28053m 15.4hPa 4.5m/s
12:44:12 381	IR2010 <-- 16ARRET
12:44:12 381	======================= Radiosounding end ========================
12:44:12 381	Next launch : 24 març 23:00


22:50:00 305	======================= Launch planned 23:00 =====================
22:50:00 305	Sondes list :   2.4   2.3   2.3   2.3   X   X   X   X   X   X   2.4   2.4
22:50:00 305	Flowmeter : 21.5°C, 1.299 bar
22:50:00 305	Wind OK    (0.9 m/s   286°)
22:50:00 555	Radiosounding software connection
22:50:05 609	IR2010 --> STATION OK. PRESSION BARO=1011.3
22:50:05 609	IR2010 <-- 11404.0 MHz ?
22:50:15 749	IR2010 --> FREQUENCE LIBRE
22:50:15 749	IR2010 <-- 14SOL DD=274° :FF=0.7M/S :T=17.73°C :U=27.9%
22:50:15 749	Relaunch parameters 10min 300hPa
22:50:16 342	############## SONDE [ 11 ] 205212114   404.000 MHz ##############
22:50:16 342	Age sonde 2.4, balloon 2.4, position 01h
22:50:16 342	IR2010 <-- 12SONDE EN MARCHE EFFECTUE :SN=205212114 :TR=220Cx10 :TC=219Cx10 :KT=099452 :UR=32% :UC=33% :KU=0000
22:50:25 889	IR2010 --> RESET SONDE 205212114. CAUSE=SONDE NOT RECEIVED
22:50:26 544	IR2010 <-- 13RESET SONDE EFFECTUE
22:50:36 029	IR2010 --> RESET SONDE 205212114. CAUSE=SONDE NOT RECEIVED
22:50:36 138	            -------------------------------///-------------------------------
22:50:36 138	IR2010 <-- 11403.6 MHz ?
22:50:46 169	IR2010 --> FREQUENCE LIBRE
22:50:46 169	IR2010 <-- 14SOL DD=266° :FF=0.3M/S :T=17.71°C :U=28.1%
22:50:46 169	Relaunch parameters 10min 300hPa
22:50:46 419	############## SONDE [ 12 ] 810210097   403.600 MHz ##############
22:50:46 419	Age sonde 2.4, balloon 2.4, position 02h
22:50:46 419	IR2010 <-- 12SONDE EN MARCHE EFFECTUE :SN=810210097 :TR=219Cx10 :TC=218Cx10 :KT=099736 :UR=30% :UC=30% :KU=0000
22:51:29 802	IR2010 --> FICHIERS CREES=c:\gpsonde\Data\2019\BA201903242251.cor
22:51:29 802	IR2010 --> SONDE 810210097 OK : 20.0°C 27.1% 5.8V
22:51:29 802	Camera: 20190324_2251_1.jpg
22:51:43 499	############## INFLATION 1100 l, Source 1, 1.298 bar #############
22:52:01 954	Balloon detection low     (44 l, 166 l/mn, 1.375 bar)
22:52:59 518	Balloon detection high    (204 l, 165 l/mn, 1.374 bar)
22:58:26 853	Inflation end [ 12 ]      (1102 l, 165.0 l/min, remaining 7.9 m3 / 0.0 m3)
22:59:31 172	Gas pressure 1.057 bar -> 1.393 bar  (+0.336 bar/min)
23:00:00 594	########################### LAUNCH ###############################
23:00:00 594	Roof opening
23:00:00 594	IR2010 <-- 17PING 
23:00:00 594	IR2010 --> PING LAST DATA SONDE 0s AGO, Alt=98.0m Ascent=0.0m/s Lat=41.384505 Lng=2.117462 T=18.9°C U=22.2% GpsTime=82819
23:00:15 726	Roof open
23:00:15 804	IR2010 <-- 14SOL DD=018° :FF=0.9M/S :T=17.86°C :U=26.4%
23:00:16 288	Balloon [ 12 ] release   (wind 0.9 m/s   19°)
23:00:16 288	IR2010 <-- 08LACHER EFFECTUE
23:00:18 284	Balloon absence low 
23:00:18 924	Balloon absence high
23:00:25 928	Roof closure
23:00:42 012	Roof closed
23:02:11 400	Sonde ascent not detected                                             < ERROR
23:02:11 400	Trying sonde OFF
23:02:19 512	IR2010 <-- 17PING 
23:02:19 512	IR2010 --> PING LAST DATA SONDE 8s AGO, Alt=98.0m Ascent=0.0m/s Lat=41.384489 Lng=2.117451 T=19.2°C U=21.1% GpsTime=82950
23:02:19 512	Sonde éteinte depuis 8s : sonde restée dans son module
23:02:21 540	            -------------------------------///-------------------------------
23:02:21 571	IR2010 <-- 11403.2 MHz ?
23:02:30 900	IR2010 --> FREQUENCE LIBRE
23:02:30 900	IR2010 <-- 14SOL DD=006° :FF=1.1M/S :T=17.88°C :U=26.7%
23:02:30 900	Relaunch parameters 10min 300hPa
23:02:31 399	############## SONDE [ 1 ] 810210089   403.200 MHz ##############
23:02:31 399	Age sonde 2.4, balloon 2.4, position 01h
23:02:31 399	IR2010 <-- 12SONDE EN MARCHE EFFECTUE :SN=810210089 :TR=217Cx10 :TC=218Cx10 :KT=100305 :UR=30% :UC=27% :KU=6380
23:03:04 378	IR2010 --> FICHIERS CREES=c:\gpsonde\Data\2019\BA201903242303.cor
23:03:04 378	IR2010 --> SONDE 810210089 OK : 19.6°C 24.1% 5.8V
23:03:04 378	Camera: 20190324_2303_1.jpg
23:03:11 694	############## INFLATION 1100 l, Source 1, 1.394 bar #############
23:03:30 149	Balloon detection low     (42 l, 167 l/mn, 1.325 bar)
23:04:38 586	Balloon detection high    (234 l, 167 l/mn, 1.327 bar)
23:09:52 615	Inflation end [ 1 ]      (1102 l, 166.3 l/min, remaining 6.6 m3 / 0.0 m3)
23:09:52 771	########################### LAUNCH ###############################
23:09:52 771	Roof opening
23:09:52 771	IR2010 <-- 17PING 
23:09:52 771	IR2010 --> PING LAST DATA SONDE 1s AGO, Alt=98.0m Ascent=0.0m/s Lat=41.384494 Lng=2.117482 T=19.4°C U=20.7% GpsTime=83411
23:10:07 981	Roof open
23:10:08 995	IR2010 <-- 14SOL DD=177° :FF=0.7M/S :T=17.73°C :U=27.7%
23:10:09 307	Balloon [ 1 ] release   (wind 0.7 m/s   177°)
23:10:09 307	IR2010 <-- 08LACHER EFFECTUE
23:10:10 586	Sonde [ 1 ] OUT
23:10:11 819	Balloon absence high
23:10:11 819	Balloon absence low 
23:10:18 105	Roof closure
23:10:33 627	Roof closed
23:10:34 142	IR2010 --> DEPART DETECTE
23:10:57 652	Gas pressure 1.084 bar -> 1.403 bar  (+0.319 bar/min)
00:50:56 798	IR2010 --> SONDAGE OK 27943m 15.6hPa 4.6m/s
00:50:56 798	IR2010 <-- 16ARRET
00:50:56 814	======================= Radiosounding end ========================
00:50:56 814	Next launch : 25 març 11:00

