
10:50:00 592	======================= Launch planned 11:00 =====================
10:50:00 592	Sondes list :   X   X   2.8   2.8   2.8   X   X   X   X   2.8   2.8   X
10:50:00 592	Flowmeter : 21.0°C, 1.314 bar
10:50:00 592	Wind OK    (1.2 m/s   181°)
10:50:00 826	Radiosounding software connection
10:50:05 880	IR2010 --> STATION OK. PRESSION BARO=1018.9
10:50:05 880	IR2010 <-- 11404.0 MHz ?
10:50:16 020	IR2010 --> FREQUENCE LIBRE
10:50:16 020	IR2010 <-- 14SOL DD=172° :FF=1.2M/S :T=14.91°C :U=68.3%
10:50:16 020	Relaunch parameters 10min 300hPa
10:50:16 207	############## SONDE [ 10 ] 810210057   404.000 MHz ##############
10:50:16 207	Age sonde 2.8, balloon 2.8, position 02h
10:50:16 207	IR2010 <-- 12SONDE EN MARCHE EFFECTUE :SN=810210057 :TR=219Cx10 :TC=223Cx10 :KT=101466 :UR=35% :UC=34% :KU=0000
10:51:03 694	IR2010 --> FICHIERS CREES=c:\gpsonde\Data\2019\BA201903111051.cor
10:51:03 694	IR2010 --> SONDE 810210057 OK : 20.3°C 51.2% 5.8V
10:51:03 694	Camera: 20190311_1051_1.jpg
10:51:17 859	############## INFLATION 1100 l, Source 1, 1.314 bar #############
10:51:47 187	Balloon detection low     (76 l, 166 l/mn, 1.402 bar)
10:52:37 715	Balloon detection high    (216 l, 166 l/mn, 1.403 bar)
10:58:00 558	Inflation end [ 10 ]      (1102 l, 165.5 l/min, remaining 6.0 m3 / 0.0 m3)
10:59:05 095	Gas pressure 1.091 bar -> 1.404 bar  (+0.313 bar/min)
11:00:00 881	########################### LAUNCH ###############################
11:00:00 881	Roof opening
11:00:00 881	IR2010 <-- 17PING 
11:00:00 881	IR2010 --> PING LAST DATA SONDE 1s AGO, Alt=98.0m Ascent=0.0m/s Lat=41.384479 Lng=2.117479 T=20.6°C U=53.1% GpsTime=39620
11:00:15 747	Roof open
11:00:16 091	IR2010 <-- 14SOL DD=045° :FF=0.5M/S :T=15.16°C :U=67.4%
11:00:16 215	Balloon [ 10 ] release   (wind 0.5 m/s   45°)
11:00:16 215	IR2010 <-- 08LACHER EFFECTUE
11:00:17 495	Sonde [ 10 ] OUT
11:00:18 306	Balloon absence low 
11:00:18 945	Balloon absence high
11:00:25 201	Roof closure
11:00:40 754	Roof closed
11:00:45 247	IR2010 --> DEPART DETECTE
12:53:17 984	IR2010 --> SONDAGE OK 31417m 9.5hPa 4.6m/s
12:53:18 000	IR2010 <-- 16ARRET
12:53:18 000	======================= Radiosounding end ========================
12:53:18 000	Next launch : 11 març 23:00

16:50:23 509	Chargement/loading [ 1 ]
16:50:43 009	Door open
16:51:34 598	GC value sonde ON: 40.3%
16:51:38 654	GC value sonde OFF: 40.4%
16:53:21 489	Chargement/Loading [ 1 ] 810210069 6.1V 6457Hz TR=239Cx10:TC=240Cx10:KT=100403:UR=40%:UC=39%:KU=0000
16:53:22 410	Chargement/loading [ 2 ]
16:54:21 721	GC value sonde ON: 41.4%
16:54:25 949	GC value sonde OFF: 41.3%
16:56:12 778	Chargement/Loading [ 2 ] 205212114 6.0V 6447Hz TR=238Cx10:TC=237Cx10:KT=099751:UR=41%:UC=42%:KU=0000
16:56:13 480	Chargement/loading [ 6 ]
16:57:20 575	GC value sonde ON: 41.3%
16:57:24 491	GC value sonde OFF: 41.3%
16:59:59 789	Chargement/Loading [ 6 ] 810210074 6.1V 6439Hz TR=239Cx10:TC=240Cx10:KT=100533:UR=41%:UC=42%:KU=0000
17:00:01 193	Chargement/loading [ 7 ]
17:01:29 583	GC value sonde ON: 41.7%
17:01:33 904	GC value sonde OFF: 41.7%
17:04:33 570	Chargement/Loading [ 7 ] 804212879 6.0V 6533Hz TR=239Cx10:TC=240Cx10:KT=100498:UR=42%:UC=47%:KU=6388
17:04:34 506	Chargement/loading [ 8 ]
17:05:38 591	GC value sonde ON: 41.7%
17:05:42 335	GC value sonde OFF: 41.7%
17:09:23 980	Chargement/Loading [ 8 ] 804212877 6.1V 6522Hz TR=239Cx10:TC=238Cx10:KT=099451:UR=42%:UC=45%:KU=0000
17:09:24 776	Chargement/loading [ 9 ]
17:10:56 582	GC value sonde ON: 41.8%
17:11:00 763	GC value sonde OFF: 42.0%
17:13:56 762	Chargement/Loading [ 9 ] 810210017 6.1V 6455Hz TR=239Cx10:TC=246Cx10:KT=102608:UR=42%:UC=39%:KU=6367
17:14:01 629	Chargement/loading [ 10 ]
17:14:58 663	GC value sonde ON: 42.1%
17:15:03 078	GC value sonde OFF: 42.1%
17:17:52 478	Chargement/Loading [ 10 ] 810210060 6.2V 6441Hz TR=239Cx10:TC=238Cx10:KT=099609:UR=42%:UC=43%:KU=0000
17:17:53 383	Chargement/loading [ 12 ]
17:20:11 553	GC value sonde ON: 42.0%
17:20:15 390	GC value sonde OFF: 42.1%
17:22:33 934	Chargement/Loading [ 12 ] 810210058 6.1V 6489Hz TR=239Cx10:TC=241Cx10:KT=100754:UR=42%:UC=41%:KU=0000
17:22:42 904	Door closed

22:50:00 333	======================= Launch planned 23:00 =====================
22:50:00 333	Sondes list :   0.2   0.2   3.3   3.3   3.3   0.2   0.2   0.2   0.2   0.2   3.3   0.2
22:50:00 333	Flowmeter : 19.9°C, 1.296 bar
22:50:00 333	Wind OK    (1.3 m/s   189°)
22:50:00 691	Radiosounding software connection
22:50:05 746	IR2010 --> STATION OK. PRESSION BARO=1020.5
22:50:05 746	IR2010 <-- 11404.0 MHz ?
22:50:15 886	IR2010 --> FREQUENCE LIBRE
22:50:15 886	IR2010 <-- 14SOL DD=191° :FF=1.0M/S :T=12.61°C :U=79.7%
22:50:15 886	Relaunch parameters 10min 300hPa
22:50:16 401	############## SONDE [ 11 ] 810210064   404.000 MHz ##############
22:50:16 401	Age sonde 3.3, balloon 3.3, position 04h
22:50:16 401	IR2010 <-- 12SONDE EN MARCHE EFFECTUE :SN=810210064 :TR=218Cx10 :TC=219Cx10 :KT=100398 :UR=36% :UC=37% :KU=0000
22:51:03 575	IR2010 --> FICHIERS CREES=c:\gpsonde\Data\2019\BA201903112251.cor
22:51:03 575	IR2010 --> SONDE 810210064 OK : 19.7°C 51.4% 5.7V
22:51:03 575	Camera: 20190311_2251_1.jpg
22:51:30 314	############## INFLATION 1100 l, Source 1, 1.297 bar #############
22:51:53 885	Balloon detection low     (60 l, 167 l/mn, 1.406 bar)
22:52:54 647	Balloon detection high    (229 l, 167 l/mn, 1.409 bar)
22:58:09 784	Inflation end [ 11 ]      (1101 l, 166.2 l/min, remaining 4.7 m3 / 0.0 m3)
22:59:13 962	Gas pressure 1.077 bar -> 1.417 bar  (+0.340 bar/min)
23:00:00 622	########################### LAUNCH ###############################
23:00:00 622	Roof opening
23:00:00 622	IR2010 <-- 17PING 
23:00:00 622	IR2010 --> PING LAST DATA SONDE 0s AGO, Alt=98.0m Ascent=0.0m/s Lat=41.384485 Lng=2.117499 T=18.0°C U=54.5% GpsTime=82821
23:00:15 972	Roof open
23:00:16 846	IR2010 <-- 14SOL DD=198° :FF=0.6M/S :T=12.61°C :U=80.0%
23:00:17 127	Balloon [ 11 ] release   (wind 0.6 m/s   200°)
23:00:17 127	IR2010 <-- 08LACHER EFFECTUE
23:00:18 406	Sonde [ 11 ] OUT
23:00:19 170	Balloon absence low 
23:00:19 810	Balloon absence high
23:00:25 956	Roof closure
23:00:41 619	Roof closed
23:00:44 411	IR2010 --> DEPART DETECTE
00:59:21 892	IR2010 --> SONDAGE OK 30459m 10.9hPa 4.5m/s
00:59:21 908	IR2010 <-- 16ARRET
00:59:21 908	======================= Radiosounding end ========================
00:59:21 908	Next launch : 12 març 11:00

