
10:50:00 466	======================= Launch planned 11:00 =====================
10:50:00 466	Sondes list :   0.8   0.8   X   3.8   0.7   0.7   0.7   0.7   0.7   0.7   0.7   0.7
10:50:00 466	Flowmeter : 18.6°C, 1.303 bar
10:50:00 466	Wind OK    (2.1 m/s   166°)
10:50:00 716	Radiosounding software connection
10:50:05 770	IR2010 --> STATION OK. PRESSION BARO=1010.0
10:50:05 770	IR2010 <-- 11404.0 MHz ?
10:50:15 910	IR2010 --> FREQUENCE LIBRE
10:50:15 910	IR2010 <-- 14SOL DD=165° :FF=1.6M/S :T=19.46°C :U=8.8%
10:50:15 910	Relaunch parameters 10min 300hPa
10:50:15 957	############## SONDE [ 4 ] 810210104   404.000 MHz ##############
10:50:15 957	Age sonde 3.8, balloon 3.8, position 01h
10:50:15 957	IR2010 <-- 12SONDE EN MARCHE EFFECTUE :SN=810210104 :TR=212Cx10 :TC=215Cx10 :KT=101205 :UR=30% :UC=31% :KU=0000
10:51:01 571	IR2010 --> FICHIERS CREES=c:\gpsonde\Data\2019\BA201903261051.cor
10:51:01 571	IR2010 --> SONDE 810210104 OK : 19.6°C 13.9% 5.7V
10:51:01 571	Camera: 20190326_1051_1.jpg
10:51:08 872	############## INFLATION 1100 l, Source 1, 1.303 bar #############
10:51:34 363	Balloon detection low     (62 l, 165 l/mn, 1.369 bar)
10:52:33 206	Balloon detection high    (223 l, 165 l/mn, 1.384 bar)
10:57:53 131	Inflation end [ 4 ]      (1102 l, 165.4 l/min, remaining 2.8 m3 / 0.0 m3)
10:58:57 871	Gas pressure 1.115 bar -> 1.405 bar  (+0.290 bar/min)
11:00:00 771	########################### LAUNCH ###############################
11:00:00 771	Roof opening
11:00:00 771	IR2010 <-- 17PING 
11:00:00 771	IR2010 --> PING LAST DATA SONDE 0s AGO, Alt=98.0m Ascent=0.0m/s Lat=41.384498 Lng=2.117492 T=19.5°C U=10.3% GpsTime=39622
11:00:15 731	Roof open
11:00:15 981	IR2010 <-- 14SOL DD=157° :FF=2.1M/S :T=19.27°C :U=9.7%
11:00:16 558	Balloon [ 4 ] release   (wind 2.0 m/s   156°)
11:00:16 558	IR2010 <-- 08LACHER EFFECTUE
11:00:17 837	Sonde [ 4 ] OUT
11:00:18 929	Balloon absence high
11:00:18 929	Balloon absence low 
11:00:25 107	Roof closure
11:00:39 474	IR2010 --> DEPART DETECTE
11:00:40 707	Roof closed
12:40:00 884	IR2010 --> SONDAGE OK 27547m 16.5hPa 4.6m/s
12:40:00 884	IR2010 <-- 16ARRET
12:40:00 884	======================= Radiosounding end ========================
12:40:00 884	Next launch : 26 març 23:00


22:50:00 218	======================= Launch planned 23:00 =====================
22:50:00 218	Sondes list :   1.3   1.3   X   X   1.2   1.2   1.2   1.2   1.2   1.2   1.2   1.2
22:50:00 218	Flowmeter : 21.1°C, 1.302 bar
22:50:00 218	Wind OK    (1.9 m/s   291°)
22:50:00 467	Radiosounding software connection
22:50:05 522	IR2010 --> STATION OK. PRESSION BARO=1013.2
22:50:05 522	IR2010 <-- 11404.0 MHz ?
22:50:15 662	IR2010 --> FREQUENCE LIBRE
22:50:15 662	IR2010 <-- 14SOL DD=279° :FF=1.7M/S :T=12.37°C :U=44.0%
22:50:15 662	Relaunch parameters 10min 300hPa
22:50:15 911	############## SONDE [ 1 ] 810210009   404.000 MHz ##############
22:50:15 911	Age sonde 1.3, balloon 1.3, position 09h
22:50:15 911	IR2010 <-- 12SONDE EN MARCHE EFFECTUE :SN=810210009 :TR=211Cx10 :TC=213Cx10 :KT=100796 :UR=35% :UC=37% :KU=0000
22:51:03 351	IR2010 --> FICHIERS CREES=c:\gpsonde\Data\2019\BA201903262251.cor
22:51:03 351	IR2010 --> SONDE 810210009 OK : 19.5°C 27.2% 5.9V
22:51:03 351	Camera: 20190326_2251_1.jpg
22:51:23 850	############## INFLATION 1100 l, Source 1, 1.302 bar #############
22:51:47 421	Balloon detection low     (62 l, 168 l/mn, 1.332 bar)
22:52:46 904	Balloon detection high    (227 l, 168 l/mn, 1.333 bar)
22:58:01 572	Inflation end [ 1 ]      (1101 l, 166.7 l/min, remaining 1.5 m3 / 0.0 m3)
22:59:05 735	Gas pressure 1.072 bar -> 1.410 bar  (+0.338 bar/min)
23:00:00 507	########################### LAUNCH ###############################
23:00:00 507	Roof opening
23:00:00 507	IR2010 <-- 17PING 
23:00:00 507	IR2010 --> PING LAST DATA SONDE 1s AGO, Alt=98.0m Ascent=0.0m/s Lat=41.384487 Lng=2.117495 T=18.2°C U=23.9% GpsTime=82822
23:00:15 904	Roof open
23:00:16 731	IR2010 <-- 14SOL DD=198° :FF=2.2M/S :T=12.10°C :U=45.1%
23:00:17 230	Balloon [ 1 ] release   (wind 2.2 m/s   198°)
23:00:17 230	IR2010 <-- 08LACHER EFFECTUE
23:00:18 509	Sonde [ 1 ] OUT
23:00:19 102	Balloon absence low 
23:00:19 742	Balloon absence high
23:00:25 841	Roof closure
23:00:41 551	Roof closed
23:00:44 608	IR2010 --> DEPART DETECTE
00:50:15 106	IR2010 --> SONDAGE OK 30494m 10.6hPa 4.6m/s
00:50:15 121	IR2010 <-- 16ARRET
00:50:15 137	======================= Radiosounding end ========================
00:50:15 137	Next launch : 27 març 11:00

