
10:50:01 024	======================= Launch planned 11:00 =====================
10:50:01 024	Sondes list :   X   2.8   2.8   2.8   X   X   X   X   X   X   X   X
10:50:01 024	Flowmeter : 16.4°C, 1.290 bar
10:50:01 024	Wind OK    (2.0 m/s   147°)
10:50:01 367	Radiosounding software connection
10:50:06 422	IR2010 --> STATION OK. PRESSION BARO=1009.2
10:50:06 422	IR2010 <-- 11404.0 MHz ?
10:50:15 563	IR2010 --> FREQUENCE LIBRE
10:50:15 563	IR2010 <-- 14SOL DD=121° :FF=1.1M/S :T=21.02°C :U=28.8%
10:50:15 563	Relaunch parameters 10min 300hPa
10:50:15 906	############## SONDE [ 2 ] 810210102   404.000 MHz ##############
10:50:15 906	Age sonde 2.8, balloon 2.8, position 01h
10:50:15 906	IR2010 <-- 12SONDE EN MARCHE EFFECTUE :SN=810210102 :TR=216Cx10 :TC=218Cx10 :KT=100696 :UR=30% :UC=32% :KU=0000
10:51:04 266	IR2010 --> FICHIERS CREES=c:\gpsonde\Data\2019\BA201903251051.cor
10:51:04 266	IR2010 --> SONDE 810210102 OK : 17.2°C 33.7% 5.8V
10:51:04 266	Camera: 20190325_1051_1.jpg
10:51:11 505	############## INFLATION 1100 l, Source 1, 1.289 bar #############
10:51:36 356	Balloon detection low     (61 l, 165 l/mn, 1.327 bar)
10:52:33 920	Balloon detection high    (220 l, 165 l/mn, 1.329 bar)
10:57:53 112	Inflation end [ 2 ]      (1102 l, 166.5 l/min, remaining 5.3 m3 / 0.0 m3)
10:58:57 431	Gas pressure 1.063 bar -> 1.392 bar  (+0.329 bar/min)
11:00:00 315	########################### LAUNCH ###############################
11:00:00 315	Roof opening
11:00:00 315	IR2010 <-- 17PING 
11:00:00 315	IR2010 --> PING LAST DATA SONDE 0s AGO, Alt=98.0m Ascent=-0.1m/s Lat=41.384432 Lng=2.117557 T=18.2°C U=31.0% GpsTime=39620
11:00:15 072	Roof open
11:00:15 525	IR2010 <-- 14SOL DD=152° :FF=2.7M/S :T=21.48°C :U=28.1%
11:00:15 805	Balloon [ 2 ] release   (wind 2.7 m/s   152°)
11:00:15 805	IR2010 <-- 08LACHER EFFECTUE
11:00:17 085	Sonde [ 2 ] OUT
11:00:17 631	Balloon absence low 
11:00:18 270	Balloon absence high
11:00:24 635	Roof closure
11:00:40 719	Roof closed
11:00:42 263	IR2010 --> DEPART DETECTE
12:49:12 155	IR2010 --> SONDAGE OK 29652m 12.1hPa 4.6m/s
12:49:12 170	IR2010 <-- 16ARRET
12:49:12 170	======================= Radiosounding end ========================
12:49:12 170	Next launch : 25 març 23:00

16:39:01 456	Chargement/loading [ 1 ]
16:40:53 631	GC value sonde ON: 35.5%
16:40:57 671	GC value sonde OFF: 35.3%
16:41:23 552	Door open
16:43:42 145	Chargement/Loading [ 1 ] 810210009 6.1V 6484Hz TR=211Cx10:TC=213Cx10:KT=100796:UR=35%:UC=37%:KU=0000
16:43:42 785	Chargement/loading [ 2 ]
16:45:03 624	GC value sonde ON: 37.3%
16:45:08 070	GC value sonde OFF: 37.2%
16:47:55 583	Chargement/Loading [ 2 ] 809214489 6.1V 6552Hz TR=213Cx10:TC=214Cx10:KT=100379:UR=37%:UC=35%:KU=6449
16:47:56 317	Chargement/loading [ 5 ]
16:48:25 161	Sonde non détectée dans le groundcheck                                < ERROR
16:50:29 623	Sonde non détectée dans le groundcheck                                < ERROR
16:51:30 080	Sonde non détectée dans le groundcheck                                < ERROR
16:51:36 414	Sonde non détectée dans le groundcheck                                < ERROR
16:52:03 823	Chargement/loading [ 5 ]
16:53:49 607	GC value sonde ON: 37.6%
16:53:53 304	GC value sonde OFF: 37.5%
16:55:14 112	Chargement/Loading [ 5 ] 809214485 6.1V 6505Hz TR=215Cx10:TC=215Cx10:KT=099994:UR=38%:UC=37%:KU=0000
16:55:28 199	Chargement/loading [ 6 ]
16:56:09 617	GC value sonde ON: 37.4%
16:56:14 282	GC value sonde OFF: 37.3%
16:58:41 125	Chargement/Loading [ 6 ] 809214482 6.2V 6503Hz TR=214Cx10:TC=214Cx10:KT=100158:UR=37%:UC=38%:KU=0000
16:58:41 952	Chargement/loading [ 7 ]
16:59:56 613	GC value sonde ON: 39.3%
17:00:00 435	GC value sonde OFF: 39.1%
17:03:13 373	Chargement/Loading [ 7 ] 809214491 6.1V 6492Hz TR=214Cx10:TC=213Cx10:KT=099621:UR=39%:UC=39%:KU=0000
17:03:14 215	Chargement/loading [ 8 ]
17:04:13 589	GC value sonde ON: 39.6%
17:04:17 988	GC value sonde OFF: 39.4%
17:06:37 796	Chargement/Loading [ 8 ] 809214507 6.1V 6534Hz TR=215Cx10:TC=215Cx10:KT=100082:UR=39%:UC=40%:KU=0000
17:06:39 761	Chargement/loading [ 9 ]
17:08:01 599	GC value sonde ON: 39.6%
17:08:06 217	GC value sonde OFF: 39.5%
17:10:30 229	Chargement/Loading [ 9 ] 809214479 6.1V 6505Hz TR=217Cx10:TC=217Cx10:KT=099973:UR=39%:UC=39%:KU=0000
17:10:31 742	Chargement/loading [ 10 ]
17:11:33 581	GC value sonde ON: 39.6%
17:11:38 058	GC value sonde OFF: 39.5%
17:13:35 904	Chargement/Loading [ 10 ] 809214478 6.1V 6523Hz TR=217Cx10:TC=221Cx10:KT=101598:UR=39%:UC=40%:KU=0000
17:13:46 559	Chargement/loading [ 11 ]
17:14:06 496	Sonde non détectée dans le groundcheck                                < ERROR
17:14:59 676	GC value sonde ON: 39.7%
17:15:03 888	GC value sonde OFF: 39.7%
17:16:38 908	Chargement/Loading [ 11 ] 205212114 6.0V 6463Hz TR=217Cx10:TC=216Cx10:KT=099663:UR=40%:UC=41%:KU=0000
17:16:43 120	Chargement/loading [ 12 ]
17:17:43 882	GC value sonde ON: 40.3%
17:17:48 235	GC value sonde OFF: 40.2%
17:19:13 939	Door closed
17:19:14 532	Chargement/Loading [ 12 ] 810210097 5.7V 6494Hz TR=217Cx10:TC=216Cx10:KT=099693:UR=40%:UC=42%:KU=0000

22:50:00 745	======================= Launch planned 23:00 =====================
22:50:00 745	Sondes list :   0.3   0.3   3.3   3.3   0.2   0.2   0.2   0.2   0.2   0.2   0.2   0.2
22:50:00 745	Flowmeter : 21.2°C, 1.299 bar
22:50:00 745	Wind OK    (1.3 m/s   137°)
22:50:01 011	Radiosounding software connection
22:50:06 065	IR2010 --> STATION OK. PRESSION BARO=1008.6
22:50:06 065	IR2010 <-- 11404.0 MHz ?
22:50:16 205	IR2010 --> FREQUENCE LIBRE
22:50:16 205	IR2010 <-- 14SOL DD=134° :FF=1.0M/S :T=13.60°C :U=75.1%
22:50:16 205	Relaunch parameters 10min 300hPa
22:50:16 455	############## SONDE [ 3 ] 810210108   404.000 MHz ##############
22:50:16 455	Age sonde 3.3, balloon 3.3, position 08h
22:50:16 455	IR2010 <-- 12SONDE EN MARCHE EFFECTUE :SN=810210108 :TR=215Cx10 :TC=217Cx10 :KT=100861 :UR=31% :UC=31% :KU=0000
22:51:02 880	IR2010 --> FICHIERS CREES=c:\gpsonde\Data\2019\BA201903252251.cor
22:51:02 880	IR2010 --> SONDE 810210108 OK : 20.2°C 48.0% 5.8V
22:51:02 880	Camera: 20190325_2251_1.jpg
22:51:54 095	############## INFLATION 1100 l, Source 1, 1.300 bar #############
22:52:13 190	Balloon detection low     (44 l, 167 l/mn, 1.334 bar)
22:53:20 348	Balloon detection high    (231 l, 167 l/mn, 1.335 bar)
22:58:35 109	Inflation end [ 3 ]      (1101 l, 166.0 l/min, remaining 4.1 m3 / 0.0 m3)
22:59:39 725	Gas pressure 1.069 bar -> 1.406 bar  (+0.337 bar/min)
23:00:00 020	########################### LAUNCH ###############################
23:00:00 020	Roof opening
23:00:00 020	IR2010 <-- 17PING 
23:00:00 020	IR2010 --> PING LAST DATA SONDE 1s AGO, Alt=98.0m Ascent=0.0m/s Lat=41.384529 Lng=2.117461 T=18.8°C U=48.8% GpsTime=82820
23:00:15 449	Roof open
23:00:16 244	IR2010 <-- 14SOL DD=120° :FF=0.9M/S :T=13.55°C :U=75.6%
23:00:16 868	Balloon [ 3 ] release   (wind 0.9 m/s   120°)
23:00:16 868	IR2010 <-- 08LACHER EFFECTUE
23:00:18 148	Sonde [ 3 ] OUT
23:00:19 286	Balloon absence high
23:00:19 286	Balloon absence low 
23:00:25 355	Roof closure
23:00:41 095	Roof closed
23:00:48 396	IR2010 --> DEPART DETECTE
23:54:32 579	IR2010 --> SONDAGE OK 14839m 123.6hPa 4.7m/s
23:54:32 594	IR2010 <-- 16ARRET
23:54:32 594	======================= Radiosounding end ========================
23:54:32 594	Next launch : 26 març 11:00

