02:13:44 964	IR2010 --> SONDAGE OK 24639m 25.3hPa 2.2m/s
02:13:44 964	IR2010 <-- 16ARRET

10:50:00 488	======================= Launch planned 11:00 =====================
10:50:00 488	Sondes list :   X   X   X   X   1.8   1.8   1.8   1.8   1.8   1.8   1.8   X
10:50:00 488	Flowmeter : 16.8°C, 1.308 bar
10:50:00 488	Wind OK    (1.3 m/s   147°)
10:50:00 816	Radiosounding software connection
10:50:05 870	IR2010 --> STATION OK. PRESSION BARO=1011.9
10:50:05 870	IR2010 <-- 11404.0 MHz ?
10:50:16 010	IR2010 --> FREQUENCE LIBRE
10:50:16 010	IR2010 <-- 14SOL DD=147° :FF=1.8M/S :T=18.45°C :U=39.9%
10:50:16 010	Relaunch parameters 10min 300hPa
10:50:16 556	############## SONDE [ 5 ] 810210154   404.000 MHz ##############
10:50:16 556	Age sonde 1.8, balloon 1.8, position 01h
10:50:16 556	IR2010 <-- 12SONDE EN MARCHE EFFECTUE :SN=810210154 :TR=226Cx10 :TC=229Cx10 :KT=101046 :UR=43% :UC=44% :KU=0000
10:51:00 657	IR2010 --> FICHIERS CREES=c:\gpsonde\Data\2019\BA201903031051.cor
10:51:00 657	IR2010 --> SONDE 810210154 OK : 19.9°C 40.5% 5.8V
10:51:00 657	Camera: 20190303_1051_1.jpg
10:51:08 177	############## INFLATION 1100 l, Source 1, 1.308 bar #############
10:51:29 829	Balloon detection low     (56 l, 166 l/mn, 1.354 bar)
10:52:35 708	Balloon detection high    (238 l, 166 l/mn, 1.360 bar)
10:57:49 284	Inflation end [ 5 ]      (1102 l, 166.2 l/min, remaining 27.5 m3 / 0.0 m3)
10:58:53 837	Gas pressure 1.080 bar -> 1.406 bar  (+0.326 bar/min)
11:00:00 777	########################### LAUNCH ###############################
11:00:00 777	Roof opening
11:00:00 777	IR2010 <-- 17PING 
11:00:00 777	IR2010 --> PING LAST DATA SONDE 1s AGO, Alt=98.0m Ascent=0.0m/s Lat=41.384472 Lng=2.117517 T=20.5°C U=41.6% GpsTime=39618
11:00:16 221	Roof open
11:00:17 001	IR2010 <-- 14SOL DD=212° :FF=2.1M/S :T=18.58°C :U=40.3%
11:00:17 095	Balloon [ 5 ] release   (wind 2.1 m/s   212°)
11:00:17 095	IR2010 <-- 08LACHER EFFECTUE
11:00:17 734	Sonde [ 5 ] OUT
11:00:19 419	Balloon absence high
11:00:19 419	Balloon absence low 
11:00:26 112	Roof closure
11:00:41 868	Roof closed
11:00:42 008	IR2010 --> DEPART DETECTE
12:51:15 483	IR2010 --> SONDAGE OK 30648m 10.0hPa 4.6m/s
12:51:15 483	IR2010 <-- 16ARRET
12:51:15 483	======================= Radiosounding end ========================
12:51:15 483	Next launch : 03 març 23:00


22:50:00 271	======================= Launch planned 23:00 =====================
22:50:00 271	Sondes list :   X   X   X   X   X   2.3   2.3   2.3   2.3   2.3   2.3   X
22:50:00 271	Flowmeter : 19.6°C, 1.305 bar
22:50:00 271	Wind OK    (2.8 m/s   218°)
22:50:00 521	Radiosounding software connection
22:50:05 575	IR2010 --> STATION OK. PRESSION BARO=1006.2
22:50:05 575	IR2010 <-- 11404.0 MHz ?
22:50:15 715	IR2010 --> FREQUENCE LIBRE
22:50:15 715	IR2010 <-- 14SOL DD=218° :FF=2.7M/S :T=13.49°C :U=70.7%
22:50:15 715	Relaunch parameters 10min 300hPa
22:50:16 261	############## SONDE [ 6 ] 810210113   404.000 MHz ##############
22:50:16 261	Age sonde 2.3, balloon 2.3, position 01h
22:50:16 261	IR2010 <-- 12SONDE EN MARCHE EFFECTUE :SN=810210113 :TR=224Cx10 :TC=226Cx10 :KT=100763 :UR=41% :UC=41% :KU=0000
22:50:58 334	IR2010 --> FICHIERS CREES=c:\gpsonde\Data\2019\BA201903032250.cor
22:50:58 334	IR2010 --> SONDE 810210113 OK : 18.6°C 50.9% 5.8V
22:50:58 334	Camera: 20190303_2250_1.jpg
22:52:08 737	############## INFLATION 1100 l, Source 1, 1.305 bar #############
22:52:33 588	Balloon detection low     (64 l, 167 l/mn, 1.341 bar)
22:53:30 513	Balloon detection high    (222 l, 167 l/mn, 1.346 bar)
22:58:49 892	Inflation end [ 6 ]      (1103 l, 165.8 l/min, remaining 26.2 m3 / 0.0 m3)
22:59:54 461	Gas pressure 1.094 bar -> 1.400 bar  (+0.306 bar/min)
23:00:00 560	########################### LAUNCH ###############################
23:00:00 560	Roof opening
23:00:00 560	IR2010 <-- 17PING 
23:00:00 560	IR2010 --> PING LAST DATA SONDE 0s AGO, Alt=98.0m Ascent=0.0m/s Lat=41.384483 Lng=2.117451 T=18.6°C U=49.4% GpsTime=82819
23:00:16 020	Roof open
23:00:16 784	IR2010 <-- 14SOL DD=216° :FF=3.7M/S :T=13.38°C :U=71.9%
23:00:16 940	Balloon [ 6 ] release   (wind 3.7 m/s   216°)
23:00:16 940	IR2010 <-- 08LACHER EFFECTUE
23:00:18 219	Sonde [ 6 ] OUT
23:00:19 218	Balloon absence high
23:00:19 218	Balloon absence low 
23:00:25 895	Roof closure
23:00:41 666	Roof closed
23:00:43 148	IR2010 --> DEPART DETECTE
00:49:12 306	IR2010 --> SONDAGE OK 28406m 14.1hPa 4.6m/s
00:49:12 306	IR2010 <-- 16ARRET
00:49:12 306	======================= Radiosounding end ========================
00:49:12 306	Next launch : 04 març 11:00

