
10:50:00 220	======================= Launch planned 11:00 =====================
10:50:00 220	Sondes list :   X   X   X   X   X   X   3.7   3.7   3.7   3.7   X   X
10:50:00 220	Flowmeter : 21.4°C, 1.310 bar
10:50:00 220	Wind OK    (1.3 m/s   282°)
10:50:00 547	Radiosounding software connection
10:50:05 617	IR2010 --> STATION OK. PRESSION BARO=1014.0
10:50:05 617	IR2010 <-- 11404.0 MHz ?
10:50:15 757	IR2010 --> FREQUENCE LIBRE
10:50:15 757	IR2010 <-- 14SOL DD=299° :FF=1.7M/S :T=17.64°C :U=33.5%
10:50:15 757	Relaunch parameters 10min 300hPa
10:50:16 069	############## SONDE [ 7 ] 804212879   404.000 MHz ##############
10:50:16 069	Age sonde 3.7, balloon 3.7, position 01h
10:50:16 069	IR2010 <-- 12SONDE EN MARCHE EFFECTUE :SN=804212879 :TR=239Cx10 :TC=240Cx10 :KT=100498 :UR=42% :UC=47% :KU=6388
10:50:54 320	IR2010 --> FICHIERS CREES=c:\gpsonde\Data\2019\BA201903151050.cor
10:50:54 320	IR2010 --> SONDE 804212879 OK : 21.7°C 26.0% 5.7V
10:50:54 320	Camera: 20190315_1050_1.jpg
10:51:01 808	############## INFLATION 1100 l, Source 1, 1.310 bar #############
10:51:25 380	Balloon detection low     (61 l, 166 l/mn, 1.379 bar)
10:52:23 584	Balloon detection high    (220 l, 165 l/mn, 1.379 bar)
10:57:44 289	Inflation end [ 7 ]      (1101 l, 164.3 l/min, remaining 0.0 m3 / 0.0 m3)
10:58:48 499	Gas pressure 1.081 bar -> 1.405 bar  (+0.324 bar/min)
11:00:00 509	########################### LAUNCH ###############################
11:00:00 509	Roof opening
11:00:00 509	IR2010 <-- 17PING 
11:00:00 509	IR2010 --> PING LAST DATA SONDE 1s AGO, Alt=98.0m Ascent=0.0m/s Lat=41.384473 Lng=2.117551 T=22.0°C U=27.9% GpsTime=39629
11:00:15 609	Roof open
11:00:15 719	IR2010 <-- 14SOL DD=088° :FF=0.7M/S :T=17.44°C :U=32.7%
11:00:15 937	Balloon [ 7 ] release   (wind 0.7 m/s   88°)
11:00:15 937	IR2010 <-- 08LACHER EFFECTUE
11:00:17 216	Sonde [ 7 ] OUT
11:00:18 168	Balloon absence high
11:00:18 168	Balloon absence low 
11:00:24 829	Roof closure
11:00:40 616	Roof closed
11:00:48 947	IR2010 --> DEPART DETECTE
12:36:07 495	IR2010 --> SONDAGE OK 29643m 12.1hPa 5.1m/s
12:36:07 511	IR2010 <-- 16ARRET
12:36:07 511	======================= Radiosounding end ========================
12:36:07 511	Next launch : 15 març 23:00

14:11:12 831	Door open
14:20:08 177	Balloon detection low 
14:20:10 096	Balloon absence low 
14:20:17 132	Balloon detection low 
14:20:22 248	Balloon absence low 
14:20:30 563	Balloon detection low 
14:20:35 041	Balloon detection high
14:20:42 076	Balloon absence high
14:20:42 716	Balloon absence low 
14:21:56 145	Chargement/loading [ 1 ]
14:22:02 900	Chargement/loading [ 7 ]
14:23:05 456	GC value sonde ON: 34.5%
14:23:09 559	GC value sonde OFF: 34.3%
14:27:34 478	Chargement/Loading [ 7 ] 804212790 6.1V 6664Hz TR=222Cx10:TC=223Cx10:KT=100546:UR=34%:UC=36%:KU=0000
14:27:38 472	Chargement/loading [ 6 ]
14:30:48 434	GC value sonde ON: 33.9%
14:30:53 004	GC value sonde OFF: 33.9%
14:32:54 919	Chargement/Loading [ 6 ] 810210031 6.3V 6612Hz TR=222Cx10:TC=225Cx10:KT=101198:UR=34%:UC=32%:KU=0000
14:32:59 786	Chargement/loading [ 5 ]
14:34:44 431	GC value sonde ON: 34.2%
14:34:48 222	GC value sonde OFF: 34.1%
14:35:50 809	Chargement/Loading [ 5 ] 810210030 6.3V 6571Hz TR=223Cx10:TC=226Cx10:KT=101279:UR=34%:UC=34%:KU=0000
14:35:54 693	Chargement/loading [ 4 ]
14:36:12 696	Sonde non détectée dans le groundcheck                                < ERROR
14:37:52 302	Sonde non détectée dans le groundcheck                                < ERROR
14:39:00 443	GC value sonde ON: 36.1%
14:39:04 842	GC value sonde OFF: 35.9%
14:40:57 817	Chargement/Loading [ 4 ] 810210059 6.2V 6517Hz TR=224Cx10:TC=227Cx10:KT=101008:UR=36%:UC=36%:KU=0000
14:41:13 901	Chargement/loading [ 3 ]
14:41:57 425	GC value sonde ON: 36.4%
14:42:01 200	GC value sonde OFF: 36.3%
14:43:08 936	Chargement/Loading [ 3 ] 810210035 6.2V 6596Hz TR=225Cx10:TC=226Cx10:KT=100470:UR=36%:UC=36%:KU=0000
14:43:16 970	Chargement/loading [ 2 ]
14:44:55 484	GC value sonde ON: 37.4%
14:44:59 743	GC value sonde OFF: 37.2%
14:45:41 161	Chargement/Loading [ 2 ] 205212114 6.0V 6496Hz TR=226Cx10:TC=224Cx10:KT=099235:UR=37%:UC=38%:KU=0000
14:45:43 563	Chargement/loading [ 1 ]
14:47:40 439	GC value sonde ON: 34.8%
14:47:44 963	GC value sonde OFF: 34.7%
14:50:04 037	Chargement/Loading [ 1 ] 810210036 6.1V 6606Hz TR=226Cx10:TC=224Cx10:KT=099415:UR=35%:UC=35%:KU=0000
14:50:06 002	Chargement/loading [ 11 ]
14:51:00 415	GC value sonde ON: 35.9%
14:51:04 799	GC value sonde OFF: 35.9%
14:52:48 430	Chargement/Loading [ 11 ] 810210061 6.2V 6538Hz TR=226Cx10:TC=228Cx10:KT=100851:UR=36%:UC=35%:KU=0000
14:52:49 896	Chargement/loading [ 12 ]
14:54:51 202	Radio problem during stabilization
14:55:19 438	Chargement/loading [ 12 ]
14:55:31 762	Radio problem during stabilization
14:59:37 509	Chargement/loading [ 12 ]
14:59:43 328	Sonde non détectée dans le groundcheck                                < ERROR
15:00:41 407	GC value sonde ON: 35.0%
15:00:45 744	GC value sonde OFF: 35.2%
15:01:52 699	Chargement/Loading [ 12 ] 810210117 6.1V 6526Hz TR=225Cx10:TC=225Cx10:KT=100031:UR=35%:UC=33%:KU=0000
15:02:08 252	Door closed

22:50:00 954	======================= Launch planned 23:00 =====================
22:50:00 954	Sondes list :   0.3   0.3   0.3   0.3   0.3   0.3   0.3   4.2   4.2   4.2   0.3   0.3
22:50:00 954	Flowmeter : 20.2°C, 1.297 bar
22:50:00 954	Wind OK    (1.8 m/s   15°)
22:50:01 266	Radiosounding software connection
22:50:06 336	IR2010 --> STATION OK. PRESSION BARO=1014.5
22:50:06 336	IR2010 <-- 11404.0 MHz ?
22:50:16 476	IR2010 --> FREQUENCE LIBRE
22:50:16 476	IR2010 <-- 14SOL DD=016° :FF=1.8M/S :T=12.52°C :U=74.3%
22:50:16 476	Relaunch parameters 10min 300hPa
22:50:16 882	############## SONDE [ 8 ] 804212877   404.000 MHz ##############
22:50:16 882	Age sonde 4.2, balloon 4.2, position 01h
22:50:16 882	IR2010 <-- 12SONDE EN MARCHE EFFECTUE :SN=804212877 :TR=239Cx10 :TC=238Cx10 :KT=099451 :UR=42% :UC=45% :KU=0000
22:50:54 010	IR2010 --> FICHIERS CREES=c:\gpsonde\Data\2019\BA201903152250.cor
22:50:54 025	IR2010 --> SONDE 804212877 OK : 19.0°C 49.5% 5.7V
22:50:54 025	Camera: 20190315_2250_1.jpg
22:51:02 590	############## INFLATION 1100 l, Source 1, 1.297 bar #############
22:51:24 882	Balloon detection low     (57 l, 166 l/mn, 1.420 bar)
22:52:22 446	Balloon detection high    (216 l, 165 l/mn, 1.427 bar)
22:57:48 955	Inflation end [ 8 ]      (1102 l, 163.0 l/min, remaining 0.0 m3 / 0.0 m3)
22:58:53 290	Gas pressure 1.069 bar -> 1.398 bar  (+0.329 bar/min)
23:00:00 229	########################### LAUNCH ###############################
23:00:00 229	Roof opening
23:00:00 229	IR2010 <-- 17PING 
23:00:00 229	IR2010 --> PING LAST DATA SONDE 0s AGO, Alt=98.0m Ascent=0.0m/s Lat=41.384503 Lng=2.117461 T=17.3°C U=51.1% GpsTime=82830
23:00:15 112	Roof open
23:00:15 439	IR2010 <-- 14SOL DD=008° :FF=1.5M/S :T=12.48°C :U=74.5%
23:00:15 486	Balloon [ 8 ] release   (wind 1.5 m/s   8°)
23:00:15 486	IR2010 <-- 08LACHER EFFECTUE
23:00:16 765	Sonde [ 8 ] OUT
23:00:17 670	Balloon absence high
23:00:17 670	Balloon absence low 
23:00:24 550	Roof closure
23:00:40 119	Roof closed
23:00:43 051	IR2010 --> DEPART DETECTE
00:35:00 276	IR2010 --> SONDAGE OK 28664m 13.9hPa 5.0m/s
00:35:00 292	IR2010 <-- 16ARRET
00:35:00 292	======================= Radiosounding end ========================
00:35:00 292	Next launch : 16 març 11:00

