08:34:38 670	GAS manager : 18.0 m3 / 0.0 m3, Source 1 active

10:50:00 356	======================= Launch planned 11:00 =====================
10:50:00 356	Sondes list :   X   X   X   2.9   X   2.9   2.9   2.9   2.9   2.9   X   5.8
10:50:00 356	Flowmeter : 22.3°C, 1.319 bar
10:50:00 356	Wind OK    (2.3 m/s   82°)
10:50:00 606	Radiosounding software connection
10:50:05 660	IR2010 --> STATION OK. PRESSION BARO=1018.2
10:50:05 660	IR2010 <-- 11404.0 MHz ?
10:50:15 800	IR2010 --> FREQUENCE LIBRE
10:50:15 800	IR2010 <-- 14SOL DD=079° :FF=2.7M/S :T=15.79°C :U=28.4%
10:50:15 800	Relaunch parameters 10min 300hPa
10:50:16 003	############## SONDE [ 12 ] 810210117   404.000 MHz ##############
10:50:16 003	Age sonde 5.8, balloon 5.8, position 01h
10:50:16 003	IR2010 <-- 12SONDE EN MARCHE EFFECTUE :SN=810210117 :TR=225Cx10 :TC=225Cx10 :KT=100031 :UR=35% :UC=33% :KU=0000
10:50:56 392	IR2010 --> FICHIERS CREES=c:\gpsonde\Data\2019\BA201903211050.cor
10:50:56 392	IR2010 --> SONDE 810210117 OK : 22.1°C 21.3% 5.6V
10:50:56 392	Camera: 20190321_1050_1.jpg
10:51:04 067	############## INFLATION 1100 l, Source 1, 1.320 bar #############
10:51:28 918	Balloon detection low     (59 l, 166 l/mn, 1.379 bar)
10:52:24 563	Balloon detection high    (213 l, 165 l/mn, 1.375 bar)
10:57:48 061	Inflation end [ 12 ]      (1101 l, 165.3 l/min, remaining 16.7 m3 / 0.0 m3)
10:58:52 707	Gas pressure 1.104 bar -> 1.404 bar  (+0.300 bar/min)
11:00:00 661	########################### LAUNCH ###############################
11:00:00 661	Roof opening
11:00:00 661	IR2010 <-- 17PING 
11:00:00 661	IR2010 --> PING LAST DATA SONDE 0s AGO, Alt=98.0m Ascent=0.0m/s Lat=41.384483 Lng=2.117467 T=22.2°C U=17.1% GpsTime=39627
11:00:15 949	Roof open
11:00:16 885	IR2010 <-- 14SOL DD=108° :FF=4.5M/S :T=15.51°C :U=28.0%
11:00:17 150	Balloon [ 12 ] release   (wind 4.5 m/s   108°)
11:00:17 150	IR2010 <-- 08LACHER EFFECTUE
11:00:17 790	Sonde [ 12 ] OUT
11:00:19 147	Balloon absence high
11:00:19 147	Balloon absence low 
11:00:25 996	Roof closure
11:00:41 596	Roof closed
11:01:07 367	IR2010 --> DEPART DETECTE
12:53:40 135	IR2010 --> SONDAGE OK 30742m 10.3hPa 4.5m/s
12:53:40 135	IR2010 <-- 16ARRET
12:53:40 151	======================= Radiosounding end ========================
12:53:40 151	Next launch : 21 març 23:00


22:50:00 077	======================= Launch planned 23:00 =====================
22:50:00 077	Sondes list :   X   X   X   3.4   X   3.4   3.4   3.4   3.4   3.4   X   X
22:50:00 077	Flowmeter : 20.1°C, 1.292 bar
22:50:00 077	Wind OK    (0.2 m/s   295°)
22:50:00 436	Radiosounding software connection
22:50:05 490	IR2010 --> STATION OK. PRESSION BARO=1017.8
22:50:05 490	IR2010 <-- 11404.0 MHz ?
22:50:15 630	IR2010 --> FREQUENCE LIBRE
22:50:15 630	IR2010 <-- 14SOL DD=322° :FF=0.3M/S :T=11.90°C :U=46.9%
22:50:15 630	Relaunch parameters 10min 300hPa
22:50:15 880	############## SONDE [ 4 ] 810210138   404.000 MHz ##############
22:50:15 880	Age sonde 3.4, balloon 3.4, position 04h
22:50:15 880	IR2010 <-- 12SONDE EN MARCHE EFFECTUE :SN=810210138 :TR=229Cx10 :TC=231Cx10 :KT=100822 :UR=30% :UC=31% :KU=0000
22:50:57 236	IR2010 --> FICHIERS CREES=c:\gpsonde\Data\2019\BA201903212250.cor
22:50:57 236	IR2010 --> SONDE 810210138 OK : 20.0°C 29.5% 5.8V
22:50:57 236	Camera: 20190321_2250_1.jpg
22:51:24 364	############## INFLATION 1100 l, Source 1, 1.291 bar #############
22:51:50 494	Balloon detection low     (68 l, 168 l/mn, 1.345 bar)
22:52:46 139	Balloon detection high    (224 l, 168 l/mn, 1.347 bar)
22:58:02 227	Inflation end [ 4 ]      (1102 l, 167.0 l/min, remaining 15.5 m3 / 0.0 m3)
22:59:06 609	Gas pressure 1.075 bar -> 1.410 bar  (+0.335 bar/min)
23:00:00 366	########################### LAUNCH ###############################
23:00:00 366	Roof opening
23:00:00 366	IR2010 <-- 17PING 
23:00:00 366	IR2010 --> PING LAST DATA SONDE 1s AGO, Alt=98.0m Ascent=0.0m/s Lat=41.384498 Lng=2.117536 T=18.3°C U=27.8% GpsTime=82827
23:00:15 779	Roof open
23:00:16 590	IR2010 <-- 14SOL DD=351° :FF=1.6M/S :T=11.93°C :U=45.3%
23:00:17 245	Balloon [ 4 ] release   (wind 1.6 m/s   350°)
23:00:17 245	IR2010 <-- 08LACHER EFFECTUE
23:00:18 525	Sonde [ 4 ] OUT
23:00:19 617	Balloon absence high
23:00:19 617	Balloon absence low 
23:00:25 701	Roof closure
23:00:41 425	Roof closed
23:00:42 517	IR2010 --> DEPART DETECTE
00:46:09 701	IR2010 --> SONDAGE OK 30544m 10.6hPa 4.8m/s
00:46:09 701	IR2010 <-- 16ARRET
00:46:09 701	======================= Radiosounding end ========================
00:46:09 701	Next launch : 22 març 11:00

