
01:13:34 021	Running RobotSonde 5.6.2.1, next launch : 24 març 11:00
01:13:34 021	Ballpoint status: -1
08:21:12 961	Close application

09:49:32 474	Running RobotSonde 5.6.2.1, next launch : 24 març 11:00
09:49:32 489	Ballpoint status: -1
10:33:19 674	Door open
10:39:51 750	Door closed
10:41:02 106	Door open
10:41:06 583	Door closed

10:50:00 900	======================= Launch planned 11:00 =====================
10:50:00 900	Sondes list :   X   4.8   1.9   1.9   X   1.9   1.9   1.9   1.9   1.9   4.8   4.8
10:50:00 900	Flowmeter : 19.7°C, 1.210 bar
10:50:00 900	Wind OK    (2.1 m/s   101°)
10:50:01 290	Radiosounding software connection
10:50:06 344	IR2010 --> STATION OK. PRESSION BARO=1017.9
10:50:06 344	IR2010 <-- 11404.0 MHz ?
10:50:16 484	IR2010 --> FREQUENCE LIBRE
10:50:16 484	IR2010 <-- 14SOL DD=100° :FF=2.0M/S :T=14.69°C :U=31.6%
10:50:16 484	Relaunch parameters 10min 300hPa
10:50:16 702	############## SONDE [ 2 ] 205212114   404.000 MHz ##############
10:50:16 702	Age sonde 4.8, balloon 4.8, position 01h
10:50:16 702	IR2010 <-- 12SONDE EN MARCHE EFFECTUE :SN=205212114 :TR=226Cx10 :TC=224Cx10 :KT=099235 :UR=37% :UC=38% :KU=0000
10:50:26 624	IR2010 --> RESET SONDE 205212114. CAUSE=SONDE NOT RECEIVED
10:50:26 905	IR2010 <-- 13RESET SONDE EFFECTUE
10:50:36 764	IR2010 --> RESET SONDE 205212114. CAUSE=SONDE NOT RECEIVED
10:50:37 138	            -------------------------------///-------------------------------
10:50:37 138	IR2010 <-- 11403.6 MHz ?
10:50:46 904	IR2010 --> FREQUENCE LIBRE
10:50:46 904	IR2010 <-- 14SOL DD=114° :FF=2.0M/S :T=14.63°C :U=32.1%
10:50:46 904	Relaunch parameters 10min 300hPa
10:50:47 388	############## SONDE [ 3 ] 810210126   403.600 MHz ##############
10:50:47 388	Age sonde 1.9, balloon 1.9, position 02h
10:50:47 388	IR2010 <-- 12SONDE EN MARCHE EFFECTUE :SN=810210126 :TR=232Cx10 :TC=233Cx10 :KT=100426 :UR=30% :UC=28% :KU=0000
10:51:28 509	IR2010 --> FICHIERS CREES=c:\gpsonde\Data\2019\BA201903201051.cor
10:51:28 509	IR2010 --> SONDE 810210126 OK : 19.5°C 28.1% 6.0V
10:51:28 509	Camera: 20190320_1051_1.jpg
10:51:42 362	############## INFLATION 1100 l, Source 1, 1.210 bar #############
10:52:06 573	Balloon detection low     (56 l, 166 l/mn, 1.344 bar)
10:53:10 533	Balloon detection high    (236 l, 167 l/mn, 1.345 bar)
10:58:24 016	Inflation end [ 3 ]      (1101 l, 166.0 l/min, remaining 0.0 m3 / 0.0 m3)
10:59:28 725	Gas pressure 1.121 bar -> 1.410 bar  (+0.289 bar/min)
11:00:00 175	########################### LAUNCH ###############################
11:00:00 175	Roof opening
11:00:00 175	IR2010 <-- 17PING 
11:00:00 175	IR2010 --> PING LAST DATA SONDE 0s AGO, Alt=98.0m Ascent=0.0m/s Lat=41.384502 Lng=2.117492 T=20.7°C U=24.7% GpsTime=39625
11:00:15 229	Roof open
11:00:15 385	IR2010 <-- 14SOL DD=120° :FF=2.3M/S :T=14.76°C :U=37.1%
11:00:16 009	Balloon [ 3 ] release   (wind 2.3 m/s   120°)
11:00:16 009	IR2010 <-- 08LACHER EFFECTUE
11:00:17 288	Sonde [ 3 ] OUT
11:00:18 427	Balloon absence high
11:00:18 427	Balloon absence low 
11:00:25 509	Roof closure
11:00:41 515	Roof closed
11:00:43 153	IR2010 --> DEPART DETECTE
12:53:15 437	IR2010 --> SONDAGE OK 29379m 12.5hPa 4.8m/s
12:53:15 437	IR2010 <-- 16ARRET
12:53:15 453	======================= Radiosounding end ========================
12:53:15 453	Next launch : 20 març 23:00


22:50:00 605	======================= Launch planned 23:00 =====================
22:50:00 605	Sondes list :   X   X   X   2.4   X   2.4   2.4   2.4   2.4   2.4   5.3   5.3
22:50:00 605	Flowmeter : 20.0°C, 1.304 bar
22:50:00 605	Wind OK    (1.3 m/s   317°)
22:50:00 839	Radiosounding software connection
22:50:05 909	IR2010 --> STATION OK. PRESSION BARO=1018.2
22:50:05 909	IR2010 <-- 11404.0 MHz ?
22:50:16 049	IR2010 --> FREQUENCE LIBRE
22:50:16 049	IR2010 <-- 14SOL DD=316° :FF=0.9M/S :T=11.46°C :U=43.5%
22:50:16 049	Relaunch parameters 10min 300hPa
22:50:16 517	############## SONDE [ 11 ] 810210061   404.000 MHz ##############
22:50:16 517	Age sonde 5.3, balloon 5.3, position 08h
22:50:16 517	IR2010 <-- 12SONDE EN MARCHE EFFECTUE :SN=810210061 :TR=226Cx10 :TC=228Cx10 :KT=100851 :UR=36% :UC=35% :KU=0000
22:50:58 652	IR2010 --> FICHIERS CREES=c:\gpsonde\Data\2019\BA201903202250.cor
22:50:58 652	IR2010 --> SONDE 810210061 OK : 19.5°C 28.7% 5.7V
22:50:58 652	Camera: 20190320_2250_1.jpg
22:51:25 328	############## INFLATION 1100 l, Source 1, 1.303 bar #############
22:51:50 179	Balloon detection low     (59 l, 167 l/mn, 1.384 bar)
22:52:44 545	Balloon detection high    (209 l, 167 l/mn, 1.383 bar)
22:58:06 733	Inflation end [ 11 ]      (1100 l, 166.1 l/min, remaining 0.0 m3 / 0.0 m3)
22:59:11 208	Gas pressure 1.103 bar -> 1.405 bar  (+0.302 bar/min)
23:00:00 909	########################### LAUNCH ###############################
23:00:00 909	Roof opening
23:00:00 909	IR2010 <-- 17PING 
23:00:00 909	IR2010 --> PING LAST DATA SONDE 1s AGO, Alt=98.0m Ascent=0.0m/s Lat=41.384515 Lng=2.117491 T=17.8°C U=25.6% GpsTime=82826
23:00:16 119	Roof open
23:00:17 133	IR2010 <-- 14SOL DD=025° :FF=0.8M/S :T=11.31°C :U=43.8%
23:00:17 274	Balloon [ 11 ] release   (wind 0.8 m/s   25°)
23:00:17 274	IR2010 <-- 08LACHER EFFECTUE
23:00:18 553	Sonde [ 11 ] OUT
23:00:19 317	Balloon absence low 
23:00:19 957	Balloon absence high
23:00:26 244	Roof closure
23:00:41 766	Roof closed
23:00:42 312	IR2010 --> DEPART DETECTE
00:31:57 329	IR2010 --> SONDAGE OK 26042m 20.9hPa 4.7m/s
00:31:57 329	IR2010 <-- 16ARRET
00:31:57 344	======================= Radiosounding end ========================
00:31:57 344	Next launch : 21 març 11:00

