
10:50:00 101	======================= Launch planned 11:00 =====================
10:50:00 101	Sondes list :   0.8   0.8   0.8   0.8   X   3.7   3.7   0.8   3.7   3.7   3.7   0.8
10:50:00 101	Flowmeter : 18.5°C, 1.281 bar
10:50:00 101	Wind OK    (2.3 m/s   192°)
10:50:00 366	Radiosounding software connection
10:50:05 421	IR2010 --> STATION OK. PRESSION BARO=1006.3
10:50:05 421	IR2010 <-- 11404.0 MHz ?
10:50:15 561	IR2010 --> FREQUENCE LIBRE
10:50:15 561	IR2010 <-- 14SOL DD=195° :FF=2.0M/S :T=28.96°C :U=55.6%
10:50:15 561	Relaunch parameters 10min 300hPa
10:50:15 701	############## SONDE [ 6 ] 904213832   404.000 MHz ##############
10:50:15 701	Age sonde 3.7, balloon 3.7, position 01h
10:50:15 701	IR2010 <-- 12SONDE EN MARCHE EFFECTUE :SN=904213832 :TR=249Cx10 :TC=248Cx10 :KT=099540 :UR=63% :UC=65% :KU=0000
10:51:05 278	IR2010 --> FICHIERS CREES=c:\gpsonde\Data\2019\BA201908171051.cor
10:51:05 278	IR2010 --> SONDE 904213832 OK : 21.1°C 64.6% 5.8V
10:51:05 278	Camera: 20190817_1051_1.jpg
10:52:12 576	############## INFLATION 1000 l, Source 1, 1.280 bar #############
10:52:39 986	Balloon detection low     (71 l, 163 l/mn, 1.323 bar)
10:53:40 748	Balloon detection high    (236 l, 163 l/mn, 1.322 bar)
10:58:23 030	Inflation end [ 6 ]      (1003 l, 164.1 l/min, remaining 0.0 m3 / 0.0 m3)
10:59:27 926	Gas pressure 1.092 bar -> 1.381 bar  (+0.289 bar/min)
11:00:00 390	########################### LAUNCH ###############################
11:00:00 390	Roof opening
11:00:00 390	IR2010 <-- 17PING 
11:00:00 390	IR2010 --> PING LAST DATA SONDE 0s AGO, Alt=98.0m Ascent=0.0m/s Lat=41.384504 Lng=2.117460 T=20.7°C U=68.3% GpsTime=39632
11:00:14 742	Roof open
11:00:15 600	IR2010 <-- 14SOL DD=316° :FF=0.4M/S :T=29.39°C :U=53.8%
11:00:15 662	Balloon [ 6 ] release   (wind 0.4 m/s   316°)
11:00:15 662	IR2010 <-- 08LACHER EFFECTUE
11:00:16 942	Sonde [ 6 ] OUT
11:00:17 940	Balloon absence low 
11:00:18 580	Balloon absence high
11:00:24 711	Roof closure
11:00:39 749	Roof closed
11:00:39 749	Roof closed
11:00:40 170	IR2010 --> DEPART DETECTE
12:44:04 894	IR2010 --> SONDAGE OK 27447m 18.4hPa 4.4m/s
12:44:04 909	IR2010 <-- 16ARRET
12:44:04 909	======================= Radiosounding end ========================
12:44:04 909	Next launch : 17 ag 23:00


22:50:00 836	======================= Launch planned 23:00 =====================
22:50:00 836	Sondes list :   1.3   1.3   1.3   1.3   X   X   4.2   1.3   4.2   4.2   4.2   1.3
22:50:00 836	Flowmeter : 23.3°C, 1.298 bar
22:50:00 836	Wind OK    (0.8 m/s   305°)
22:50:01 085	Radiosounding software connection
22:50:06 155	IR2010 --> STATION OK. PRESSION BARO=1004.7
22:50:06 155	IR2010 <-- 11404.0 MHz ?
22:50:16 295	IR2010 --> FREQUENCE LIBRE
22:50:16 295	IR2010 <-- 14SOL DD=300° :FF=0.8M/S :T=24.63°C :U=78.3%
22:50:16 295	Relaunch parameters 10min 300hPa
22:50:16 420	############## SONDE [ 7 ] 904213845   404.000 MHz ##############
22:50:16 420	Age sonde 4.2, balloon 4.2, position 01h
22:50:16 420	IR2010 <-- 12SONDE EN MARCHE EFFECTUE :SN=904213845 :TR=251Cx10 :TC=253Cx10 :KT=100858 :UR=63% :UC=63% :KU=0000
22:50:50 803	IR2010 --> FICHIERS CREES=c:\gpsonde\Data\2019\BA201908172250.cor
22:50:50 803	IR2010 --> SONDE 904213845 OK : 22.8°C 93.6% 5.8V
22:50:50 803	Camera: 20190817_2250_1.jpg
22:50:57 667	############## INFLATION 1000 l, Source 1, 1.297 bar #############
22:51:25 076	Balloon detection low     (68 l, 162 l/mn, 1.362 bar)
22:52:24 559	Balloon detection high    (230 l, 162 l/mn, 1.366 bar)
22:57:11 365	Inflation end [ 7 ]      (1002 l, 162.2 l/min, remaining 0.0 m3 / 0.0 m3)
22:58:15 653	Gas pressure 1.062 bar -> 1.391 bar  (+0.329 bar/min)
23:00:00 111	########################### LAUNCH ###############################
23:00:00 111	Roof opening
23:00:00 111	IR2010 <-- 17PING 
23:00:00 111	IR2010 --> PING LAST DATA SONDE 1s AGO, Alt=98.0m Ascent=0.0m/s Lat=41.384500 Lng=2.117463 T=23.1°C U=97.1% GpsTime=82832
23:00:14 666	Roof open
23:00:15 321	IR2010 <-- 14SOL DD=283° :FF=0.7M/S :T=24.63°C :U=79.0%
23:00:15 633	Balloon [ 7 ] release   (wind 0.6 m/s   283°)
23:00:15 633	IR2010 <-- 08LACHER EFFECTUE
23:00:16 912	Sonde [ 7 ] OUT
23:00:17 864	Balloon absence high
23:00:17 864	Balloon absence low 
23:00:24 431	Roof closure
23:00:39 672	Roof closed
23:00:39 672	Roof closed
23:00:44 196	IR2010 --> DEPART DETECTE
00:37:03 804	IR2010 --> SONDAGE OK 26176m 22.4hPa 4.5m/s
00:37:03 804	IR2010 <-- 16ARRET
00:37:03 819	======================= Radiosounding end ========================
00:37:03 819	Next launch : 18 ag 11:00

