
10:50:00 668	======================= Launch planned 11:00 =====================
10:50:00 668	Sondes list :   0.7   0.7   0.7   0.7   X   3.7   3.7   0.7   3.7   3.7   0.7   0.7
10:50:00 668	Flowmeter : 17.5°C, 1.271 bar
10:50:00 668	Wind OK    (1.9 m/s   160°)
10:50:01 104	Radiosounding software connection
10:50:06 159	IR2010 --> STATION OK. PRESSION BARO=1007.1
10:50:06 159	IR2010 <-- 11404.0 MHz ?
10:50:16 299	IR2010 --> FREQUENCE LIBRE
10:50:16 299	IR2010 <-- 14SOL DD=152° :FF=2.4M/S :T=30.45°C :U=60.5%
10:50:16 299	Relaunch parameters 10min 300hPa
10:50:16 892	############## SONDE [ 6 ] 904214001   404.000 MHz ##############
10:50:16 892	Age sonde 3.7, balloon 3.7, position 01h
10:50:16 892	IR2010 <-- 12SONDE EN MARCHE EFFECTUE :SN=904214001 :TR=250Cx10 :TC=250Cx10 :KT=100021 :UR=65% :UC=69% :KU=0000
10:50:54 878	IR2010 --> FICHIERS CREES=c:\gpsonde\Data\2019\BA201908101050.cor
10:50:54 878	IR2010 --> SONDE 904214001 OK : 20.9°C 57.4% 5.9V
10:50:54 878	Camera: 20190810_1050_1.jpg
10:52:02 301	############## INFLATION 1000 l, Source 1, 1.269 bar #############
10:52:25 873	Balloon detection low     (60 l, 162 l/mn, 1.319 bar)
10:53:28 569	Balloon detection high    (230 l, 162 l/mn, 1.319 bar)
10:58:13 410	Inflation end [ 6 ]      (1001 l, 163.5 l/min, remaining 14.6 m3 / 0.0 m3)
10:59:17 339	Gas pressure 1.073 bar -> 1.378 bar  (+0.305 bar/min)
11:00:00 957	########################### LAUNCH ###############################
11:00:00 957	Roof opening
11:00:00 957	IR2010 <-- 17PING 
11:00:00 957	IR2010 --> PING LAST DATA SONDE 0s AGO, Alt=98.0m Ascent=0.0m/s Lat=41.384521 Lng=2.117500 T=20.9°C U=60.1% GpsTime=39630
11:00:15 355	Roof open
11:00:16 167	IR2010 <-- 14SOL DD=107° :FF=1.2M/S :T=30.21°C :U=61.5%
11:00:16 276	Balloon [ 6 ] release   (wind 1.2 m/s   107°)
11:00:16 276	IR2010 <-- 08LACHER EFFECTUE
11:00:18 834	Sonde [ 6 ] OUT
11:00:19 833	Balloon absence high
11:00:19 833	Balloon absence low 
11:00:26 291	Roof closure
11:00:41 642	Roof closed
11:00:41 642	Roof closed
11:01:02 702	IR2010 --> DEPART DETECTE
12:38:22 899	IR2010 --> SONDAGE OK 27030m 19.8hPa 4.6m/s
12:38:22 915	IR2010 <-- 16ARRET
12:38:22 915	======================= Radiosounding end ========================
12:38:22 915	Next launch : 10 ag 23:00


22:50:00 388	======================= Launch planned 23:00 =====================
22:50:00 388	Sondes list :   1.2   1.2   1.2   1.2   X   X   4.2   1.2   4.2   4.2   1.2   1.2
22:50:00 388	Flowmeter : 23.0°C, 1.297 bar
22:50:00 388	Wind OK    (0.1 m/s   269°)
22:50:00 685	Radiosounding software connection
22:50:05 739	IR2010 --> STATION OK. PRESSION BARO=1006.3
22:50:05 739	IR2010 <-- 11404.0 MHz ?
22:50:15 879	IR2010 --> FREQUENCE LIBRE
22:50:15 879	IR2010 <-- 14SOL DD=072° :FF=0.2M/S :T=25.83°C :U=75.2%
22:50:15 879	Relaunch parameters 10min 300hPa
22:50:16 378	############## SONDE [ 7 ] 904214011   404.000 MHz ##############
22:50:16 378	Age sonde 4.2, balloon 4.2, position 01h
22:50:16 378	IR2010 <-- 12SONDE EN MARCHE EFFECTUE :SN=904214011 :TR=252Cx10 :TC=254Cx10 :KT=100839 :UR=69% :UC=69% :KU=0000
22:50:53 428	IR2010 --> FICHIERS CREES=c:\gpsonde\Data\2019\BA201908102250.cor
22:50:53 444	IR2010 --> SONDE 904214011 OK : 22.9°C 93.7% 5.8V
22:50:53 444	Camera: 20190810_2250_1.jpg
22:51:00 854	############## INFLATION 1000 l, Source 1, 1.298 bar #############
22:51:34 659	Balloon detection low     (87 l, 161 l/mn, 1.365 bar)
22:52:28 386	Balloon detection high    (232 l, 161 l/mn, 1.366 bar)
22:57:15 192	Inflation end [ 7 ]      (1001 l, 161.5 l/min, remaining 13.4 m3 / 0.0 m3)
22:58:19 262	Gas pressure 1.071 bar -> 1.389 bar  (+0.318 bar/min)
23:00:00 677	########################### LAUNCH ###############################
23:00:00 677	Roof opening
23:00:00 677	IR2010 <-- 17PING 
23:00:00 677	IR2010 --> PING LAST DATA SONDE 1s AGO, Alt=98.0m Ascent=0.0m/s Lat=41.384478 Lng=2.117468 T=23.0°C U=91.1% GpsTime=82830
23:00:15 295	Roof open
23:00:15 887	IR2010 <-- 14SOL DD=022° :FF=2.0M/S :T=25.90°C :U=74.8%
23:00:16 262	Balloon [ 7 ] release   (wind 2.0 m/s   22°)
23:00:16 262	IR2010 <-- 08LACHER EFFECTUE
23:00:17 541	Sonde [ 7 ] OUT
23:00:18 493	Balloon absence low 
23:00:19 132	Balloon absence high
23:00:26 012	Roof closure
23:00:40 941	Roof closed
23:00:40 941	Roof closed
23:00:49 755	IR2010 --> DEPART DETECTE
00:38:10 312	IR2010 --> SONDAGE OK 25708m 24.2hPa 4.4m/s
00:38:10 327	IR2010 <-- 16ARRET
00:38:10 327	======================= Radiosounding end ========================
00:38:10 327	Next launch : 11 ag 11:00

