
10:50:00 460	======================= Launch planned 11:00 =====================
10:50:00 460	Sondes list :   2.7   X   X   2.7   X   X   X   2.7   4.7   4.7   4.7   2.7
10:50:00 460	Flowmeter : 18.5°C, 1.265 bar
10:50:00 460	Wind OK    (1.2 m/s   124°)
10:50:00 725	Radiosounding software connection
10:50:05 795	IR2010 --> STATION OK. PRESSION BARO=1007.5
10:50:05 795	IR2010 <-- 11404.0 MHz ?
10:50:15 935	IR2010 --> FREQUENCE LIBRE
10:50:15 935	IR2010 <-- 14SOL DD=169° :FF=1.0M/S :T=29.92°C :U=46.0%
10:50:15 935	Relaunch parameters 10min 300hPa
10:50:16 419	############## SONDE [ 9 ] 810211222   404.000 MHz ##############
10:50:16 419	Age sonde 4.7, balloon 4.7, position 02h
10:50:16 419	IR2010 <-- 12SONDE EN MARCHE EFFECTUE :SN=810211222 :TR=255Cx10 :TC=257Cx10 :KT=100745 :UR=64% :UC=63% :KU=0000
10:50:59 568	IR2010 --> FICHIERS CREES=c:\gpsonde\Data\2019\BA201908251050.cor
10:50:59 568	IR2010 --> SONDE 810211222 OK : 20.2°C 59.8% 5.6V
10:50:59 568	Camera: 20190825_1050_1.jpg
10:51:13 671	############## INFLATION 1000 l, Source 1, 1.266 bar #############
10:51:31 486	Balloon detection low     (44 l, 161 l/mn, 1.355 bar)
10:52:43 121	Balloon detection high    (234 l, 161 l/mn, 1.354 bar)
10:55:01 915	Balloon absence high    (607 l, 162 l/mn, 1.354 bar)
10:55:02 632	No balloon at 610 liters                                              < ERROR
10:55:04 192	Inflation end [ 9 ]      (612 l, 161.5 l/min, remaining 21.5 m3 / 0.0 m3)
10:55:04 832	Balloon error. Waiting 10 s                                           < ERROR
10:55:05 690	Balloon absence low 
10:55:14 426	Balloon disappearance, balloon train ousting                          < ERROR
10:55:14 426	########################### LAUNCH ###############################
10:55:14 426	Roof opening
10:55:14 426	IR2010 <-- 17PING 
10:55:14 426	IR2010 --> PING LAST DATA SONDE 9s AGO, Alt=98.0m Ascent=0.0m/s Lat=41.384502 Lng=2.117456 T=22.1°C U=63.3% GpsTime=39323
10:55:28 778	Roof open
10:55:28 996	IR2010 <-- 14SOL DD=192° :FF=2.9M/S :T=30.16°C :U=45.2%
10:55:29 199	Balloon [ 9 ] release   (wind 2.9 m/s   192°)
10:55:36 079	Roof closure
10:55:40 150	            -------------------------------///-------------------------------
10:55:40 166	IR2010 <-- 11403.6 MHz ?
10:55:49 542	IR2010 --> FREQUENCE LIBRE
10:55:49 542	IR2010 <-- 14SOL DD=191° :FF=2.8M/S :T=30.14°C :U=45.5%
10:55:49 542	Relaunch parameters 10min 300hPa
10:55:49 682	############## SONDE [ 8 ] 810211226   403.600 MHz ##############
10:55:49 682	Age sonde 2.7, balloon 2.7, position 11h
10:55:49 682	IR2010 <-- 12SONDE EN MARCHE EFFECTUE :SN=810211226 :TR=246Cx10 :TC=245Cx10 :KT=099717 :UR=58% :UC=60% :KU=0000
10:55:51 164	Roof closed
10:55:51 164	Roof closed
10:56:09 541	Gas pressure 1.109 bar -> 1.371 bar  (+0.262 bar/min)
10:56:35 187	IR2010 --> FICHIERS CREES=c:\gpsonde\Data\2019\BA201908251056.cor
10:56:35 187	IR2010 --> SONDE 810211226 OK : 20.9°C 63.4% 5.8V
10:56:35 187	Camera: 20190825_1056_1.jpg
10:56:42 410	############## INFLATION 1000 l, Source 1, 1.372 bar #############
10:57:08 540	Balloon detection low     (60 l, 162 l/mn, 1.359 bar)
10:58:11 861	Balloon detection high    (232 l, 162 l/mn, 1.357 bar)
11:02:58 074	Inflation end [ 8 ]      (1002 l, 162.1 l/min, remaining 20.4 m3 / 0.0 m3)
11:02:58 074	########################### LAUNCH ###############################
11:02:58 074	Roof opening
11:02:58 074	IR2010 <-- 17PING 
11:02:58 074	IR2010 --> PING LAST DATA SONDE 0s AGO, Alt=98.0m Ascent=0.1m/s Lat=41.384498 Lng=2.117483 T=20.8°C U=62.4% GpsTime=39796
11:03:12 473	Roof open
11:03:13 425	IR2010 <-- 14SOL DD=161° :FF=1.6M/S :T=30.03°C :U=46.6%
11:03:13 487	Balloon [ 8 ] release   (wind 1.6 m/s   161°)
11:03:13 487	IR2010 <-- 08LACHER EFFECTUE
11:03:14 766	Sonde [ 8 ] OUT
11:03:15 671	Balloon absence low 
11:03:16 311	Balloon absence high
11:03:22 535	Roof closure
11:03:37 480	Roof closed
11:03:37 480	Roof closed
11:04:00 022	IR2010 --> DEPART DETECTE
11:04:02 081	Gas pressure 1.060 bar -> 1.376 bar  (+0.316 bar/min)
12:29:09 983	IR2010 --> SONDAGE OK 22263m 40.9hPa 4.4m/s
12:29:09 983	IR2010 <-- 16ARRET
12:29:09 983	======================= Radiosounding end ========================
12:29:09 983	Next launch : 25 ag 23:00


22:50:00 180	======================= Launch planned 23:00 =====================
22:50:00 180	Sondes list :   3.2   X   X   3.2   X   X   X   X   X   5.2   5.2   3.2
22:50:00 180	Flowmeter : 23.5°C, 1.296 bar
22:50:00 180	Wind OK    (1.7 m/s   190°)
22:50:00 586	Radiosounding software connection
22:50:05 641	IR2010 --> STATION OK. PRESSION BARO=1007.4
22:50:05 641	IR2010 <-- 11404.0 MHz ?
22:50:15 781	IR2010 --> FREQUENCE LIBRE
22:50:15 781	IR2010 <-- 14SOL DD=185° :FF=1.8M/S :T=24.38°C :U=69.8%
22:50:15 781	Relaunch parameters 10min 300hPa
22:50:16 030	############## SONDE [ 10 ] 810211214   404.000 MHz ##############
22:50:16 030	Age sonde 5.2, balloon 5.2, position 02h
22:50:16 030	IR2010 <-- 12SONDE EN MARCHE EFFECTUE :SN=810211214 :TR=255Cx10 :TC=258Cx10 :KT=101326 :UR=69% :UC=68% :KU=0000
22:51:04 484	IR2010 --> FICHIERS CREES=c:\gpsonde\Data\2019\BA201908252251.cor
22:51:04 484	IR2010 --> SONDE 810211214 OK : 22.9°C 86.5% 5.6V
22:51:04 484	Camera: 20190825_2251_1.jpg
22:51:18 321	############## INFLATION 1000 l, Source 1, 1.296 bar #############
22:51:52 126	Balloon detection low     (87 l, 161 l/mn, 1.366 bar)
22:52:50 330	Balloon detection high    (242 l, 161 l/mn, 1.366 bar)
22:57:34 079	Inflation end [ 10 ]      (1003 l, 161.3 l/min, remaining 19.2 m3 / 0.0 m3)
22:58:38 320	Gas pressure 1.062 bar -> 1.382 bar  (+0.320 bar/min)
23:00:00 470	########################### LAUNCH ###############################
23:00:00 470	Roof opening
23:00:00 470	IR2010 <-- 17PING 
23:00:00 470	IR2010 --> PING LAST DATA SONDE 0s AGO, Alt=98.0m Ascent=0.0m/s Lat=41.384518 Lng=2.117547 T=22.9°C U=88.8% GpsTime=82819
23:00:14 868	Roof open
23:00:15 680	IR2010 <-- 14SOL DD=161° :FF=1.3M/S :T=24.32°C :U=68.7%
23:00:15 976	Balloon [ 10 ] release   (wind 1.3 m/s   161°)
23:00:15 976	IR2010 <-- 08LACHER EFFECTUE
23:00:17 255	Sonde [ 10 ] OUT
23:00:18 706	Balloon absence high
23:00:18 706	Balloon absence low 
23:00:24 790	Roof closure
23:00:39 875	Roof closed
23:00:39 875	Roof closed
23:01:03 041	IR2010 --> DEPART DETECTE
00:22:09 969	IR2010 --> SONDAGE OK 20441m 54.4hPa 4.1m/s
00:22:09 969	IR2010 <-- 16ARRET
00:22:09 969	======================= Radiosounding end ========================
00:22:09 969	Next launch : 26 ag 11:00

