
10:50:00 027	======================= Launch planned 11:00 =====================
10:50:00 027	Sondes list :   X   X   X   X   3.2   3.2   3.2   X   3.1   3.1   X   5.9
10:50:00 027	Flowmeter : 16.6°C, 1.259 bar
10:50:00 027	Wind OK    (1.3 m/s   97°)
10:50:00 355	Radiosounding software connection
10:50:05 409	IR2010 --> STATION OK. PRESSION BARO=1004.4
10:50:05 409	IR2010 <-- 11404.0 MHz ?
10:50:15 549	IR2010 --> FREQUENCE LIBRE
10:50:15 549	IR2010 <-- 14SOL DD=100° :FF=1.7M/S :T=28.80°C :U=30.9%
10:50:15 549	Relaunch parameters 10min 300hPa
10:50:15 658	############## SONDE [ 12 ] 904213823   404.000 MHz ##############
10:50:15 658	Age sonde 5.9, balloon 5.9, position 01h
10:50:15 658	IR2010 <-- 12SONDE EN MARCHE EFFECTUE :SN=904213823 :TR=246Cx10 :TC=247Cx10 :KT=100566 :UR=50% :UC=50% :KU=0000
10:50:58 168	IR2010 --> FICHIERS CREES=c:\gpsonde\Data\2019\BA201908011050.cor
10:50:58 168	IR2010 --> SONDE 904213823 OK : 19.9°C 53.0% 5.7V
10:50:58 168	Camera: 20190801_1050_1.jpg
10:51:05 641	############## INFLATION 1000 l, Source 1, 1.258 bar #############
10:51:24 735	Balloon detection low     (49 l, 162 l/mn, 1.356 bar)
10:52:29 975	Balloon detection high    (224 l, 162 l/mn, 1.357 bar)
10:57:16 407	Inflation end [ 12 ]      (1002 l, 163.7 l/min, remaining 3.6 m3 / 0.0 m3)
10:58:20 928	Gas pressure 1.091 bar -> 1.369 bar  (+0.278 bar/min)
11:00:00 316	########################### LAUNCH ###############################
11:00:00 316	Roof opening
11:00:00 316	IR2010 <-- 17PING 
11:00:00 316	IR2010 --> PING LAST DATA SONDE 1s AGO, Alt=98.0m Ascent=0.0m/s Lat=41.384488 Lng=2.117484 T=19.8°C U=55.7% GpsTime=39625
11:00:15 011	Roof open
11:00:15 526	IR2010 <-- 14SOL DD=092° :FF=2.5M/S :T=28.74°C :U=31.0%
11:00:15 573	Balloon [ 12 ] release   (wind 2.5 m/s   92°)
11:00:15 573	IR2010 <-- 08LACHER EFFECTUE
11:00:16 852	Sonde [ 12 ] OUT
11:00:18 209	Balloon absence high
11:00:18 209	Balloon absence low 
11:00:24 637	Roof closure
11:00:40 018	Roof closed
11:00:40 018	Roof closed
11:00:52 498	IR2010 --> DEPART DETECTE
12:30:06 303	IR2010 --> SONDAGE OK 24021m 31.3hPa 4.5m/s
12:30:06 318	IR2010 <-- 16ARRET
12:30:06 334	======================= Radiosounding end ========================
12:30:06 334	Next launch : 01 ag 23:00


22:50:00 793	======================= Launch planned 23:00 =====================
22:50:00 793	Sondes list :   X   X   X   X   3.7   3.7   3.7   X   3.6   3.6   X   X
22:50:00 793	Flowmeter : 23.2°C, 1.295 bar
22:50:00 793	Wind OK    (0.9 m/s   33°)
22:50:01 121	Radiosounding software connection
22:50:06 175	IR2010 --> STATION OK. PRESSION BARO=1004.0
22:50:06 175	IR2010 <-- 11404.0 MHz ?
22:50:16 315	IR2010 --> FREQUENCE LIBRE
22:50:16 315	IR2010 <-- 14SOL DD=004° :FF=0.8M/S :T=24.58°C :U=51.9%
22:50:16 315	Relaunch parameters 10min 300hPa
22:50:16 767	############## SONDE [ 5 ] 904214046   404.000 MHz ##############
22:50:16 767	Age sonde 3.7, balloon 3.7, position 05h
22:50:16 767	IR2010 <-- 12SONDE EN MARCHE EFFECTUE :SN=904214046 :TR=244Cx10 :TC=246Cx10 :KT=100771 :UR=66% :UC=66% :KU=0000
22:50:56 906	IR2010 --> FICHIERS CREES=c:\gpsonde\Data\2019\BA201908012250.cor
22:50:56 906	IR2010 --> SONDE 904214046 OK : 22.8°C 67.3% 5.8V
22:50:56 906	Camera: 20190801_2250_1.jpg
22:51:28 621	############## INFLATION 1000 l, Source 1, 1.295 bar #############
22:51:52 193	Balloon detection low     (60 l, 163 l/mn, 1.319 bar)
22:52:58 072	Balloon detection high    (239 l, 163 l/mn, 1.323 bar)
22:57:40 307	Inflation end [ 5 ]      (1001 l, 162.9 l/min, remaining 2.4 m3 / 0.0 m3)
22:58:45 016	Gas pressure 1.103 bar -> 1.395 bar  (+0.292 bar/min)
23:00:00 068	########################### LAUNCH ###############################
23:00:00 068	Roof opening
23:00:00 068	IR2010 <-- 17PING 
23:00:00 068	IR2010 --> PING LAST DATA SONDE 1s AGO, Alt=98.0m Ascent=0.0m/s Lat=41.384485 Lng=2.117419 T=22.8°C U=66.7% GpsTime=82826
23:00:14 280	Roof open
23:00:15 278	IR2010 <-- 14SOL DD=029° :FF=2.0M/S :T=24.65°C :U=52.9%
23:00:15 793	Balloon [ 5 ] release   (wind 2.0 m/s   30°)
23:00:15 793	IR2010 <-- 08LACHER EFFECTUE
23:00:17 072	Sonde [ 5 ] OUT
23:00:18 117	Balloon absence low 
23:00:18 757	Balloon absence high
23:00:25 402	Roof closure
23:00:40 566	Roof closed
23:00:40 566	Roof closed
23:01:05 541	IR2010 --> DEPART DETECTE
00:52:37 719	IR2010 --> SONDAGE OK 27503m 18.3hPa 4.1m/s
00:52:37 735	IR2010 <-- 16ARRET
00:52:37 735	======================= Radiosounding end ========================
00:52:37 735	Next launch : 02 ag 11:00

