10:34:51 806	GAS manager : 27.0 m3 / 0.0 m3, Source 1 active

10:50:01 026	======================= Launch planned 11:00 =====================
10:50:01 026	Sondes list :   2.9   2.9   2.9   2.9   X   2.9   X   X   X   X   5.1   5.1
10:50:01 026	Flowmeter : 24.1°C, 1.297 bar
10:50:01 026	Wind OK    (0.2 m/s   191°)
10:50:02 247	Radiosounding software connection
10:50:07 082	IR2010 --> STATION OK. PRESSION BARO=1018.3
10:50:07 082	IR2010 <-- 11404.0 MHz ?
10:50:16 222	IR2010 --> FREQUENCE LIBRE
10:50:16 222	IR2010 <-- 14SOL DD=330° :FF=0.3M/S :T=12.15°C :U=49.2%
10:50:16 223	Relaunch parameters 10min 300hPa
10:50:16 409	############## SONDE [ 11 ] 808210293   404.000 MHz ##############
10:50:16 409	Age sonde 5.1, balloon 5.1, position 01h
10:50:16 409	IR2010 <-- 12SONDE EN MARCHE EFFECTUE :SN=808210293 :TR=213Cx10 :TC=213Cx10 :KT=100088 :UR=30% :UC=30% :KU=0000
10:51:03 174	IR2010 --> FICHIERS CREES=c:\gpsonde\Data\2019\BA201901071051.cor
10:51:03 175	IR2010 --> SONDE 808210293 OK : 21.3°C 23.8% 5.7V
10:51:03 176	Camera: 20190107_1051_1.jpg
10:51:10 864	############## INFLATION 1100 l, Source 1, 1.297 bar #############
10:51:45 216	Balloon detection low     (85 l, 164 l/mn, 1.379 bar)
10:52:38 578	Balloon detection high    (230 l, 164 l/mn, 1.383 bar)
10:58:00 027	Inflation end [ 11 ]      (1101 l, 163.3 l/min, remaining 25.7 m3 / 0.0 m3)
10:59:04 349	Gas pressure 1.082 bar -> 1.393 bar  (+0.311 bar/min)
11:00:00 150	########################### LAUNCH ###############################
11:00:00 150	Roof opening
11:00:00 151	IR2010 <-- 17PING 
11:00:00 151	IR2010 --> PING LAST DATA SONDE 1s AGO, Alt=98.0m Ascent=0.0m/s Lat=41.384556 Lng=2.117430 T=20.7°C U=25.1% GpsTime=39615
11:00:15 525	Roof open
11:00:16 374	IR2010 <-- 14SOL DD=277° :FF=1.6M/S :T=11.79°C :U=46.8%
11:00:16 882	Balloon [ 11 ] release   (wind 1.6 m/s   278°)
11:00:16 882	IR2010 <-- 08LACHER EFFECTUE
11:00:17 861	Sonde [ 11 ] OUT
11:00:18 922	Balloon absence high
11:00:18 922	Balloon absence low 
11:00:25 469	Roof closure
11:00:41 295	Roof closed
11:00:43 480	IR2010 --> DEPART DETECTE
12:35:01 079	IR2010 --> SONDAGE OK 25570m 21.2hPa 4.6m/s
12:35:01 080	IR2010 <-- 16ARRET
12:35:01 123	======================= Radiosounding end ========================
12:35:01 123	Next launch : 07 janv. 23:00

13:04:11 291	Chargement/loading [ 5 ]
13:05:03 428	GC value sonde ON: 30.8%
13:05:07 348	GC value sonde OFF: 30.5%
13:06:43 810	Door open
13:08:56 269	Chargement/Loading [ 5 ] 808210272 6.1V 6632Hz TR=221Cx10:TC=219Cx10:KT=099126:UR=31%:UC=33%:KU=0000
13:08:57 872	Chargement/loading [ 7 ]
13:10:19 127	GC value sonde ON: 30.0%
13:10:23 679	GC value sonde OFF: 30.0%
13:13:08 532	Chargement/Loading [ 7 ] 808210273 6.1V 6642Hz TR=223Cx10:TC=223Cx10:KT=100161:UR=30%:UC=28%:KU=0000
13:13:27 329	Chargement/loading [ 8 ]
13:14:37 145	GC value sonde ON: 30.0%
13:14:41 293	GC value sonde OFF: 30.0%
13:19:39 608	Chargement/Loading [ 8 ] 808210281 6.1V 6645Hz TR=225Cx10:TC=228Cx10:KT=101323:UR=30%:UC=30%:KU=0000
13:19:47 082	Chargement/loading [ 9 ]
13:21:01 140	GC value sonde ON: 30.3%
13:21:05 599	GC value sonde OFF: 30.3%
13:23:29 138	Chargement/Loading [ 9 ] 808210262 6.1V 6642Hz TR=227Cx10:TC=230Cx10:KT=101006:UR=30%:UC=28%:KU=6413
13:23:29 898	Chargement/loading [ 10 ]
13:24:27 133	GC value sonde ON: 30.2%
13:24:31 408	GC value sonde OFF: 30.3%
13:27:25 170	Chargement/Loading [ 10 ] 808210274 6.1V 6652Hz TR=229Cx10:TC=229Cx10:KT=099894:UR=30%:UC=25%:KU=6434
13:27:25 772	Chargement/loading [ 11 ]
13:28:37 156	GC value sonde ON: 30.6%
13:28:40 920	GC value sonde OFF: 30.5%
13:31:05 998	Chargement/Loading [ 11 ] 808210277 6.1V 6583Hz TR=230Cx10:TC=231Cx10:KT=100304:UR=30%:UC=31%:KU=0000
13:31:14 480	Door closed

22:50:00 602	======================= Launch planned 23:00 =====================
22:50:00 602	Sondes list :   3.4   3.4   3.4   3.4   0.4   3.4   0.4   0.4   0.4   0.4   0.4   5.6
22:50:00 602	Flowmeter : 25.2°C, 1.289 bar
22:50:00 602	Wind OK    (3.0 m/s   296°)
22:50:02 914	Radiosounding software connection
22:50:07 679	IR2010 --> STATION OK. PRESSION BARO=1019.4
22:50:07 679	IR2010 <-- 11404.0 MHz ?
22:50:16 820	IR2010 --> FREQUENCE LIBRE
22:50:16 820	IR2010 <-- 14SOL DD=295° :FF=3.5M/S :T=9.14°C :U=46.8%
22:50:16 820	Relaunch parameters 10min 300hPa
22:50:17 024	############## SONDE [ 12 ] 808210288   404.000 MHz ##############
22:50:17 024	Age sonde 5.6, balloon 5.6, position 06h
22:50:17 024	IR2010 <-- 12SONDE EN MARCHE EFFECTUE :SN=808210288 :TR=214Cx10 :TC=217Cx10 :KT=101093 :UR=30% :UC=27% :KU=6355
22:51:02 769	IR2010 --> FICHIERS CREES=c:\gpsonde\Data\2019\BA201901072251.cor
22:51:02 770	IR2010 --> SONDE 808210288 OK : 20.6°C 25.4% 5.6V
22:51:02 772	Camera: 20190107_2251_1.jpg
22:51:41 435	############## INFLATION 1100 l, Source 1, 1.287 bar #############
22:52:04 639	Balloon detection low     (52 l, 165 l/mn, 1.385 bar)
22:53:07 282	Balloon detection high    (225 l, 165 l/mn, 1.386 bar)
22:58:29 549	Inflation end [ 12 ]      (1101 l, 163.6 l/min, remaining 24.5 m3 / 0.0 m3)
22:59:34 260	Gas pressure 1.093 bar -> 1.401 bar  (+0.308 bar/min)
23:00:00 654	########################### LAUNCH ###############################
23:00:00 654	Roof opening
23:00:00 655	IR2010 <-- 17PING 
23:00:00 656	IR2010 --> PING LAST DATA SONDE 0s AGO, Alt=98.0m Ascent=0.0m/s Lat=41.384491 Lng=2.117490 T=19.6°C U=18.0% GpsTime=82816
23:00:15 966	Roof open
23:00:16 878	IR2010 <-- 14SOL DD=277° :FF=1.3M/S :T=9.11°C :U=47.0%
23:00:17 356	Balloon [ 12 ] release   (wind 1.3 m/s   277°)
23:00:17 356	IR2010 <-- 08LACHER EFFECTUE
23:00:18 335	Sonde [ 12 ] OUT
23:00:18 876	Balloon absence low 
23:00:19 361	Balloon absence high
23:00:25 973	Roof closure
23:00:42 234	Roof closed
23:00:56 709	IR2010 --> DEPART DETECTE
00:49:21 515	IR2010 --> SONDAGE OK 27192m 16.2hPa 4.8m/s
00:49:21 515	IR2010 <-- 16ARRET
00:49:21 575	======================= Radiosounding end ========================
00:49:21 575	Next launch : 08 janv. 11:00

