
10:50:00 571	======================= Launch planned 11:00 =====================
10:50:00 571	Sondes list :   X   3.0   X   X   X   3.0   3.0   X   X   3.0   3.0   3.0
10:50:00 571	Flowmeter : 23.1°C, 1.297 bar
10:50:00 571	Wind OK    (11.2 m/s   318°)
10:50:01 671	Radiosounding software connection
10:50:06 606	IR2010 --> STATION OK. PRESSION BARO=994.7
10:50:06 606	IR2010 <-- 11404.0 MHz ?
10:50:16 745	IR2010 --> FREQUENCE LIBRE
10:50:16 745	IR2010 <-- 14SOL DD=318° :FF=11.0M/S :T=10.37°C :U=51.0%
10:50:16 745	Relaunch parameters 10min 300hPa
10:50:17 136	############## SONDE [ 2 ] 808210700   404.000 MHz ##############
10:50:17 136	Age sonde 3.0, balloon 3.0, position 01h
10:50:17 136	IR2010 <-- 12SONDE EN MARCHE EFFECTUE :SN=808210700 :TR=209Cx10 :TC=212Cx10 :KT=100989 :UR=21% :UC=21% :KU=0000
10:51:01 644	IR2010 --> FICHIERS CREES=c:\gpsonde\Data\2019\BA201901281051.cor
10:51:01 645	IR2010 --> SONDE 808210700 OK : 18.8°C 30.5% 5.9V
10:51:01 645	Camera: 20190128_1051_1.jpg
10:51:09 511	############## INFLATION 1100 l, Source 1, 1.296 bar #############
10:51:28 338	Balloon detection low     (47 l, 167 l/mn, 1.358 bar)
10:52:27 515	Balloon detection high    (210 l, 166 l/mn, 1.367 bar)
10:57:53 953	Inflation end [ 2 ]      (1102 l, 164.4 l/min, remaining 0.0 m3 / 0.0 m3)
10:58:57 883	Gas pressure 1.026 bar -> 1.385 bar  (+0.359 bar/min)
11:00:00 782	########################### LAUNCH ###############################
11:00:00 782	Roof opening
11:00:00 783	IR2010 <-- 17PING 
11:00:00 783	IR2010 --> PING LAST DATA SONDE 1s AGO, Alt=98.0m Ascent=0.0m/s Lat=41.384498 Lng=2.117486 T=18.5°C U=29.5% GpsTime=39616
11:00:16 546	Roof open
11:00:17 006	IR2010 <-- 14SOL DD=323° :FF=6.9M/S :T=10.45°C :U=51.5%
11:00:17 102	Balloon [ 2 ] release   (wind 6.9 m/s   323°)
11:00:17 102	IR2010 <-- 08LACHER EFFECTUE
11:00:18 080	Sonde [ 2 ] OUT
11:00:18 972	Balloon absence high
11:00:18 972	Balloon absence low 
11:00:25 088	Roof closure
11:00:40 859	Roof closed
11:00:52 471	IR2010 --> DEPART DETECTE
12:34:08 877	IR2010 --> SONDAGE OK 29181m 11.9hPa 5.3m/s
12:34:08 877	IR2010 <-- 16ARRET
12:34:08 927	======================= Radiosounding end ========================
12:34:08 927	Next launch : 28 janv. 23:00

12:34:21 766	Chargement/loading [ 1 ]
12:34:47 505	Door open
12:35:24 163	GC value sonde ON: 27.2%
12:35:28 403	GC value sonde OFF: 27.5%
12:37:43 834	Chargement/Loading [ 1 ] 808210738 6.2V 6648Hz TR=216Cx10:TC=219Cx10:KT=101151:UR=28%:UC=26%:KU=0000
12:38:10 662	Chargement/loading [ 2 ]
12:39:13 155	GC value sonde ON: 28.1%
12:39:17 516	GC value sonde OFF: 28.0%
12:40:19 125	Chargement/Loading [ 2 ] 808210599 6.1V 6664Hz TR=217Cx10:TC=220Cx10:KT=101323:UR=28%:UC=29%:KU=0000
12:40:19 873	Chargement/loading [ 3 ]
12:41:57 168	GC value sonde ON: 28.3%
12:42:00 816	GC value sonde OFF: 28.3%
12:43:14 809	Chargement/Loading [ 3 ] 808210603 6.1V 6663Hz TR=219Cx10:TC=221Cx10:KT=100884:UR=28%:UC=25%:KU=6412
12:43:20 103	Chargement/loading [ 4 ]
12:44:09 157	GC value sonde ON: 28.2%
12:44:13 627	GC value sonde OFF: 28.2%
12:45:24 763	Chargement/Loading [ 4 ] 808210596 6.1V 6642Hz TR=220Cx10:TC=223Cx10:KT=101349:UR=28%:UC=30%:KU=0000
12:45:25 570	Chargement/loading [ 5 ]
12:46:40 173	GC value sonde ON: 28.3%
12:46:44 745	GC value sonde OFF: 28.3%
12:48:05 548	Chargement/Loading [ 5 ] 808210608 6.1V 6726Hz TR=221Cx10:TC=221Cx10:KT=099941:UR=28%:UC=29%:KU=0000
12:48:06 300	Chargement/loading [ 8 ]
12:50:14 238	GC value sonde ON: 27.4%
12:50:18 724	GC value sonde OFF: 27.5%
12:51:14 836	Chargement/Loading [ 8 ] 808210582 6.2V 6564Hz TR=222Cx10:TC=226Cx10:KT=101612:UR=27%:UC=26%:KU=0000
12:51:16 791	Chargement/loading [ 9 ]
12:52:07 158	GC value sonde ON: 28.3%
12:52:11 282	GC value sonde OFF: 28.4%
12:53:18 971	Chargement/Loading [ 9 ] 808210587 6.2V 6622Hz TR=222Cx10:TC=222Cx10:KT=100012:UR=28%:UC=27%:KU=0000
12:53:26 397	Door closed

22:50:00 234	======================= Launch planned 23:00 =====================
22:50:00 234	Sondes list :   0.4   0.4   0.4   0.4   0.4   3.5   3.5   0.4   0.4   3.5   3.5   3.5
22:50:00 234	Flowmeter : 23.0°C, 1.284 bar
22:50:00 235	Wind OK    (8.0 m/s   302°)
22:50:02 035	Radiosounding software connection
22:50:06 877	IR2010 --> STATION OK. PRESSION BARO=1000.7
22:50:06 877	IR2010 <-- 11404.0 MHz ?
22:50:16 016	IR2010 --> FREQUENCE LIBRE
22:50:16 016	IR2010 <-- 14SOL DD=307° :FF=7.8M/S :T=9.22°C :U=51.7%
22:50:16 016	Relaunch parameters 10min 300hPa
22:50:16 148	############## SONDE [ 6 ] 808210756   404.000 MHz ##############
22:50:16 148	Age sonde 3.5, balloon 3.5, position 02h
22:50:16 148	IR2010 <-- 12SONDE EN MARCHE EFFECTUE :SN=808210756 :TR=211Cx10 :TC=213Cx10 :KT=100979 :UR=22% :UC=24% :KU=0000
22:51:02 962	IR2010 --> FICHIERS CREES=c:\gpsonde\Data\2019\BA201901282251.cor
22:51:02 963	IR2010 --> SONDE 808210756 OK : 19.7°C 27.1% 5.8V
22:51:02 963	Camera: 20190128_2251_1.jpg
22:52:07 715	############## INFLATION 1100 l, Source 1, 1.282 bar #############
22:52:28 970	Balloon detection low     (56 l, 168 l/mn, 1.329 bar)
22:53:29 599	Balloon detection high    (223 l, 167 l/mn, 1.332 bar)
22:58:48 907	Inflation end [ 6 ]      (1101 l, 165.7 l/min, remaining 0.0 m3 / 0.0 m3)
22:59:53 253	Gas pressure 1.069 bar -> 1.394 bar  (+0.325 bar/min)
23:00:00 382	########################### LAUNCH ###############################
23:00:00 382	Roof opening
23:00:00 383	IR2010 <-- 17PING 
23:00:00 383	IR2010 --> PING LAST DATA SONDE 0s AGO, Alt=98.0m Ascent=0.0m/s Lat=41.384499 Lng=2.117502 T=18.4°C U=24.6% GpsTime=82816
23:00:16 069	Roof open
23:00:16 606	IR2010 <-- 14SOL DD=296° :FF=9.2M/S :T=9.25°C :U=51.5%
23:00:16 764	Balloon [ 6 ] release   (wind 9.2 m/s   296°)
23:00:16 764	IR2010 <-- 08LACHER EFFECTUE
23:00:17 741	Sonde [ 6 ] OUT
23:00:18 494	Balloon absence high
23:00:18 494	Balloon absence low 
23:00:24 687	Roof closure
23:00:40 382	Roof closed
23:01:10 302	IR2010 --> DEPART DETECTE
00:36:24 996	IR2010 --> SONDAGE OK 26509m 18.2hPa 5.1m/s
00:36:24 996	IR2010 <-- 16ARRET
00:36:25 037	======================= Radiosounding end ========================
00:36:25 037	Next launch : 29 janv. 11:00

