
10:50:00 269	======================= Launch planned 11:00 =====================
10:50:00 269	Sondes list :   X   X   X   2.1   2.1   X   2.1   2.1   2.1   2.1   2.1   2.1
10:50:00 269	Flowmeter : 25.3°C, 1.309 bar
10:50:00 269	Wind OK    (1.6 m/s   124°)
10:50:01 741	Radiosounding software connection
10:50:06 596	IR2010 --> STATION OK. PRESSION BARO=1020.3
10:50:06 596	IR2010 <-- 11404.0 MHz ?
10:50:15 736	IR2010 --> FREQUENCE LIBRE
10:50:15 736	IR2010 <-- 14SOL DD=127° :FF=1.9M/S :T=11.22°C :U=47.5%
10:50:15 736	Relaunch parameters 10min 300hPa
10:50:16 182	############## SONDE [ 4 ] 807214166   404.000 MHz ##############
10:50:16 182	Age sonde 2.1, balloon 2.1, position 01h
10:50:16 182	IR2010 <-- 12SONDE EN MARCHE EFFECTUE :SN=807214166 :TR=201Cx10 :TC=203Cx10 :KT=100735 :UR=30% :UC=32% :KU=0000
10:51:01 710	IR2010 --> FICHIERS CREES=c:\gpsonde\Data\2019\BA201901041051.cor
10:51:01 711	IR2010 --> SONDE 807214166 OK : 21.9°C 28.5% 5.8V
10:51:01 711	Camera: 20190104_1051_1.jpg
10:51:09 465	############## INFLATION 1100 l, Source 1, 1.309 bar #############
10:51:36 057	Balloon detection low     (63 l, 163 l/mn, 1.336 bar)
10:52:38 147	Balloon detection high    (231 l, 163 l/mn, 1.338 bar)
10:58:00 314	Inflation end [ 4 ]      (1102 l, 163.3 l/min, remaining 0.0 m3 / 0.0 m3)
10:59:04 611	Gas pressure 1.085 bar -> 1.404 bar  (+0.319 bar/min)
11:00:00 413	########################### LAUNCH ###############################
11:00:00 413	Roof opening
11:00:00 414	IR2010 <-- 17PING 
11:00:00 414	IR2010 --> PING LAST DATA SONDE 0s AGO, Alt=98.0m Ascent=0.0m/s Lat=41.384490 Lng=2.117531 T=22.2°C U=25.4% GpsTime=39616
11:00:16 052	Roof open
11:00:16 638	IR2010 <-- 14SOL DD=103° :FF=0.9M/S :T=11.68°C :U=46.3%
11:00:16 677	Balloon [ 4 ] release   (wind 0.9 m/s   103°)
11:00:16 678	IR2010 <-- 08LACHER EFFECTUE
11:00:17 654	Sonde [ 4 ] OUT
11:00:18 477	Balloon absence high
11:00:18 477	Balloon absence low 
11:00:24 718	Roof closure
11:00:40 365	Roof closed
11:00:53 519	IR2010 --> DEPART DETECTE
12:33:09 012	IR2010 --> SONDAGE OK 25397m 21.7hPa 4.6m/s
12:33:09 049	IR2010 <-- 16ARRET
12:33:09 094	======================= Radiosounding end ========================
12:33:09 094	Next launch : 04 janv. 23:00

12:51:18 046	Chargement/loading [ 1 ]
12:52:59 436	GC value sonde ON: 30.1%
12:53:03 618	GC value sonde OFF: 30.1%
12:53:56 508	Door open
12:56:17 812	Chargement/Loading [ 1 ] 808210265 6.0V 6638Hz TR=212Cx10:TC=213Cx10:KT=100430:UR=30%:UC=28%:KU=0000
12:56:18 816	Chargement/loading [ 2 ]
12:57:48 194	GC value sonde ON: 29.6%
12:57:52 636	GC value sonde OFF: 29.7%
13:00:16 617	Chargement/Loading [ 2 ] 808210448 6.1V 6624Hz TR=215Cx10:TC=219Cx10:KT=101751:UR=30%:UC=26%:KU=6376
13:00:27 162	Chargement/loading [ 3 ]
13:01:44 167	GC value sonde ON: 30.0%
13:01:47 873	GC value sonde OFF: 30.1%
13:04:38 546	Chargement/Loading [ 3 ] 808210271 6.1V 6662Hz TR=218Cx10:TC=218Cx10:KT=099996:UR=30%:UC=28%:KU=6409
13:04:39 187	Chargement/loading [ 4 ]
13:05:52 169	GC value sonde ON: 30.2%
13:05:56 307	GC value sonde OFF: 30.4%
13:08:21 606	Chargement/Loading [ 4 ] 808210268 6.2V 6648Hz TR=220Cx10:TC=221Cx10:KT=100448:UR=30%:UC=27%:KU=6406
13:08:22 290	Chargement/loading [ 6 ]
13:09:40 165	GC value sonde ON: 30.3%
13:09:44 434	GC value sonde OFF: 30.4%
13:12:29 466	Chargement/Loading [ 6 ] 808210291 6.1V 6670Hz TR=222Cx10:TC=226Cx10:KT=101625:UR=30%:UC=27%:KU=6413
13:12:32 479	Door closed

22:50:00 956	======================= Launch planned 23:00 =====================
22:50:00 956	Sondes list :   0.4   0.4   0.4   0.4   2.6   0.4   2.6   2.6   2.6   2.6   2.6   2.6
22:50:00 956	Flowmeter : 25.1°C, 1.293 bar
22:50:00 956	Wind OK    (0.7 m/s   326°)
22:50:03 193	Radiosounding software connection
22:50:08 002	IR2010 --> STATION OK. PRESSION BARO=1021.7
22:50:08 002	IR2010 <-- 11404.0 MHz ?
22:50:17 142	IR2010 --> FREQUENCE LIBRE
22:50:17 142	IR2010 <-- 14SOL DD=319° :FF=0.6M/S :T=8.85°C :U=61.7%
22:50:17 142	Relaunch parameters 10min 300hPa
22:50:17 541	############## SONDE [ 5 ] 807214155   404.000 MHz ##############
22:50:17 541	Age sonde 2.6, balloon 2.6, position 04h
22:50:17 541	IR2010 <-- 12SONDE EN MARCHE EFFECTUE :SN=807214155 :TR=204Cx10 :TC=200Cx10 :KT=098429 :UR=30% :UC=32% :KU=0000
22:51:03 201	IR2010 --> FICHIERS CREES=c:\gpsonde\Data\2019\BA201901042251.cor
22:51:03 201	IR2010 --> SONDE 807214155 OK : 21.3°C 23.5% 5.9V
22:51:03 201	Camera: 20190104_2251_1.jpg
22:51:31 412	############## INFLATION 1100 l, Source 1, 1.294 bar #############
22:51:59 454	Balloon detection low     (69 l, 166 l/mn, 1.335 bar)
22:52:59 114	Balloon detection high    (232 l, 165 l/mn, 1.335 bar)
22:58:17 917	Inflation end [ 5 ]      (1101 l, 163.5 l/min, remaining 0.0 m3 / 0.0 m3)
22:59:22 507	Gas pressure 1.111 bar -> 1.412 bar  (+0.301 bar/min)
23:00:00 056	########################### LAUNCH ###############################
23:00:00 056	Roof opening
23:00:00 057	IR2010 <-- 17PING 
23:00:00 057	IR2010 --> PING LAST DATA SONDE 1s AGO, Alt=98.0m Ascent=0.0m/s Lat=41.384491 Lng=2.117519 T=19.3°C U=27.3% GpsTime=82815
23:00:16 170	Roof open
23:00:16 280	IR2010 <-- 14SOL DD=347° :FF=1.6M/S :T=8.65°C :U=62.5%
23:00:16 345	Balloon [ 5 ] release   (wind 1.6 m/s   347°)
23:00:16 345	IR2010 <-- 08LACHER EFFECTUE
23:00:17 322	Sonde [ 5 ] OUT
23:00:18 111	Balloon absence low 
23:00:18 596	Balloon absence high
23:00:25 375	Roof closure
23:00:41 942	Roof closed
23:00:49 692	IR2010 --> DEPART DETECTE
00:36:03 842	IR2010 --> SONDAGE OK 26601m 17.7hPa 4.6m/s
00:36:03 846	IR2010 <-- 16ARRET
00:36:03 881	======================= Radiosounding end ========================
00:36:03 881	Next launch : 05 janv. 11:00

