
10:50:00 690	======================= Launch planned 11:00 =====================
10:50:00 690	Sondes list :   X   X   X   2.9   2.9   2.9   X   X   X   X   X   X
10:50:00 690	Flowmeter : 21.2°C, 1.319 bar
10:50:00 690	Wind OK    (0.3 m/s   103°)
10:50:00 956	Radiosounding software connection
10:50:06 010	IR2010 --> STATION OK. PRESSION BARO=1013.5
10:50:06 010	IR2010 <-- 11404.0 MHz ?
10:50:16 150	IR2010 --> FREQUENCE LIBRE
10:50:16 150	IR2010 <-- 14SOL DD=107° :FF=0.4M/S :T=13.95°C :U=60.6%
10:50:16 150	Relaunch parameters 10min 300hPa
10:50:16 322	############## SONDE [ 4 ] 612213334   404.000 MHz ##############
10:50:16 322	Age sonde 2.9, balloon 2.9, position 01h
10:50:16 322	IR2010 <-- 12SONDE EN MARCHE EFFECTUE :SN=612213334 :TR=215Cx10 :TC=213Cx10 :KT=099298 :UR=34% :UC=36% :KU=0000
10:51:03 839	IR2010 --> FICHIERS CREES=c:\gpsonde\Data\2019\BA201902181051.cor
10:51:03 839	IR2010 --> SONDE 612213334 OK : 21.0°C 42.5% 5.6V
10:51:03 839	Camera: 20190218_1051_1.jpg
10:51:11 561	############## INFLATION 1100 l, Source 1, 1.319 bar #############
10:51:33 370	Balloon detection low     (50 l, 166 l/mn, 1.335 bar)
10:52:33 602	Balloon detection high    (216 l, 166 l/mn, 1.337 bar)
10:57:54 323	Inflation end [ 4 ]      (1101 l, 165.8 l/min, remaining 19.6 m3 / 36.0 m3)
10:58:59 110	Gas pressure 1.080 bar -> 1.402 bar  (+0.322 bar/min)
11:00:00 980	########################### LAUNCH ###############################
11:00:00 980	Roof opening
11:00:00 980	IR2010 <-- 17PING 
11:00:00 980	IR2010 --> PING LAST DATA SONDE 1s AGO, Alt=98.0m Ascent=0.0m/s Lat=41.384490 Lng=2.117462 T=20.8°C U=42.3% GpsTime=39620
11:00:15 987	Roof open
11:00:16 190	IR2010 <-- 14SOL DD=091° :FF=2.4M/S :T=13.77°C :U=61.4%
11:00:16 751	Balloon [ 4 ] release   (wind 2.4 m/s   91°)
11:00:16 751	IR2010 <-- 08LACHER EFFECTUE
11:00:17 968	Sonde [ 4 ] OUT
11:00:19 029	Balloon absence high
11:00:19 029	Balloon absence low 
11:00:25 300	Roof closure
11:00:40 994	Roof closed
11:01:29 088	IR2010 --> DEPART DETECTE
13:01:07 597	IR2010 --> SONDAGE OK 29221m 12.2hPa 4.1m/s
13:01:07 613	IR2010 <-- 16ARRET
13:01:07 613	======================= Radiosounding end ========================
13:01:07 613	Next launch : 18 feb 23:00

16:52:57 227	Chargement/loading [ 2 ]
16:54:17 786	Door open
16:55:01 700	GC value sonde ON: 38.9%
16:55:05 865	GC value sonde OFF: 39.0%
16:56:48 373	Chargement/Loading [ 2 ] 205211933 5.8V 6436Hz TR=218Cx10:TC=218Cx10:KT=099818:UR=39%:UC=38%:KU=0000
16:57:08 450	Chargement/loading [ 3 ]
16:57:57 528	GC value sonde ON: 42.0%
16:58:01 241	GC value sonde OFF: 41.9%
17:00:43 512	Chargement/Loading [ 3 ] 810210394 6.1V 6448Hz TR=218Cx10:TC=222Cx10:KT=101460:UR=42%:UC=43%:KU=0000
17:00:44 339	Chargement/loading [ 4 ]
17:02:01 668	GC value sonde ON: 41.9%
17:02:05 631	GC value sonde OFF: 41.8%
17:04:26 561	Chargement/Loading [ 4 ] 205212114 6.0V 6454Hz TR=218Cx10:TC=217Cx10:KT=099599:UR=42%:UC=42%:KU=0000
17:04:27 279	Chargement/loading [ 7 ]
17:05:46 527	GC value sonde ON: 41.4%
17:05:50 801	GC value sonde OFF: 41.4%
17:08:30 093	Chargement/Loading [ 7 ] 810210940 6.1V 6487Hz TR=219Cx10:TC=218Cx10:KT=099669:UR=41%:UC=42%:KU=0000
17:08:30 998	Chargement/loading [ 8 ]
17:09:32 525	GC value sonde ON: 41.7%
17:09:36 846	GC value sonde OFF: 41.7%
17:12:47 010	Chargement/Loading [ 8 ] 810210943 6.1V 6467Hz TR=218Cx10:TC=218Cx10:KT=100097:UR=42%:UC=44%:KU=0000
17:12:47 868	Chargement/loading [ 9 ]
17:14:37 349	Radio problem during stabilization
17:15:53 275	Chargement/loading [ 9 ]
17:16:11 651	Radio problem during stabilization
17:18:45 031	Chargement/loading [ 9 ]
17:18:50 444	Sonde non détectée dans le groundcheck                                < ERROR
17:20:34 652	GC value sonde ON: 42.2%
17:20:39 036	GC value sonde OFF: 42.2%
17:21:56 927	Chargement/Loading [ 9 ] 710211761 6.1V 6508Hz TR=219Cx10:TC=217Cx10:KT=099186:UR=42%:UC=43%:KU=0000
17:21:57 722	Chargement/loading [ 10 ]
17:23:15 629	GC value sonde ON: 41.8%
17:23:20 215	GC value sonde OFF: 41.9%
17:24:22 522	Chargement/Loading [ 10 ] 107211666 5.9V 6430Hz TR=219Cx10:TC=219Cx10:KT=100049:UR=42%:UC=39%:KU=6355
17:24:23 193	Chargement/loading [ 11 ]
17:25:04 267	Sonde non détectée dans le groundcheck                                < ERROR
17:28:31 888	Radio problem during stabilization
17:29:17 862	Chargement/loading [ 11 ]
17:29:53 008	Radio problem during stabilization
17:30:29 980	Chargement/loading [ 11 ]
17:30:47 718	Sonde non détectée dans le groundcheck                                < ERROR
17:31:21 228	Radio problem during stabilization
17:34:35 626	Chargement/loading [ 11 ]
17:35:22 598	GC value sonde ON: 42.5%
17:35:26 310	GC value sonde OFF: 42.5%
17:36:20 989	Chargement/Loading [ 11 ] 612213481 6.0V 6448Hz TR=220Cx10:TC=218Cx10:KT=099168:UR=43%:UC=43%:KU=0000
17:36:21 628	Chargement/loading [ 12 ]
17:37:46 773	GC value sonde ON: 42.2%
17:37:51 328	GC value sonde OFF: 42.3%
17:38:47 114	Chargement/Loading [ 12 ] 804212413 6.1V 6423Hz TR=220Cx10:TC=222Cx10:KT=100790:UR=42%:UC=41%:KU=0000
17:38:51 201	Door closed

22:50:00 425	======================= Launch planned 23:00 =====================
22:50:00 425	Sondes list :   X   0.2   0.2   0.2   3.4   3.4   0.2   0.2   0.2   0.2   0.2   0.2
22:50:00 425	Flowmeter : 18.9°C, 1.292 bar
22:50:00 425	Wind OK    (0.5 m/s   94°)
22:50:00 752	Radiosounding software connection
22:50:05 807	IR2010 --> STATION OK. PRESSION BARO=1012.1
22:50:05 807	IR2010 <-- 11404.0 MHz ?
22:50:14 948	IR2010 --> FREQUENCE LIBRE
22:50:14 948	IR2010 <-- 14SOL DD=091° :FF=0.3M/S :T=11.55°C :U=73.4%
22:50:14 948	Relaunch parameters 10min 300hPa
22:50:15 370	############## SONDE [ 5 ] 707211807   404.000 MHz ##############
22:50:15 370	Age sonde 3.4, balloon 3.4, position 10h
22:50:15 370	IR2010 <-- 12SONDE EN MARCHE EFFECTUE :SN=707211807 :TR=213Cx10 :TC=211Cx10 :KT=099058 :UR=34% :UC=35% :KU=0000
22:51:02 638	IR2010 --> FICHIERS CREES=c:\gpsonde\Data\2019\BA201902182251.cor
22:51:02 638	IR2010 --> SONDE 707211807 OK : 17.5°C 51.1% 5.7V
22:51:02 638	Camera: 20190218_2251_1.jpg
22:52:06 691	############## INFLATION 1100 l, Source 1, 1.292 bar #############
22:52:23 025	Balloon detection low     (37 l, 167 l/mn, 1.347 bar)
22:53:28 124	Balloon detection high    (217 l, 167 l/mn, 1.348 bar)
22:58:48 283	Inflation end [ 5 ]      (1101 l, 166.5 l/min, remaining 18.3 m3 / 36.0 m3)
22:59:52 586	Gas pressure 1.073 bar -> 1.411 bar  (+0.338 bar/min)
23:00:00 714	########################### LAUNCH ###############################
23:00:00 714	Roof opening
23:00:00 714	IR2010 <-- 17PING 
23:00:00 714	IR2010 --> PING LAST DATA SONDE 0s AGO, Alt=98.0m Ascent=0.0m/s Lat=41.384518 Lng=2.117479 T=16.5°C U=50.6% GpsTime=82821
23:00:15 752	Roof open
23:00:15 924	IR2010 <-- 14SOL DD=357° :FF=1.9M/S :T=11.42°C :U=75.9%
23:00:16 563	Balloon [ 5 ] release   (wind 1.9 m/s   357°)
23:00:16 563	IR2010 <-- 08LACHER EFFECTUE
23:00:17 780	Sonde [ 5 ] OUT
23:00:18 794	Balloon absence high
23:00:18 794	Balloon absence low 
23:00:25 034	Roof closure
23:00:39 308	IR2010 --> DEPART DETECTE
23:00:40 728	Roof closed
23:27:00 433	IR2010 --> SONDAGE KO. CAUSE=End before 300 hPa 7175m 400.3hPa 5.1m/s
23:27:00 433	            -------------------------------///-------------------------------
23:27:00 465	IR2010 <-- 11403.6 MHz ?
23:27:10 558	IR2010 --> FREQUENCE LIBRE
23:27:10 558	IR2010 <-- 14SOL DD=025° :FF=1.1M/S :T=11.38°C :U=75.6%
23:27:10 558	Relaunch parameters 10min 300hPa
23:27:10 636	############## SONDE [ 4 ] 205212114   403.600 MHz ##############
23:27:10 636	Age sonde 0.3, balloon 0.3, position 11h
23:27:10 636	IR2010 <-- 12SONDE EN MARCHE EFFECTUE :SN=205212114 :TR=218Cx10 :TC=217Cx10 :KT=099599 :UR=42% :UC=42% :KU=0000
23:27:20 698	IR2010 --> RESET SONDE 205212114. CAUSE=SONDE NOT RECEIVED
23:27:20 916	IR2010 <-- 13RESET SONDE EFFECTUE
23:27:30 838	IR2010 --> RESET SONDE 205212114. CAUSE=SONDE NOT RECEIVED
23:27:31 259	            -------------------------------///-------------------------------
23:27:31 259	IR2010 <-- 11403.2 MHz ?
23:27:40 978	IR2010 --> FREQUENCE LIBRE
23:27:40 978	IR2010 <-- 14SOL DD=017° :FF=1.1M/S :T=11.38°C :U=75.6%
23:27:40 978	Relaunch parameters 10min 300hPa
23:27:41 524	############## SONDE [ 3 ] 810210394   403.200 MHz ##############
23:27:41 524	Age sonde 0.3, balloon 0.3, position 10h
23:27:41 524	IR2010 <-- 12SONDE EN MARCHE EFFECTUE :SN=810210394 :TR=218Cx10 :TC=222Cx10 :KT=101460 :UR=42% :UC=43% :KU=0000
23:28:26 624	IR2010 --> FICHIERS CREES=c:\gpsonde\Data\2019\BA201902182328.cor
23:28:26 624	IR2010 --> SONDE 810210394 OK : 17.5°C 49.2% 6.0V
23:28:26 624	Camera: 20190218_2328_1.jpg
23:28:41 194	############## INFLATION 1100 l, Source 1, 1.409 bar #############
23:29:06 045	Balloon detection low     (58 l, 167 l/mn, 1.339 bar)
23:30:05 060	Balloon detection high    (225 l, 167 l/mn, 1.340 bar)
23:35:21 475	Inflation end [ 3 ]      (1101 l, 166.7 l/min, remaining 17.0 m3 / 36.0 m3)
23:35:21 475	########################### LAUNCH ###############################
23:35:21 475	Roof opening
23:35:21 475	IR2010 <-- 17PING 
23:35:21 475	IR2010 --> PING LAST DATA SONDE 0s AGO, Alt=98.0m Ascent=0.0m/s Lat=41.384493 Lng=2.117500 T=17.4°C U=51.1% GpsTime=84942
23:35:37 247	Roof open
23:35:38 245	IR2010 <-- 14SOL DD=009° :FF=1.3M/S :T=11.35°C :U=75.8%
23:35:38 573	Balloon [ 3 ] release   (wind 1.3 m/s   9°)
23:35:38 573	IR2010 <-- 08LACHER EFFECTUE
23:35:40 398	Sonde [ 3 ] OUT
23:35:41 506	Balloon absence low 
23:35:42 114	Balloon absence high
23:35:48 370	Roof closure
23:36:04 734	Roof closed
23:36:07 261	IR2010 --> DEPART DETECTE
23:36:25 888	Gas pressure 1.065 bar -> 1.405 bar  (+0.340 bar/min)
00:41:00 763	IR2010 --> SONDAGE OK 18876m 63.1hPa 4.9m/s
00:41:00 763	IR2010 <-- 16ARRET
00:41:00 778	======================= Radiosounding end ========================
00:41:00 778	Next launch : 19 feb 11:00

