
10:50:00 557	======================= Launch planned 11:00 =====================
10:50:00 557	Sondes list :   X   X   X   X   X   X   X   X   2.8   2.8   2.8   X
10:50:00 557	Flowmeter : 17.8°C, 1.316 bar
10:50:00 557	Wind OK    (1.2 m/s   207°)
10:50:00 807	Radiosounding software connection
10:50:05 861	IR2010 --> STATION OK. PRESSION BARO=1023.2
10:50:05 861	IR2010 <-- 11404.0 MHz ?
10:50:16 001	IR2010 --> FREQUENCE LIBRE
10:50:16 001	IR2010 <-- 14SOL DD=228° :FF=0.8M/S :T=15.90°C :U=40.9%
10:50:16 001	Relaunch parameters 10min 300hPa
10:50:16 204	############## SONDE [ 9 ] 804212439   404.000 MHz ##############
10:50:16 204	Age sonde 2.8, balloon 2.8, position 01h
10:50:16 204	IR2010 <-- 12SONDE EN MARCHE EFFECTUE :SN=804212439 :TR=215Cx10 :TC=213Cx10 :KT=099043 :UR=40% :UC=39% :KU=0000
10:51:00 649	IR2010 --> FICHIERS CREES=c:\gpsonde\Data\2019\BA201902241051.cor
10:51:00 649	IR2010 --> SONDE 804212439 OK : 19.6°C 33.8% 5.7V
10:51:00 649	Camera: 20190224_1051_1.jpg
10:51:08 168	############## INFLATION 1100 l, Source 1, 1.316 bar #############
10:51:28 760	Balloon detection low     (53 l, 166 l/mn, 1.401 bar)
10:52:26 090	Balloon detection high    (210 l, 166 l/mn, 1.406 bar)
10:57:47 045	Inflation end [ 9 ]      (1101 l, 167.0 l/min, remaining 0.0 m3 / 36.0 m3)
10:58:51 879	Gas pressure 1.118 bar -> 1.414 bar  (+0.296 bar/min)
11:00:00 846	########################### LAUNCH ###############################
11:00:00 846	Roof opening
11:00:00 846	IR2010 <-- 17PING 
11:00:00 846	IR2010 --> PING LAST DATA SONDE 1s AGO, Alt=98.0m Ascent=0.0m/s Lat=41.384466 Lng=2.117510 T=19.7°C U=31.1% GpsTime=39618
11:00:15 776	Roof open
11:00:16 056	IR2010 <-- 14SOL DD=039° :FF=1.6M/S :T=16.06°C :U=41.2%
11:00:16 166	Balloon [ 9 ] release   (wind 1.6 m/s   39°)
11:00:16 166	IR2010 <-- 08LACHER EFFECTUE
11:00:17 382	Sonde [ 9 ] OUT
11:00:18 209	Balloon absence low 
11:00:18 818	Balloon absence high
11:00:25 167	Roof closure
11:00:39 987	IR2010 --> DEPART DETECTE
11:00:40 751	Roof closed
12:42:03 685	IR2010 --> SONDAGE OK 29520m 12.1hPa 4.8m/s
12:42:03 685	IR2010 <-- 16ARRET
12:42:03 685	======================= Radiosounding end ========================
12:42:03 685	Next launch : 24 feb 23:00


22:50:00 278	======================= Launch planned 23:00 =====================
22:50:00 278	Sondes list :   X   X   X   X   X   X   X   X   X   3.3   3.3   X
22:50:00 278	Flowmeter : 19.1°C, 1.311 bar
22:50:00 278	Wind OK    (0.6 m/s   28°)
22:50:00 621	Radiosounding software connection
22:50:05 676	IR2010 --> STATION OK. PRESSION BARO=1022.8
22:50:05 676	IR2010 <-- 11404.0 MHz ?
22:50:14 817	IR2010 --> FREQUENCE LIBRE
22:50:14 817	IR2010 <-- 14SOL DD=039° :FF=0.5M/S :T=10.54°C :U=70.1%
22:50:14 817	Relaunch parameters 10min 300hPa
22:50:15 316	############## SONDE [ 10 ] 710211862   404.000 MHz ##############
22:50:15 316	Age sonde 3.3, balloon 3.3, position 01h
22:50:15 316	IR2010 <-- 12SONDE EN MARCHE EFFECTUE :SN=710211862 :TR=215Cx10 :TC=211Cx10 :KT=098584 :UR=40% :UC=37% :KU=6378
22:50:58 450	IR2010 --> FICHIERS CREES=c:\gpsonde\Data\2019\BA201902242250.cor
22:50:58 450	IR2010 --> SONDE 710211862 OK : 18.1°C 47.1% 5.6V
22:50:58 450	Camera: 20190224_2250_1.jpg
22:51:06 048	############## INFLATION 1100 l, Source 1, 1.310 bar #############
22:51:27 856	Balloon detection low     (56 l, 168 l/mn, 1.406 bar)
22:52:25 655	Balloon detection high    (217 l, 168 l/mn, 1.412 bar)
22:57:43 630	Inflation end [ 10 ]      (1102 l, 167.0 l/min, remaining 0.0 m3 / 36.0 m3)
22:58:47 543	Gas pressure 1.070 bar -> 1.417 bar  (+0.347 bar/min)
23:00:00 567	########################### LAUNCH ###############################
23:00:00 567	Roof opening
23:00:00 567	IR2010 <-- 17PING 
23:00:00 567	IR2010 --> PING LAST DATA SONDE 0s AGO, Alt=98.0m Ascent=0.0m/s Lat=41.384482 Lng=2.117452 T=17.5°C U=40.7% GpsTime=82819
23:00:15 964	Roof open
23:00:16 791	IR2010 <-- 14SOL DD=019° :FF=1.5M/S :T=10.41°C :U=70.5%
23:00:17 009	Balloon [ 10 ] release   (wind 1.5 m/s   19°)
23:00:17 009	IR2010 <-- 08LACHER EFFECTUE
23:00:18 226	Sonde [ 10 ] OUT
23:00:19 615	Balloon absence high
23:00:20 223	Balloon absence low 
23:00:26 915	Roof closure
23:00:41 174	IR2010 --> DEPART DETECTE
23:00:43 373	Roof closed
23:55:25 838	IR2010 --> SONDAGE OK 13312m 161.1hPa 4.9m/s
23:55:25 853	IR2010 <-- 16ARRET
23:55:25 869	======================= Radiosounding end ========================
23:55:25 869	Next launch : 25 feb 11:00

